Log file open, 01/27/18 14:40:12
LogWindows: Failed to load 'aqProf.dll' (GetLastError=126)
LogWindows: File 'aqProf.dll' does not exist
LogWindows: Failed to load 'VtuneApi.dll' (GetLastError=126)
LogWindows: File 'VtuneApi.dll' does not exist
LogWindows: Failed to load 'VtuneApi32e.dll' (GetLastError=126)
LogWindows: File 'VtuneApi32e.dll' does not exist
LogInit: Display: Running engine for game: BearPressure
LogPlatformFile: Not using cached read wrapper
LogInit: Display: RandInit(-1590824369) SRandInit(-1590824369).
LogInit: Read version file with build ID '3709383'
LogInit: Overriding engine version to CL 3754814, compatible CL 3709383
LogInit: Registered custom module enumerator with build ID '3709383'
LogTaskGraph: Started task graph with 5 named threads and 14 total threads with 3 sets of task threads.
LogStats: Stats thread started at 0.164845
LogD3D11RHI: Aftermath initialized
LogModuleManager: Display: Found up-to-date module file ../../../Engine/Plugins/Marketplace/LowEntryExtStdLib/Binaries/Win64/UE4Editor-LowEntryExtendedStandardLibrary.dll (API version 3709383).
LogModuleManager: Display: Found up-to-date module file ../../../Engine/Plugins/Marketplace/LowEntryExtStdLib/Binaries/Win64/UE4Editor-LowEntryExtendedStandardLibraryEditor.dll (API version 3709383).
LogModuleManager: Display: Found up-to-date module file ../../../Engine/Plugins/2D/Paper2D/Binaries/Win64/UE4Editor-Paper2D.dll (API version 3709383).
LogModuleManager: Display: Found up-to-date module file ../../../Engine/Plugins/2D/Paper2D/Binaries/Win64/UE4Editor-Paper2DEditor.dll (API version 3709383).
LogModuleManager: Display: Found up-to-date module file ../../../Engine/Plugins/2D/Paper2D/Binaries/Win64/UE4Editor-PaperSpriteSheetImporter.dll (API version 3709383).
LogModuleManager: Display: Found up-to-date module file ../../../Engine/Plugins/2D/Paper2D/Binaries/Win64/UE4Editor-PaperTiledImporter.dll (API version 3709383).
LogModuleManager: Display: Found up-to-date module file ../../../Engine/Plugins/2D/Paper2D/Binaries/Win64/UE4Editor-SmartSnapping.dll (API version 3709383).
LogModuleManager: Display: Found up-to-date module file ../../../Engine/Plugins/Blendables/LightPropagationVolume/Binaries/Win64/UE4Editor-LightPropagationVolumeRuntime.dll (API version 3709383).
LogModuleManager: Display: Found up-to-date module file ../../../Engine/Plugins/Blendables/LightPropagationVolume/Binaries/Win64/UE4Editor-LightPropagationVolumeEditor.dll (API version 3709383).
LogModuleManager: Display: Found up-to-date module file ../../../Engine/Plugins/Developer/GitSourceControl/Binaries/Win64/UE4Editor-GitSourceControl.dll (API version 3709383).
LogModuleManager: Display: Found up-to-date module file ../../../Engine/Plugins/Developer/PerforceSourceControl/Binaries/Win64/UE4Editor-PerforceSourceControl.dll (API version 3709383).
LogModuleManager: Display: Found up-to-date module file ../../../Engine/Plugins/Developer/SubversionSourceControl/Binaries/Win64/UE4Editor-SubversionSourceControl.dll (API version 3709383).
LogModuleManager: Display: Found up-to-date module file ../../../Engine/Plugins/Developer/UObjectPlugin/Binaries/Win64/UE4Editor-UObjectPlugin.dll (API version 3709383).
LogModuleManager: Display: Found up-to-date module file ../../../Engine/Plugins/Developer/VisualStudioCodeSourceCodeAccess/Binaries/Win64/UE4Editor-VisualStudioCodeSourceCodeAccess.dll (API version 3709383).
LogModuleManager: Display: Found up-to-date module file ../../../Engine/Plugins/Developer/VisualStudioSourceCodeAccess/Binaries/Win64/UE4Editor-VisualStudioSourceCodeAccess.dll (API version 3709383).
LogModuleManager: Display: Found up-to-date module file ../../../Engine/Plugins/Editor/AssetManagerEditor/Binaries/Win64/UE4Editor-AssetManagerEditor.dll (API version 3709383).
LogModuleManager: Display: Found up-to-date module file ../../../Engine/Plugins/Editor/AudioCapture/Binaries/Win64/UE4Editor-AudioCapture.dll (API version 3709383).
LogModuleManager: Display: Found up-to-date module file ../../../Engine/Plugins/Editor/FacialAnimation/Binaries/Win64/UE4Editor-FacialAnimation.dll (API version 3709383).
LogModuleManager: Display: Found up-to-date module file ../../../Engine/Plugins/Editor/FacialAnimation/Binaries/Win64/UE4Editor-FacialAnimationEditor.dll (API version 3709383).
LogModuleManager: Display: Found up-to-date module file ../../../Engine/Plugins/Editor/GameplayTagsEditor/Binaries/Win64/UE4Editor-GameplayTagsEditor.dll (API version 3709383).
LogModuleManager: Display: Found up-to-date module file ../../../Engine/Plugins/Editor/MobileLauncherProfileWizard/Binaries/Win64/UE4Editor-MobileLauncherProfileWizard.dll (API version 3709383).
LogModuleManager: Display: Found up-to-date module file ../../../Engine/Plugins/Editor/PluginBrowser/Binaries/Win64/UE4Editor-PluginBrowser.dll (API version 3709383).
LogModuleManager: Display: Found up-to-date module file ../../../Engine/Plugins/Editor/SpeedTreeImporter/Binaries/Win64/UE4Editor-SpeedTreeImporter.dll (API version 3709383).
LogModuleManager: Display: Found up-to-date module file ../../../Engine/Plugins/Experimental/AlembicImporter/Binaries/Win64/UE4Editor-AlembicImporter.dll (API version 3709383).
LogModuleManager: Display: Found up-to-date module file ../../../Engine/Plugins/Experimental/AlembicImporter/Binaries/Win64/UE4Editor-AlembicLibrary.dll (API version 3709383).
LogModuleManager: Display: Found up-to-date module file ../../../Engine/Plugins/Experimental/CharacterAI/Binaries/Win64/UE4Editor-CharacterAI.dll (API version 3709383).
LogModuleManager: Display: Found up-to-date module file ../../../Engine/Plugins/Experimental/HTML5Networking/Binaries/Win64/UE4Editor-HTML5Networking.dll (API version 3709383).
LogModuleManager: Display: Found up-to-date module file ../../../Engine/Plugins/Media/AndroidMedia/Binaries/Win64/UE4Editor-AndroidMediaEditor.dll (API version 3709383).
LogModuleManager: Display: Found up-to-date module file ../../../Engine/Plugins/Media/AndroidMedia/Binaries/Win64/UE4Editor-AndroidMediaFactory.dll (API version 3709383).
LogModuleManager: Display: Found up-to-date module file ../../../Engine/Plugins/Media/AvfMedia/Binaries/Win64/UE4Editor-AvfMediaEditor.dll (API version 3709383).
LogModuleManager: Display: Found up-to-date module file ../../../Engine/Plugins/Media/AvfMedia/Binaries/Win64/UE4Editor-AvfMediaFactory.dll (API version 3709383).
LogModuleManager: Display: Found up-to-date module file ../../../Engine/Plugins/Media/AvfMedia/Binaries/Win64/UE4Editor-AvfMediaFactory.dll (API version 3709383).
LogModuleManager: Display: Found up-to-date module file ../../../Engine/Plugins/Media/ImgMedia/Binaries/Win64/UE4Editor-ImgMedia.dll (API version 3709383).
LogModuleManager: Display: Found up-to-date module file ../../../Engine/Plugins/Media/ImgMedia/Binaries/Win64/UE4Editor-ImgMediaEditor.dll (API version 3709383).
LogModuleManager: Display: Found up-to-date module file ../../../Engine/Plugins/Media/ImgMedia/Binaries/Win64/UE4Editor-ImgMediaFactory.dll (API version 3709383).
LogModuleManager: Display: Found up-to-date module file ../../../Engine/Plugins/Media/ImgMedia/Binaries/Win64/UE4Editor-ImgMediaFactory.dll (API version 3709383).
LogModuleManager: Display: Found up-to-date module file ../../../Engine/Plugins/Media/ImgMedia/Binaries/Win64/UE4Editor-OpenExrWrapper.dll (API version 3709383).
LogModuleManager: Display: Found up-to-date module file ../../../Engine/Plugins/Media/MediaCompositing/Binaries/Win64/UE4Editor-MediaCompositing.dll (API version 3709383).
LogModuleManager: Display: Found up-to-date module file ../../../Engine/Plugins/Media/MediaCompositing/Binaries/Win64/UE4Editor-MediaCompositingEditor.dll (API version 3709383).
LogModuleManager: Display: Found up-to-date module file ../../../Engine/Plugins/Media/MediaPlayerEditor/Binaries/Win64/UE4Editor-MediaPlayerEditor.dll (API version 3709383).
LogModuleManager: Display: Found up-to-date module file ../../../Engine/Plugins/Media/WmfMedia/Binaries/Win64/UE4Editor-WmfMedia.dll (API version 3709383).
LogModuleManager: Display: Found up-to-date module file ../../../Engine/Plugins/Media/WmfMedia/Binaries/Win64/UE4Editor-WmfMediaEditor.dll (API version 3709383).
LogModuleManager: Display: Found up-to-date module file ../../../Engine/Plugins/Media/WmfMedia/Binaries/Win64/UE4Editor-WmfMediaFactory.dll (API version 3709383).
LogModuleManager: Display: Found up-to-date module file ../../../Engine/Plugins/Media/WmfMedia/Binaries/Win64/UE4Editor-WmfMediaFactory.dll (API version 3709383).
LogModuleManager: Display: Found up-to-date module file ../../../Engine/Plugins/Messaging/TcpMessaging/Binaries/Win64/UE4Editor-TcpMessaging.dll (API version 3709383).
LogModuleManager: Display: Found up-to-date module file ../../../Engine/Plugins/Messaging/UdpMessaging/Binaries/Win64/UE4Editor-UdpMessaging.dll (API version 3709383).
LogModuleManager: Display: Found up-to-date module file ../../../Engine/Plugins/MovieScene/ActorSequence/Binaries/Win64/UE4Editor-ActorSequence.dll (API version 3709383).
LogModuleManager: Display: Found up-to-date module file ../../../Engine/Plugins/MovieScene/LevelSequenceEditor/Binaries/Win64/UE4Editor-LevelSequenceEditor.dll (API version 3709383).
LogModuleManager: Display: Found up-to-date module file ../../../Engine/Plugins/MovieScene/MatineeToLevelSequence/Binaries/Win64/UE4Editor-MatineeToLevelSequence.dll (API version 3709383).
LogModuleManager: Display: Found up-to-date module file ../../../Engine/Plugins/Online/OnlineSubsystem/Binaries/Win64/UE4Editor-OnlineSubsystem.dll (API version 3709383).
LogModuleManager: Display: Found up-to-date module file ../../../Engine/Plugins/Runtime/AndroidPermission/Binaries/Win64/UE4Editor-AndroidPermission.dll (API version 3709383).
LogModuleManager: Display: Found up-to-date module file ../../../Engine/Plugins/Online/OnlineSubsystemNull/Binaries/Win64/UE4Editor-OnlineSubsystemNull.dll (API version 3709383).
LogModuleManager: Display: Found up-to-date module file ../../../Engine/Plugins/Online/OnlineSubsystemUtils/Binaries/Win64/UE4Editor-OnlineSubsystemUtils.dll (API version 3709383).
LogModuleManager: Display: Found up-to-date module file ../../../Engine/Plugins/Online/OnlineSubsystemUtils/Binaries/Win64/UE4Editor-OnlineBlueprintSupport.dll (API version 3709383).
LogModuleManager: Display: Found up-to-date module file ../../../Engine/Plugins/Runtime/AndroidDeviceProfileSelector/Binaries/Win64/UE4Editor-AndroidDeviceProfileSelector.dll (API version 3709383).
LogModuleManager: Display: Found up-to-date module file ../../../Engine/Plugins/Runtime/AppleARKit/Binaries/Win64/UE4Editor-AppleARKit.dll (API version 3709383).
LogModuleManager: Display: Found up-to-date module file ../../../Engine/Plugins/Runtime/ArchVisCharacter/Binaries/Win64/UE4Editor-ArchVisCharacter.dll (API version 3709383).
LogModuleManager: Display: Found up-to-date module file ../../../Engine/Plugins/Runtime/CableComponent/Binaries/Win64/UE4Editor-CableComponent.dll (API version 3709383).
LogModuleManager: Display: Found up-to-date module file ../../../Engine/Plugins/Runtime/CustomMeshComponent/Binaries/Win64/UE4Editor-CustomMeshComponent.dll (API version 3709383).
LogModuleManager: Display: Found up-to-date module file ../../../Engine/Plugins/Runtime/ExampleDeviceProfileSelector/Binaries/Win64/UE4Editor-ExampleDeviceProfileSelector.dll (API version 3709383).
LogModuleManager: Display: Found up-to-date module file ../../../Engine/Plugins/Runtime/ImmediatePhysics/Binaries/Win64/UE4Editor-ImmediatePhysics.dll (API version 3709383).
LogModuleManager: Display: Found up-to-date module file ../../../Engine/Plugins/Runtime/ImmediatePhysics/Binaries/Win64/UE4Editor-ImmediatePhysicsEditor.dll (API version 3709383).
LogModuleManager: Display: Found up-to-date module file ../../../Engine/Plugins/Runtime/LocationServicesBPLibrary/Binaries/Win64/UE4Editor-LocationServicesBPLibrary.dll (API version 3709383).
LogModuleManager: Display: Found up-to-date module file ../../../Engine/Plugins/Runtime/MobilePatchingUtils/Binaries/Win64/UE4Editor-MobilePatchingUtils.dll (API version 3709383).
LogModuleManager: Display: Found up-to-date module file ../../../Engine/Plugins/Runtime/Oculus/OculusVR/Binaries/Win64/UE4Editor-OculusHMD.dll (API version 3709383).
LogModuleManager: Display: Found up-to-date module file ../../../Engine/Plugins/Runtime/Oculus/OculusVR/Binaries/Win64/UE4Editor-OculusInput.dll (API version 3709383).
LogModuleManager: Display: Found up-to-date module file ../../../Engine/Plugins/Runtime/Oculus/OculusVR/Binaries/Win64/UE4Editor-OculusEditor.dll (API version 3709383).
LogModuleManager: Display: Found up-to-date module file ../../../Engine/Plugins/Runtime/PhysXVehicles/Binaries/Win64/UE4Editor-PhysXVehicles.dll (API version 3709383).
LogModuleManager: Display: Found up-to-date module file ../../../Engine/Plugins/Runtime/PhysXVehicles/Binaries/Win64/UE4Editor-PhysXVehiclesEditor.dll (API version 3709383).
LogModuleManager: Display: Found up-to-date module file ../../../Engine/Plugins/Runtime/ProceduralMeshComponent/Binaries/Win64/UE4Editor-ProceduralMeshComponent.dll (API version 3709383).
LogModuleManager: Display: Found up-to-date module file ../../../Engine/Plugins/Runtime/ProceduralMeshComponent/Binaries/Win64/UE4Editor-ProceduralMeshComponentEditor.dll (API version 3709383).
LogModuleManager: Display: Found up-to-date module file ../../../Engine/Plugins/Runtime/RuntimePhysXCooking/Binaries/Win64/UE4Editor-RuntimePhysXCooking.dll (API version 3709383).
LogModuleManager: Display: Found up-to-date module file ../../../Engine/Plugins/Runtime/Steam/SteamVR/Binaries/Win64/UE4Editor-SteamVR.dll (API version 3709383).
LogModuleManager: Display: Found up-to-date module file ../../../Engine/Plugins/Runtime/Steam/SteamVR/Binaries/Win64/UE4Editor-SteamVRController.dll (API version 3709383).
LogModuleManager: Display: Found up-to-date module file ../../../Engine/Plugins/Runtime/WindowsMoviePlayer/Binaries/Win64/UE4Editor-WindowsMoviePlayer.dll (API version 3709383).
LogPluginManager: Mounting plugin Paper2D
LogPluginManager: Mounting plugin LightPropagationVolume
LogPluginManager: Mounting plugin CodeLiteSourceCodeAccess
LogPluginManager: Mounting plugin GitSourceControl
LogPluginManager: Mounting plugin KDevelopSourceCodeAccess
LogPluginManager: Mounting plugin NullSourceCodeAccess
LogPluginManager: Mounting plugin PerforceSourceControl
LogPluginManager: Mounting plugin SubversionSourceControl
LogPluginManager: Mounting plugin UObjectPlugin
LogPluginManager: Mounting plugin VisualStudioCodeSourceCodeAccess
LogPluginManager: Mounting plugin VisualStudioSourceCodeAccess
LogPluginManager: Mounting plugin XCodeSourceCodeAccess
LogPluginManager: Mounting plugin AssetManagerEditor
LogPluginManager: Mounting plugin AudioCapture
LogPluginManager: Mounting plugin FacialAnimation
LogPluginManager: Mounting plugin GameplayTagsEditor
LogPluginManager: Mounting plugin MobileLauncherProfileWizard
LogPluginManager: Mounting plugin PluginBrowser
LogPluginManager: Mounting plugin SpeedTreeImporter
LogPluginManager: Mounting plugin AlembicImporter
LogPluginManager: Mounting plugin CharacterAI
LogPluginManager: Mounting plugin HTML5Networking
LogPluginManager: Mounting plugin LowEntryExtStdLib
LogPluginManager: Mounting plugin AndroidMedia
LogPluginManager: Mounting plugin AvfMedia
LogPluginManager: Mounting plugin ImgMedia
LogPluginManager: Mounting plugin MediaCompositing
LogPluginManager: Mounting plugin MediaPlayerEditor
LogPluginManager: Mounting plugin WmfMedia
LogPluginManager: Mounting plugin TcpMessaging
LogPluginManager: Mounting plugin UdpMessaging
LogPluginManager: Mounting plugin ActorSequence
LogPluginManager: Mounting plugin LevelSequenceEditor
LogPluginManager: Mounting plugin MatineeToLevelSequence
LogPluginManager: Mounting plugin OnlineSubsystemGooglePlay
LogPluginManager: Mounting plugin OnlineSubsystemIOS
LogPluginManager: Mounting plugin OnlineSubsystem
LogPluginManager: Mounting plugin OnlineSubsystemNull
LogPluginManager: Mounting plugin OnlineSubsystemUtils
LogPluginManager: Mounting plugin AndroidDeviceProfileSelector
LogPluginManager: Mounting plugin AndroidMoviePlayer
LogPluginManager: Mounting plugin AndroidPermission
LogPluginManager: Mounting plugin AppleARKit
LogPluginManager: Mounting plugin AppleMoviePlayer
LogPluginManager: Mounting plugin ArchVisCharacter
LogPluginManager: Mounting plugin CableComponent
LogPluginManager: Mounting plugin CustomMeshComponent
LogPluginManager: Mounting plugin ExampleDeviceProfileSelector
LogPluginManager: Mounting plugin GoogleCloudMessaging
LogPluginManager: Mounting plugin ImmediatePhysics
LogPluginManager: Mounting plugin IOSDeviceProfileSelector
LogPluginManager: Mounting plugin LinuxDeviceProfileSelector
LogPluginManager: Mounting plugin LocationServicesBPLibrary
LogPluginManager: Mounting plugin MobilePatchingUtils
LogPluginManager: Mounting plugin OculusVR
LogPluginManager: Plugin shader directory ../../../Engine/Plugins/Runtime/Oculus/OculusVR/Shaders found
LogPluginManager: Mapping shader source directory ../../../Engine/Plugins/Runtime/Oculus/OculusVR/Shaders to virtual directory /Plugin/OculusVR
LogPluginManager: Mounting plugin PhysXVehicles
LogPluginManager: Mounting plugin ProceduralMeshComponent
LogPluginManager: Mounting plugin RuntimePhysXCooking
LogPluginManager: Mounting plugin SteamVR
LogPluginManager: Mounting plugin WindowsMoviePlayer
LogInit: Using libcurl 7.47.1
LogInit:  - built for x86_64-pc-win32
LogInit:  - supports SSL with OpenSSL/1.0.2g
LogInit:  - supports HTTP deflate (compression) using libz 1.2.8
LogInit:  - other features:
LogInit:      CURL_VERSION_SSL
LogInit:      CURL_VERSION_LIBZ
LogInit:      CURL_VERSION_IPV6
LogInit:      CURL_VERSION_ASYNCHDNS
LogInit:      CURL_VERSION_LARGEFILE
LogInit:      CURL_VERSION_IDN
LogInit:  CurlRequestOptions (configurable via config and command line):
LogInit:  - bVerifyPeer = false  - Libcurl will NOT verify peer certificate
LogInit:  - bUseHttpProxy = false  - Libcurl will NOT use HTTP proxy
LogInit:  - bDontReuseConnections = false  - Libcurl will reuse connections
LogInit:  - CertBundlePath = nullptr  - Libcurl will use whatever was configured at build time.
LogInit: Build: ++UE4+Release-4.18-CL-3754814
LogInit: Engine Version: 4.18.1-3754814+++UE4+Release-4.18
LogInit: Compatible Engine Version: 4.18.0-3709383+++UE4+Release-4.18
LogInit: Net CL: 3709383
LogDevObjectVersion: Number of dev versions registered: 16
LogDevObjectVersion:   Dev-Blueprints (B0D832E4-1F89-4F0D-ACCF-7EB736FD4AA2): 10
LogDevObjectVersion:   Dev-Build (E1C64328-A22C-4D53-A36C-8E866417BD8C): 0
LogDevObjectVersion:   Dev-Core (375EC13C-06E4-48FB-B500-84F0262A717E): 2
LogDevObjectVersion:   Dev-Editor (E4B068ED-F494-42E9-A231-DA0B2E46BB41): 20
LogDevObjectVersion:   Dev-Framework (CFFC743F-43B0-4480-9391-14DF171D2073): 30
LogDevObjectVersion:   Dev-Mobile (B02B49B5-BB20-44E9-A304-32B752E40360): 0
LogDevObjectVersion:   Dev-Networking (A4E4105C-59A1-49B5-A7C5-40C4547EDFEE): 0
LogDevObjectVersion:   Dev-Online (39C831C9-5AE6-47DC-9A44-9C173E1C8E7C): 0
LogDevObjectVersion:   Dev-Physics (78F01B33-EBEA-4F98-B9B4-84EACCB95AA2): 0
LogDevObjectVersion:   Dev-Platform (6631380F-2D4D-43E0-8009-CF276956A95A): 0
LogDevObjectVersion:   Dev-Rendering (12F88B9F-8875-4AFC-A67C-D90C383ABD29): 20
LogDevObjectVersion:   Dev-Sequencer (7B5AE74C-D270-4C10-A958-57980B212A5A): 4
LogDevObjectVersion:   Dev-VR (D7296918-1DD6-4BDD-9DE2-64A83CC13884): 0
LogDevObjectVersion:   Dev-LoadTimes (C2A15278-BFE7-4AFE-6C17-90FF531DF755): 1
LogDevObjectVersion:   Private-Geometry (6EACA3D4-40EC-4CC1-B786-8BED09428FC5): 1
LogDevObjectVersion:   Dev-AnimPhys (29E575DD-E0A3-4627-9D10-D276232CDCEA): 12
LogInit: Compiled (64-bit): Nov 14 2017 02:05:55
LogInit: Compiled with Visual C++: 19.00.24215.01
LogInit: Build Configuration: Development
LogInit: Branch Name: ++UE4+Release-4.18
LogInit: Command line:  
LogInit: Base directory: D:/Program Files/Unreal/UE_4.18/Engine/Binaries/Win64/
LogInit: Installed Engine Build: 1
LogInit: Presizing for max 8388607 objects, including 0 objects not considered by GC, pre-allocating 0 bytes for permanent pool.
LogInit: Object subsystem initialized
[2018.01.27-13.40.13:777][  0]LogInit: Selected Device Profile: [Windows]
[2018.01.27-13.40.13:777][  0]LogInit: Applying CVar settings loaded from the selected device profile: [Windows]
[2018.01.27-13.40.13:789][  0]LogInit: Computer: MSI-NB
[2018.01.27-13.40.13:789][  0]LogInit: User: mark
[2018.01.27-13.40.13:789][  0]LogInit: CPU Page size=4096, Cores=4
[2018.01.27-13.40.13:789][  0]LogInit: High frequency timer resolution =2.533203 MHz
[2018.01.27-13.40.13:789][  0]LogMemory: Memory total: Physical=16.0GB (16GB approx)
[2018.01.27-13.40.13:789][  0]LogMemory: Platform Memory Stats for Windows
[2018.01.27-13.40.13:789][  0]LogMemory: Process Physical Memory: 273.50 MB used, 273.50 MB peak
[2018.01.27-13.40.13:789][  0]LogMemory: Process Virtual Memory: 272.11 MB used, 272.11 MB peak
[2018.01.27-13.40.13:789][  0]LogMemory: Physical Memory: 5895.99 MB used,  10440.94 MB free, 16336.93 MB total
[2018.01.27-13.40.13:789][  0]LogMemory: Virtual Memory: 646.46 MB used,  10440.94 MB free, 134217728.00 MB total
[2018.01.27-13.40.13:889][  0]LogInit: Using OS detected language (en-US).
[2018.01.27-13.40.13:889][  0]LogInit: Using OS detected locale (en-GB).
[2018.01.27-13.40.13:892][  0]LogTextLocalizationManager: No specific localization for 'en-US' exists, so the 'en' localization will be used.
[2018.01.27-13.40.14:534][  0]LogD3D11RHI: D3D11 adapters:
[2018.01.27-13.40.15:149][  0]LogD3D11RHI:    0. 'NVIDIA GeForce GTX 970M' (Feature Level 11_0)
[2018.01.27-13.40.15:149][  0]LogD3D11RHI:       3038/0/8168 MB DedicatedVideo/DedicatedSystem/SharedSystem, Outputs:2, VendorId:0x10de
[2018.01.27-13.40.15:151][  0]LogD3D11RHI:    1. 'Microsoft Basic Render Driver' (Feature Level 11_0)
[2018.01.27-13.40.15:151][  0]LogD3D11RHI:       0/0/8168 MB DedicatedVideo/DedicatedSystem/SharedSystem, Outputs:0, VendorId:0x1414
[2018.01.27-13.40.15:151][  0]LogD3D11RHI: Chosen D3D11 Adapter: 0
[2018.01.27-13.40.15:154][  0]LogD3D11RHI: Creating new Direct3DDevice
[2018.01.27-13.40.15:155][  0]LogD3D11RHI:     GPU DeviceId: 0x13d8 (for the marketing name, search the web for "GPU Device Id")
[2018.01.27-13.40.15:155][  0]LogWindows: EnumDisplayDevices:
[2018.01.27-13.40.15:155][  0]LogWindows:    0. 'NVIDIA GeForce GTX 970M' (P:1 D:1)
[2018.01.27-13.40.15:155][  0]LogWindows:    1. 'NVIDIA GeForce GTX 970M' (P:0 D:1)
[2018.01.27-13.40.15:155][  0]LogWindows:    2. 'NVIDIA GeForce GTX 970M' (P:0 D:0)
[2018.01.27-13.40.15:155][  0]LogWindows:    3. 'NVIDIA GeForce GTX 970M' (P:0 D:0)
[2018.01.27-13.40.15:155][  0]LogWindows:    4. 'LogMeIn Mirror Driver' (P:0 D:0)
[2018.01.27-13.40.15:155][  0]LogWindows: DebugString: GetVideoDriverDetailsInvalid PrimaryIsNotTheChoosenAdapter FoundDriverCount:4 
[2018.01.27-13.40.15:155][  0]LogD3D11RHI:     Adapter Name: NVIDIA GeForce GTX 970M
[2018.01.27-13.40.15:155][  0]LogD3D11RHI:   Driver Version: 382.05 (internal:22.21.13.8205, unified:382.05)
[2018.01.27-13.40.15:155][  0]LogD3D11RHI:      Driver Date: 5-1-2017
[2018.01.27-13.40.15:155][  0]LogRHI: Texture pool is 2127 MB (70% of 3038 MB)
[2018.01.27-13.40.15:801][  0]LogD3D11RHI: Async texture creation enabled
[2018.01.27-13.40.15:875][  0]LogD3D11RHI: GPU Timing Frequency: 1000.000000 (Debug: 2 1)
[2018.01.27-13.40.15:968][  0]LogShaderCompilers: Guid format shader working directory is -27 characters bigger than the processId version (../../../../../../Users/mark/Documents/GitHub/BearPressure/BearPressure/Intermediate/Shaders/WorkingDirectory/11620/).
[2018.01.27-13.40.15:968][  0]LogShaderCompilers: Cleaned the shader compiler working directory 'C:/Users/mark/AppData/Local/Temp/UnrealShaderWorkingDir/B8968AF040E2E898C2A1D0B723B9263B/'.
[2018.01.27-13.40.15:968][  0]LogShaderCompilers: Display: Using Local Shader Compiler.
[2018.01.27-13.40.17:275][  0]LogTemp: Display: Loaded TP AllDesktopTargetPlatform
[2018.01.27-13.40.17:312][  0]LogTemp: Display: Loaded TP MacClientTargetPlatform
[2018.01.27-13.40.17:351][  0]LogTemp: Display: Loaded TP MacNoEditorTargetPlatform
[2018.01.27-13.40.17:392][  0]LogTemp: Display: Loaded TP MacServerTargetPlatform
[2018.01.27-13.40.17:438][  0]LogTemp: Display: Loaded TP MacTargetPlatform
[2018.01.27-13.40.17:477][  0]LogTemp: Display: Loaded TP WindowsClientTargetPlatform
[2018.01.27-13.40.17:515][  0]LogTemp: Display: Loaded TP WindowsNoEditorTargetPlatform
[2018.01.27-13.40.17:554][  0]LogTemp: Display: Loaded TP WindowsServerTargetPlatform
[2018.01.27-13.40.17:589][  0]LogTemp: Display: Loaded TP WindowsTargetPlatform
[2018.01.27-13.40.17:627][  0]LogTemp: Display: Loaded TP Android_ASTCTargetPlatform
[2018.01.27-13.40.17:667][  0]LogTemp: Display: Loaded TP Android_ATCTargetPlatform
[2018.01.27-13.40.17:704][  0]LogTemp: Display: Loaded TP Android_DXTTargetPlatform
[2018.01.27-13.40.17:750][  0]LogTemp: Display: Loaded TP Android_ETC1TargetPlatform
[2018.01.27-13.40.17:787][  0]LogTemp: Display: Loaded TP Android_ETC2TargetPlatform
[2018.01.27-13.40.17:864][  0]LogTemp: Display: Loaded TP Android_MultiTargetPlatform
[2018.01.27-13.40.17:864][  0]LogTemp: Display: Loaded TP Android_PVRTCTargetPlatform
[2018.01.27-13.40.17:902][  0]LogTemp: Display: Loaded TP AndroidTargetPlatform
[2018.01.27-13.40.17:930][  0]LogTemp: Display: Loaded TP HTML5TargetPlatform
[2018.01.27-13.40.18:002][  0]LogTemp: Display: Loaded TP IOSTargetPlatform
[2018.01.27-13.40.18:024][  0]LogTemp: Display: Loaded TP TVOSTargetPlatform
[2018.01.27-13.40.18:065][  0]LogTemp: Display: Loaded TP LinuxClientTargetPlatform
[2018.01.27-13.40.18:103][  0]LogTemp: Display: Loaded TP LinuxNoEditorTargetPlatform
[2018.01.27-13.40.18:141][  0]LogTemp: Display: Loaded TP LinuxServerTargetPlatform
[2018.01.27-13.40.18:178][  0]LogTemp: Display: Loaded TP LinuxTargetPlatform
[2018.01.27-13.40.18:178][  0]LogTargetPlatformManager: Display: Building Assets For Windows
[2018.01.27-13.40.18:504][  0]LogDerivedDataCache: Display: Max Cache Size: 512 MB
[2018.01.27-13.40.18:567][  0]LogDerivedDataCache: Loaded boot cache 0.06s 78MB C:/Users/mark/AppData/Local/UnrealEngine/4.18/DerivedDataCache/Boot.ddc.
[2018.01.27-13.40.18:567][  0]LogDerivedDataCache: Display: Loaded Boot cache: C:/Users/mark/AppData/Local/UnrealEngine/4.18/DerivedDataCache/Boot.ddc
[2018.01.27-13.40.18:567][  0]LogDerivedDataCache: FDerivedDataBackendGraph:  Pak pak cache file ../../../../../../Users/mark/Documents/GitHub/BearPressure/BearPressure/DerivedDataCache/DDC.ddp not found, will not use a pak cache.
[2018.01.27-13.40.18:567][  0]LogDerivedDataCache: Unable to find inner node Pak for hierarchical cache Hierarchy.
[2018.01.27-13.40.18:567][  0]LogDerivedDataCache: FDerivedDataBackendGraph:  CompressedPak pak cache file ../../../../../../Users/mark/Documents/GitHub/BearPressure/BearPressure/DerivedDataCache/Compressed.ddp not found, will not use a pak cache.
[2018.01.27-13.40.18:567][  0]LogDerivedDataCache: Unable to find inner node CompressedPak for hierarchical cache Hierarchy.
[2018.01.27-13.40.18:588][  0]LogDerivedDataCache: Display: Pak cache opened for reading ../../../Engine/DerivedDataCache/Compressed.ddp.
[2018.01.27-13.40.18:601][  0]LogDerivedDataCache: Using Local data cache path C:/Users/mark/AppData/Local/UnrealEngine/Common/DerivedDataCache: Writable
[2018.01.27-13.40.18:611][  0]LogMaterial: Verifying Global Shaders for PCD3D_SM5
[2018.01.27-13.40.18:611][  0]LogSlate: Using Freetype 2.6.0
[2018.01.27-13.40.18:612][  0]LogSlate: SlateFontCache - WITH_FREETYPE: 1, WITH_HARFBUZZ: 1
[2018.01.27-13.40.18:612][  0]LogSlate: SlateFontCache - WITH_FREETYPE: 1, WITH_HARFBUZZ: 1
[2018.01.27-13.40.18:965][  0]LogInit: Selected Device Profile: [Windows]
[2018.01.27-13.40.19:242][  0]LogSimplygon: Simplygon DLL not present - disabling.
[2018.01.27-13.40.19:273][  0]LogMeshReduction: Using SimplygonSwarm for distributed automatic mesh merging
[2018.01.27-13.40.19:273][  0]LogMeshReduction: Using QuadricMeshReduction for automatic static mesh reduction
[2018.01.27-13.40.19:273][  0]LogMeshReduction: No automatic skeletal mesh reduction module available
[2018.01.27-13.40.19:273][  0]LogMeshReduction: No automatic mesh merging module available
[2018.01.27-13.40.19:273][  0]LogMeshMerging: No automatic mesh merging module available
[2018.01.27-13.40.19:299][  0]LogNetVersion: BearPressure , NetCL: 3709383, EngineNetVer: 2, GameNetVer: 0 (Checksum: 4219025520)
[2018.01.27-13.40.19:434][  0]LogAssetRegistry: FAssetRegistry took 0.0265 seconds to start up
[2018.01.27-13.40.19:860][  0]LogPackageLocalizationCache: Processed 8 localized package path(s) for 2 prioritized culture(s) in 0.062375 seconds
[2018.01.27-13.40.19:867][  0]LogUObjectArray: 35900 objects as part of root set at end of initial load.
[2018.01.27-13.40.19:867][  0]LogUObjectAllocator: 7372016 out of 0 bytes used by permanent object pool.
[2018.01.27-13.40.19:867][  0]LogUObjectArray: CloseDisregardForGC: 0/0 objects in disregard for GC pool
[2018.01.27-13.40.19:905][  0]LogInit: WinSock: version 1.1 (2.2), MaxSocks=32767, MaxUdp=65467
[2018.01.27-13.40.22:582][  0]LogTcpMessaging: Initializing TcpMessaging bridge
[2018.01.27-13.40.22:618][  0]LogUdpMessaging: Initializing bridge on interface 0.0.0.0:0 to multicast group 230.0.0.1:6666.
[2018.01.27-13.40.23:124][  0]LogMaterial: Uniform references updated for custom material expression Custom.
[2018.01.27-13.40.23:457][  0]SourceControl: Source control is disabled
[2018.01.27-13.40.23:458][  0]SourceControl: Source control is disabled
[2018.01.27-13.40.23:502][  0]SourceControl: Source control is disabled
[2018.01.27-13.40.23:541][  0]SourceControl: Source control is disabled
[2018.01.27-13.40.24:201][  0]LogAndroidPermission: UAndroidPermissionCallbackProxy::GetInstance
[2018.01.27-13.40.24:403][  0]LogOcInput: OculusInput pre-init called
[2018.01.27-13.40.24:617][  0]LogEngine: Initializing Engine...
[2018.01.27-13.40.24:620][  0]LogHMD: Failed to initialize OpenVR with code 110
[2018.01.27-13.40.24:806][  0]LogStats: UGameplayTagsManager::ConstructGameplayTagTree: Construct from data asset -  0.000 s
[2018.01.27-13.40.24:806][  0]LogStats: UGameplayTagsManager::ConstructGameplayTagTree: GameplayTagTreeChangedEvent.Broadcast -  0.000 s
[2018.01.27-13.40.24:894][  0]LogAIModule: Creating AISystem for world Untitled
[2018.01.27-13.40.24:922][  0]LogInit: XAudio2 using 'Hoofdtelefoon (JBL E50BT Stereo)' : 2 channels at 44.1 kHz using 16 bits per sample (channel mask 0x3)
[2018.01.27-13.40.24:939][  0]LogInit: FAudioDevice initialized.
[2018.01.27-13.40.25:012][  0]LogDerivedDataCache: Saved boot cache 0.07s 78MB C:/Users/mark/AppData/Local/UnrealEngine/4.18/DerivedDataCache/Boot.ddc.
[2018.01.27-13.40.25:021][  0]LogInit: Texture streaming: Enabled
[2018.01.27-13.40.25:098][  0]LogEngineSessionManager: EngineSessionManager initialized
[2018.01.27-13.40.25:191][  0]LogInit: Transaction tracking system initialized
[2018.01.27-13.40.25:414][  0]BlueprintLog: New page: Editor Load
[2018.01.27-13.40.26:071][  0]LocalizationService: Localization service is disabled
[2018.01.27-13.40.26:625][  0]LogConsoleResponse: Display: 
[2018.01.27-13.40.26:769][  0]LogCook: Display: Max memory allowance for cook 16384mb min free memory 0mb
[2018.01.27-13.40.26:769][  0]LogCook: Display: Mobile HDR setting 1
[2018.01.27-13.40.26:769][  0]LogGameplayTags: Display: UGameplayTagsManager::DoneAddingNativeTags. DelegateIsBound: 0
[2018.01.27-13.40.27:599][  0]LogFileCache: Scanning file cache for directory 'D:/Users/mark/Documents/GitHub/BearPressure/BearPressure/Content/' took 0.01s
[2018.01.27-13.40.27:632][  0]SourceControl: Source control is disabled
[2018.01.27-13.40.27:632][  0]Cmd: MAP LOAD FILE="../../../Engine/Content/Maps/Templates/Template_Default.umap" TEMPLATE=1 SHOWPROGRESS=1 FEATURELEVEL=3
[2018.01.27-13.40.27:633][  0]LightingResults: New page: Lighting Build
[2018.01.27-13.40.27:663][  0]MapCheck: New page: Map Check
[2018.01.27-13.40.27:663][  0]LightingResults: New page: Lighting Build
[2018.01.27-13.40.27:862][  0]LogAIModule: Creating AISystem for world Untitled_1
[2018.01.27-13.40.27:869][  0]LogEditorServer: Finished looking for orphan Actors (0.000 secs)
[2018.01.27-13.40.27:879][  0]Cmd: MAP CHECKDEP NOCLEARLOG
[2018.01.27-13.40.27:917][  0]MapCheck: Map check complete: 0 Error(s), 0 Warning(s), took 36.895ms to complete.
[2018.01.27-13.40.27:917][  0]LogFileHelpers: Loading map 'Template_Default' took 0.284
[2018.01.27-13.40.27:983][  0]LogWindowsTextInputMethodSystem: Display: IME system now deactivated.
[2018.01.27-13.40.28:087][  0]LogCollectionManager: Loaded 0 collections in 0.000914 seconds
[2018.01.27-13.40.28:157][  0]LogFileCache: Scanning file cache for directory 'D:/Users/mark/Documents/GitHub/BearPressure/BearPressure/Saved/Collections/' took 0.01s
[2018.01.27-13.40.28:158][  0]LogFileCache: Scanning file cache for directory 'D:/Users/mark/Documents/GitHub/BearPressure/BearPressure/Content/Developers/mark/Collections/' took 0.01s
[2018.01.27-13.40.28:158][  0]LogFileCache: Scanning file cache for directory 'D:/Users/mark/Documents/GitHub/BearPressure/BearPressure/Content/Collections/' took 0.01s
[2018.01.27-13.40.28:158][  0]LogCollectionManager: Rebuilt the GUID cache for 0 collections in 0.000000 seconds
[2018.01.27-13.40.28:166][  0]LogContentBrowser: Native class hierarchy populated in 0.0080 seconds. Added 2389 classes and 530 folders.
[2018.01.27-13.40.28:209][  0]LogContentBrowser: Native class hierarchy updated for 'WidgetCarousel' in 0.0002 seconds. Added 0 classes and 0 folders.
[2018.01.27-13.40.28:246][  0]LogContentBrowser: Native class hierarchy updated for 'AddContentDialog' in 0.0002 seconds. Added 0 classes and 0 folders.
[2018.01.27-13.40.28:308][  0]LogSlate: Took 0.000214 seconds to synchronously load lazily loaded font '../../../Engine/Content/Slate/Fonts/Roboto-Regular.ttf' (155K)
[2018.01.27-13.40.28:313][  0]LogSlate: Took 0.000201 seconds to synchronously load lazily loaded font '../../../Engine/Content/Slate/Fonts/Roboto-Bold.ttf' (160K)
[2018.01.27-13.40.28:316][  0]LogSlate: Took 0.000174 seconds to synchronously load lazily loaded font '../../../Engine/Content/Editor/Slate/Fonts/FontAwesome.ttf' (139K)
[2018.01.27-13.40.28:402][  0]LogRenderer: Reallocating scene render targets to support 1212x584 Format 10 NumSamples 1 (Frame:1).
[2018.01.27-13.40.28:567][  0]LogContentBrowser: Native class hierarchy updated for 'HierarchicalLODOutliner' in 0.0003 seconds. Added 1 classes and 2 folders.
[2018.01.27-13.40.28:567][  0]LogLoad: (Engine Initialization) Total time: 16.66 seconds
[2018.01.27-13.40.28:567][  0]LogLoad: (Engine Initialization) Total Blueprint compile time: 0.00 seconds
[2018.01.27-13.40.28:567][  0]LogExternalProfiler: Found external profiler: VSPerf
[2018.01.27-13.40.28:567][  0]LogExternalProfiler: Using external profiler: VSPerf
[2018.01.27-13.40.28:594][  0]LogAssetRegistry: Asset discovery search completed in 9.1826 seconds
[2018.01.27-13.40.28:596][  0]LogCollectionManager: Rebuilt the object cache for 0 collections in 0.000000 seconds (found 0 objects)
[2018.01.27-13.40.28:596][  0]LogCollectionManager: Fixed up redirectors for 0 collections in 0.000076 seconds (updated 0 objects)
[2018.01.27-13.40.28:599][  0]LogContentStreaming: Texture pool size now 1000 MB
[2018.01.27-13.40.28:639][  0]LogSlate: Took 0.000127 seconds to synchronously load lazily loaded font '../../../Engine/Content/Slate/Fonts/Roboto-Light.ttf' (159K)
[2018.01.27-13.40.29:594][105]LogSlate: Took 0.000197 seconds to synchronously load lazily loaded font '../../../Engine/Content/Slate/Fonts/Roboto-Light.ttf' (159K)
[2018.01.27-13.41.13:560][623]LogSlate: Took 0.000147 seconds to synchronously load lazily loaded font '../../../Engine/Content/Slate/Fonts/Roboto-Light.ttf' (159K)
[2018.01.27-13.41.13:749][623]LogAIModule: Creating AISystem for world TileTest
[2018.01.27-13.41.13:773][623]Cmd: MAP LOAD FILE="../../../../../../Users/mark/Documents/GitHub/BearPressure/BearPressure/Content/Maps/TileTest.umap" TEMPLATE=0 SHOWPROGRESS=1 FEATURELEVEL=3
[2018.01.27-13.41.13:773][623]LightingResults: New page: Lighting Build
[2018.01.27-13.41.13:774][623]LoadErrors: New page: Loading map: TileTest.umap
[2018.01.27-13.41.13:774][623]MapCheck: New page: Map Check
[2018.01.27-13.41.13:775][623]LightingResults: New page: Lighting Build
[2018.01.27-13.41.13:833][623]LogEditorServer: Finished looking for orphan Actors (0.000 secs)
[2018.01.27-13.41.13:864][623]Cmd: MAP CHECKDEP NOCLEARLOG
[2018.01.27-13.41.13:902][623]MapCheck: Map check complete: 0 Error(s), 0 Warning(s), took 38.248ms to complete.
[2018.01.27-13.41.13:902][623]LogFileHelpers: Loading map 'TileTest' took 0.129
[2018.01.27-13.41.17:545][876]LogTemp: Repeating last play command: Selected Viewport
[2018.01.27-13.41.17:574][876]LogPlayLevel: PlayLevel: No blueprints needed recompiling
[2018.01.27-13.41.17:575][876]PIE: New page: PIE session: TileTest (27 Jan 2018 15:41:17)
[2018.01.27-13.41.17:575][876]LogPlayLevel: Creating play world package: /Game/Maps/UEDPIE_0_TileTest
[2018.01.27-13.41.17:580][876]LogPlayLevel: PIE: StaticDuplicateObject took: (0.005166s)
[2018.01.27-13.41.17:581][876]LogAIModule: Creating AISystem for world TileTest
[2018.01.27-13.41.17:581][876]LogPlayLevel: PIE: World Init took: (0.000589s)
[2018.01.27-13.41.17:581][876]LogPlayLevel: PIE: Created PIE world by copying editor world from /Game/Maps/TileTest.TileTest to /Game/Maps/UEDPIE_0_TileTest.TileTest (0.006053s)
[2018.01.27-13.41.17:607][876]LogInit: XAudio2 using 'Hoofdtelefoon (JBL E50BT Stereo)' : 2 channels at 44.1 kHz using 16 bits per sample (channel mask 0x3)
[2018.01.27-13.41.17:613][876]LogInit: FAudioDevice initialized.
[2018.01.27-13.41.17:835][876]LogLoad: Game class is 'GM_PackageDelivery_C'
[2018.01.27-13.41.17:837][876]LogWorld: Bringing World /Game/Maps/UEDPIE_0_TileTest.TileTest up for play (max tick rate 0) at 2018.01.27-14.41.17
[2018.01.27-13.41.17:837][876]LogWorld: Bringing up level for play took: 0.000643
[2018.01.27-13.41.17:866][876]LogContentBrowser: Native class hierarchy updated for 'MovieSceneCapture' in 0.0003 seconds. Added 11 classes and 0 folders.
[2018.01.27-13.41.17:878][876]PIE: Play in editor start time for /Game/Maps/UEDPIE_0_TileTest -0.202
[2018.01.27-13.41.19:631][997]LogBlueprintUserMessages: [BP_Pigear_Jews_C_0] 9.0
[2018.01.27-13.41.21:073][ 93]LogTemp: Repeating last play command: Selected Viewport
[2018.01.27-13.41.21:087][ 93]LogPlayLevel: PlayLevel: No blueprints needed recompiling
[2018.01.27-13.41.21:088][ 93]PIE: New page: PIE session: TileTest (27 Jan 2018 15:41:21)
[2018.01.27-13.41.21:088][ 93]LogPlayLevel: Creating play world package: /Game/Maps/UEDPIE_0_TileTest
[2018.01.27-13.41.21:093][ 93]LogPlayLevel: PIE: StaticDuplicateObject took: (0.004961s)
[2018.01.27-13.41.21:093][ 93]LogAIModule: Creating AISystem for world TileTest
[2018.01.27-13.41.21:094][ 93]LogPlayLevel: PIE: World Init took: (0.000744s)
[2018.01.27-13.41.21:094][ 93]LogPlayLevel: PIE: Created PIE world by copying editor world from /Game/Maps/TileTest.TileTest to /Game/Maps/UEDPIE_0_TileTest.TileTest (0.006068s)
[2018.01.27-13.41.21:119][ 93]LogInit: XAudio2 using 'Hoofdtelefoon (JBL E50BT Stereo)' : 2 channels at 44.1 kHz using 16 bits per sample (channel mask 0x3)
[2018.01.27-13.41.21:125][ 93]LogInit: FAudioDevice initialized.
[2018.01.27-13.41.21:157][ 93]LogLoad: Game class is 'GM_PackageDelivery_C'
[2018.01.27-13.41.21:158][ 93]LogWorld: Bringing World /Game/Maps/UEDPIE_0_TileTest.TileTest up for play (max tick rate 0) at 2018.01.27-14.41.21
[2018.01.27-13.41.21:159][ 93]LogWorld: Bringing up level for play took: 0.000807
[2018.01.27-13.41.21:169][ 93]PIE: Play in editor start time for /Game/Maps/UEDPIE_0_TileTest -0.911
[2018.01.27-13.41.38:136][351]LogWindowsTextInputMethodSystem: Display: IME system now deactivated.
[2018.01.27-13.41.38:303][352]Cmd: QUIT_EDITOR
[2018.01.27-13.41.38:760][352]LogExit: Preparing to exit.
[2018.01.27-13.41.39:662][352]LogDirectoryWatcher: A directory notification for 'D:/Users/mark/Documents/GitHub/BearPressure/BearPressure/Content/' was aborted.
[2018.01.27-13.41.39:673][352]LogExit: Editor shut down
[2018.01.27-13.41.39:675][352]LogExit: Transaction tracking system shut down
[2018.01.27-13.41.39:738][352]LogDirectoryWatcher: A directory notification for '../../../Engine/Content/' was aborted.
[2018.01.27-13.41.39:738][352]LogDirectoryWatcher: A directory notification for '../../../../../../Users/mark/Documents/GitHub/BearPressure/BearPressure/Content/' was aborted.
[2018.01.27-13.41.39:738][352]LogDirectoryWatcher: A directory notification for '../../../Engine/Plugins/2D/Paper2D/Content/' was aborted.
[2018.01.27-13.41.39:739][352]LogDirectoryWatcher: A directory notification for '../../../Engine/Plugins/Marketplace/LowEntryExtStdLib/Content/' was aborted.
[2018.01.27-13.41.39:739][352]LogDirectoryWatcher: A directory notification for '../../../Engine/Plugins/Media/MediaCompositing/Content/' was aborted.
[2018.01.27-13.41.39:739][352]LogDirectoryWatcher: A directory notification for '../../../Engine/Plugins/Runtime/AppleARKit/Content/' was aborted.
[2018.01.27-13.41.39:739][352]LogDirectoryWatcher: A directory notification for '../../../Engine/Plugins/Runtime/Oculus/OculusVR/Content/' was aborted.
[2018.01.27-13.41.39:739][352]LogDirectoryWatcher: A directory notification for '../../../Engine/Plugins/Runtime/Steam/SteamVR/Content/' was aborted.
[2018.01.27-13.41.39:783][352]LogExit: Object subsystem successfully closed.
[2018.01.27-13.41.39:804][352]LogD3D11RHI: Shutdown
[2018.01.27-13.41.39:804][352]LogD3D11RHI: CleanupD3DDevice
[2018.01.27-13.41.39:805][352]LogD3D11RHI: ~FD3D11DynamicRHI
[2018.01.27-13.41.39:812][352]LogModuleManager: Shutting down and abandoning module MovieSceneCapture (556)
[2018.01.27-13.41.39:812][352]LogModuleManager: Shutting down and abandoning module HierarchicalLODOutliner (554)
[2018.01.27-13.41.39:812][352]LogModuleManager: Shutting down and abandoning module AddContentDialog (552)
[2018.01.27-13.41.39:812][352]LogDirectoryWatcher: A directory notification for 'D:/Program Files/Unreal/UE_4.18/FeaturePacks/' was aborted.
[2018.01.27-13.41.39:813][352]LogModuleManager: Shutting down and abandoning module WidgetCarousel (551)
[2018.01.27-13.41.39:813][352]LogModuleManager: Shutting down and abandoning module EditorWidgets (548)
[2018.01.27-13.41.39:813][352]LogModuleManager: Shutting down and abandoning module CollectionManager (546)
[2018.01.27-13.41.39:813][352]LogDirectoryWatcher: A directory notification for 'D:/Users/mark/Documents/GitHub/BearPressure/BearPressure/Content/Collections/' was aborted.
[2018.01.27-13.41.39:813][352]LogDirectoryWatcher: A directory notification for 'D:/Users/mark/Documents/GitHub/BearPressure/BearPressure/Content/Developers/mark/Collections/' was aborted.
[2018.01.27-13.41.39:813][352]LogDirectoryWatcher: A directory notification for 'D:/Users/mark/Documents/GitHub/BearPressure/BearPressure/Saved/Collections/' was aborted.
[2018.01.27-13.41.39:813][352]LogModuleManager: Shutting down and abandoning module SceneOutliner (544)
[2018.01.27-13.41.39:813][352]LogModuleManager: Shutting down and abandoning module HierarchicalLODUtilities (542)
[2018.01.27-13.41.39:813][352]LogModuleManager: Shutting down and abandoning module StatsViewer (540)
[2018.01.27-13.41.39:813][352]LogModuleManager: Shutting down and abandoning module FoliageEdit (538)
[2018.01.27-13.41.39:813][352]LogModuleManager: Shutting down and abandoning module LandscapeEditor (536)
[2018.01.27-13.41.39:813][352]LogModuleManager: Shutting down and abandoning module MeshPaintMode (534)
[2018.01.27-13.41.39:813][352]LogModuleManager: Shutting down and abandoning module SceneDepthPickerMode (532)
[2018.01.27-13.41.39:813][352]LogModuleManager: Shutting down and abandoning module ActorPickerMode (530)
[2018.01.27-13.41.39:813][352]LogModuleManager: Shutting down and abandoning module GeometryMode (528)
[2018.01.27-13.41.39:813][352]LogModuleManager: Shutting down and abandoning module TextureAlignMode (526)
[2018.01.27-13.41.39:813][352]LogModuleManager: Shutting down and abandoning module BspMode (524)
[2018.01.27-13.41.39:813][352]LogModuleManager: Shutting down and abandoning module PIEPreviewDeviceProfileSelector (522)
[2018.01.27-13.41.39:813][352]LogModuleManager: Shutting down and abandoning module HardwareSurvey (520)
[2018.01.27-13.41.39:813][352]LogModuleManager: Shutting down and abandoning module SequenceRecorderSections (518)
[2018.01.27-13.41.39:813][352]LogModuleManager: Shutting down and abandoning module AutomationWorker (516)
[2018.01.27-13.41.39:813][352]LogModuleManager: Shutting down and abandoning module MatineeToLevelSequence (514)
[2018.01.27-13.41.39:813][352]LogModuleManager: Shutting down and abandoning module LevelSequenceEditor (512)
[2018.01.27-13.41.39:813][352]LogModuleManager: Shutting down and abandoning module PlacementMode (511)
[2018.01.27-13.41.39:814][352]LogModuleManager: Shutting down and abandoning module WmfMediaFactory (508)
[2018.01.27-13.41.39:814][352]LogModuleManager: Shutting down and abandoning module WmfMediaEditor (506)
[2018.01.27-13.41.39:814][352]LogModuleManager: Shutting down and abandoning module OpenExrWrapper (504)
[2018.01.27-13.41.39:814][352]LogModuleManager: Shutting down and abandoning module ImgMediaFactory (502)
[2018.01.27-13.41.39:814][352]LogModuleManager: Shutting down and abandoning module ImgMediaEditor (500)
[2018.01.27-13.41.39:814][352]LogModuleManager: Shutting down and abandoning module AvfMediaFactory (498)
[2018.01.27-13.41.39:814][352]LogModuleManager: Shutting down and abandoning module AvfMediaEditor (496)
[2018.01.27-13.41.39:814][352]LogModuleManager: Shutting down and abandoning module AndroidMediaFactory (494)
[2018.01.27-13.41.39:814][352]LogModuleManager: Shutting down and abandoning module AndroidMediaEditor (492)
[2018.01.27-13.41.39:814][352]LogModuleManager: Shutting down and abandoning module CharacterAI (490)
[2018.01.27-13.41.39:814][352]LogModuleManager: Shutting down and abandoning module AudioCapture (488)
[2018.01.27-13.41.39:814][352]LogModuleManager: Shutting down and abandoning module SequenceRecorder (487)
[2018.01.27-13.41.39:814][352]LogModuleManager: Shutting down and abandoning module SmartSnapping (484)
[2018.01.27-13.41.39:814][352]LogModuleManager: Shutting down and abandoning module SessionServices (482)
[2018.01.27-13.41.39:814][352]LogModuleManager: Shutting down and abandoning module ViewportSnapping (480)
[2018.01.27-13.41.39:814][352]LogModuleManager: Shutting down and abandoning module ViewportInteraction (478)
[2018.01.27-13.41.39:814][352]LogModuleManager: Shutting down and abandoning module ClothPainter (476)
[2018.01.27-13.41.39:814][352]LogModuleManager: Shutting down and abandoning module SkeletalMeshEditor (475)
[2018.01.27-13.41.39:814][352]LogModuleManager: Shutting down and abandoning module LogVisualizer (472)
[2018.01.27-13.41.39:814][352]LogModuleManager: Shutting down and abandoning module IntroTutorials (470)
[2018.01.27-13.41.39:814][352]LogModuleManager: Shutting down and abandoning module GameProjectGeneration (469)
[2018.01.27-13.41.39:814][352]LogModuleManager: Shutting down and abandoning module IOSPlatformEditor (466)
[2018.01.27-13.41.39:814][352]LogModuleManager: Shutting down and abandoning module HTML5PlatformEditor (464)
[2018.01.27-13.41.39:814][352]LogModuleManager: Shutting down and abandoning module AndroidPlatformEditor (462)
[2018.01.27-13.41.39:814][352]LogModuleManager: Shutting down and abandoning module AndroidDeviceDetection (461)
[2018.01.27-13.41.40:386][352]LogModuleManager: Shutting down and abandoning module WindowsPlatformEditor (458)
[2018.01.27-13.41.40:387][352]LogModuleManager: Shutting down and abandoning module IOSRuntimeSettings (456)
[2018.01.27-13.41.40:387][352]LogModuleManager: Shutting down and abandoning module AndroidRuntimeSettings (454)
[2018.01.27-13.41.40:387][352]LogModuleManager: Shutting down and abandoning module InputBindingEditor (452)
[2018.01.27-13.41.40:387][352]LogModuleManager: Shutting down and abandoning module MergeActors (450)
[2018.01.27-13.41.40:387][352]LogModuleManager: Shutting down and abandoning module SizeMap (448)
[2018.01.27-13.41.40:387][352]LogModuleManager: Shutting down and abandoning module TreeMap (446)
[2018.01.27-13.41.40:387][352]LogModuleManager: Shutting down and abandoning module ReferenceViewer (444)
[2018.01.27-13.41.40:387][352]LogModuleManager: Shutting down and abandoning module LocalizationDashboard (442)
[2018.01.27-13.41.40:387][352]LogModuleManager: Shutting down and abandoning module LocalizationService (441)
[2018.01.27-13.41.40:387][352]LogModuleManager: Shutting down and abandoning module HardwareTargeting (438)
[2018.01.27-13.41.40:387][352]LogModuleManager: Shutting down and abandoning module DeviceProfileEditor (436)
[2018.01.27-13.41.40:388][352]LogModuleManager: Shutting down and abandoning module UndoHistory (434)
[2018.01.27-13.41.40:388][352]LogModuleManager: Shutting down and abandoning module XmlParser (432)
[2018.01.27-13.41.40:388][352]LogModuleManager: Shutting down and abandoning module Blutility (430)
[2018.01.27-13.41.40:388][352]LogModuleManager: Shutting down and abandoning module ProjectSettingsViewer (428)
[2018.01.27-13.41.40:388][352]LogModuleManager: Shutting down and abandoning module ProjectTargetPlatformEditor (427)
[2018.01.27-13.41.40:388][352]LogModuleManager: Shutting down and abandoning module EditorSettingsViewer (424)
[2018.01.27-13.41.40:388][352]LogModuleManager: Shutting down and abandoning module SettingsEditor (422)
[2018.01.27-13.41.40:388][352]LogModuleManager: Shutting down and abandoning module ProjectLauncher (420)
[2018.01.27-13.41.40:388][352]LogModuleManager: Shutting down and abandoning module SessionFrontend (418)
[2018.01.27-13.41.40:388][352]LogModuleManager: Shutting down and abandoning module ProfilerClient (416)
[2018.01.27-13.41.40:388][352]LogModuleManager: Shutting down and abandoning module DeviceManager (414)
[2018.01.27-13.41.40:388][352]LogModuleManager: Shutting down and abandoning module TargetDeviceServices (413)
[2018.01.27-13.41.40:442][352]LogModuleManager: Shutting down and abandoning module AutomationController (410)
[2018.01.27-13.41.40:442][352]LogModuleManager: Shutting down and abandoning module AutomationWindow (408)
[2018.01.27-13.41.40:442][352]LogModuleManager: Shutting down and abandoning module Layers (406)
[2018.01.27-13.41.40:442][352]LogModuleManager: Shutting down and abandoning module ComponentVisualizers (404)
[2018.01.27-13.41.40:442][352]LogModuleManager: Shutting down and abandoning module DetailCustomizations (402)
[2018.01.27-13.41.40:442][352]LogModuleManager: Shutting down and abandoning module PackagesDialog (400)
[2018.01.27-13.41.40:442][352]LogModuleManager: Shutting down and abandoning module Persona (398)
[2018.01.27-13.41.40:442][352]LogModuleManager: Shutting down and abandoning module AdvancedPreviewScene (397)
[2018.01.27-13.41.40:442][352]LogModuleManager: Shutting down and abandoning module AnimGraph (395)
[2018.01.27-13.41.40:442][352]LogModuleManager: Shutting down and abandoning module Kismet (392)
[2018.01.27-13.41.40:443][352]LogModuleManager: Shutting down and abandoning module ClassViewer (390)
[2018.01.27-13.41.40:443][352]LogModuleManager: Shutting down and abandoning module Toolbox (388)
[2018.01.27-13.41.40:443][352]LogModuleManager: Shutting down and abandoning module ModuleUI (386)
[2018.01.27-13.41.40:443][352]LogModuleManager: Shutting down and abandoning module MovieSceneTools (384)
[2018.01.27-13.41.40:443][352]LogModuleManager: Shutting down and abandoning module OutputLog (382)
[2018.01.27-13.41.40:443][352]LogModuleManager: Shutting down and abandoning module GammaUI (380)
[2018.01.27-13.41.40:443][352]LogModuleManager: Shutting down and abandoning module Documentation (378)
[2018.01.27-13.41.40:443][352]LogModuleManager: Shutting down and abandoning module MovieSceneTracks (376)
[2018.01.27-13.41.40:443][352]LogModuleManager: Shutting down and abandoning module MovieScene (374)
[2018.01.27-13.41.40:443][352]LogModuleManager: Shutting down and abandoning module StreamingPauseRendering (372)
[2018.01.27-13.41.40:443][352]LogModuleManager: Shutting down and abandoning module LauncherPlatform (370)
[2018.01.27-13.41.40:443][352]LogModuleManager: Shutting down and abandoning module AnalyticsET (368)
[2018.01.27-13.41.40:443][352]LogModuleManager: Shutting down and abandoning module PortalServices (366)
[2018.01.27-13.41.40:443][352]LogModuleManager: Shutting down and abandoning module PortalRpc (364)
[2018.01.27-13.41.40:443][352]LogModuleManager: Shutting down and abandoning module MessagingRpc (362)
[2018.01.27-13.41.40:443][352]LogModuleManager: Shutting down and abandoning module AIModule (360)
[2018.01.27-13.41.40:443][352]LogModuleManager: Shutting down and abandoning module GameplayDebugger (359)
[2018.01.27-13.41.40:443][352]LogModuleManager: Shutting down and abandoning module AITestSuite (357)
[2018.01.27-13.41.40:443][352]LogModuleManager: Shutting down and abandoning module DesktopPlatform (354)
[2018.01.27-13.41.40:443][352]LogModuleManager: Shutting down and abandoning module ProfilerService (352)
[2018.01.27-13.41.40:653][352]LogModuleManager: Shutting down and abandoning module TaskGraph (350)
[2018.01.27-13.41.40:653][352]LogModuleManager: Shutting down and abandoning module SteamVRController (348)
[2018.01.27-13.41.40:653][352]LogModuleManager: Shutting down and abandoning module ProceduralMeshComponentEditor (346)
[2018.01.27-13.41.40:653][352]LogModuleManager: Shutting down and abandoning module ProceduralMeshComponent (344)
[2018.01.27-13.41.40:653][352]LogModuleManager: Shutting down and abandoning module OculusInput (342)
[2018.01.27-13.41.40:653][352]LogModuleManager: Shutting down and abandoning module MobilePatchingUtils (340)
[2018.01.27-13.41.40:653][352]LogModuleManager: Shutting down and abandoning module CustomMeshComponent (338)
[2018.01.27-13.41.40:653][352]LogModuleManager: Shutting down and abandoning module CableComponent (336)
[2018.01.27-13.41.40:653][352]LogModuleManager: Shutting down and abandoning module ArchVisCharacter (334)
[2018.01.27-13.41.40:653][352]LogModuleManager: Shutting down and abandoning module AndroidPermission (332)
[2018.01.27-13.41.40:653][352]LogModuleManager: Shutting down and abandoning module ActorSequence (328)
[2018.01.27-13.41.40:653][352]LogModuleManager: Shutting down and abandoning module MediaPlayerEditor (326)
[2018.01.27-13.41.40:653][352]LogModuleManager: Shutting down and abandoning module MediaCompositingEditor (324)
[2018.01.27-13.41.40:653][352]LogModuleManager: Shutting down and abandoning module MediaCompositing (322)
[2018.01.27-13.41.40:653][352]LogModuleManager: Shutting down and abandoning module LowEntryExtendedStandardLibraryEditor (320)
[2018.01.27-13.41.40:653][352]LogModuleManager: Shutting down and abandoning module HTML5Networking (318)
[2018.01.27-13.41.40:653][352]LogModuleManager: Shutting down and abandoning module AlembicImporter (316)
[2018.01.27-13.41.40:653][352]LogModuleManager: Shutting down and abandoning module AlembicLibrary (315)
[2018.01.27-13.41.40:653][352]LogModuleManager: Shutting down and abandoning module GeometryCache (314)
[2018.01.27-13.41.40:653][352]LogModuleManager: Shutting down and abandoning module GeometryCacheEd (313)
[2018.01.27-13.41.40:653][352]LogModuleManager: Shutting down and abandoning module SpeedTreeImporter (308)
[2018.01.27-13.41.40:653][352]LogModuleManager: Shutting down and abandoning module PluginBrowser (306)
[2018.01.27-13.41.40:653][352]LogModuleManager: Shutting down and abandoning module MobileLauncherProfileWizard (304)
[2018.01.27-13.41.40:653][352]LogModuleManager: Shutting down and abandoning module VisualStudioSourceCodeAccess (302)
[2018.01.27-13.41.40:653][352]LogModuleManager: Shutting down and abandoning module VisualStudioCodeSourceCodeAccess (300)
[2018.01.27-13.41.40:653][352]LogModuleManager: Shutting down and abandoning module UObjectPlugin (298)
[2018.01.27-13.41.40:653][352]LogModuleManager: Shutting down and abandoning module SubversionSourceControl (296)
[2018.01.27-13.41.40:653][352]LogModuleManager: Shutting down and abandoning module PerforceSourceControl (294)
[2018.01.27-13.41.40:653][352]LogModuleManager: Shutting down and abandoning module GitSourceControl (292)
[2018.01.27-13.41.40:653][352]LogModuleManager: Shutting down and abandoning module SourceControl (291)
[2018.01.27-13.41.40:653][352]LogModuleManager: Shutting down and abandoning module LightPropagationVolumeEditor (288)
[2018.01.27-13.41.40:653][352]LogModuleManager: Shutting down and abandoning module PaperTiledImporter (286)
[2018.01.27-13.41.40:653][352]LogModuleManager: Shutting down and abandoning module PaperSpriteSheetImporter (284)
[2018.01.27-13.41.40:653][352]LogModuleManager: Shutting down and abandoning module Paper2DEditor (282)
[2018.01.27-13.41.40:653][352]LogModuleManager: Shutting down and abandoning module MeshPaint (281)
[2018.01.27-13.41.40:653][352]LogModuleManager: Shutting down and abandoning module LevelEditor (279)
[2018.01.27-13.41.40:655][352]LogModuleManager: Shutting down and abandoning module PixelInspectorModule (278)
[2018.01.27-13.41.40:655][352]LogModuleManager: Shutting down and abandoning module MainFrame (276)
[2018.01.27-13.41.40:655][352]LogModuleManager: Shutting down and abandoning module HotReload (275)
[2018.01.27-13.41.40:655][352]LogModuleManager: Shutting down and abandoning module RuntimePhysXCooking (270)
[2018.01.27-13.41.40:655][352]LogModuleManager: Shutting down and abandoning module PhysXVehiclesEditor (268)
[2018.01.27-13.41.40:655][352]LogModuleManager: Shutting down and abandoning module PhysXVehicles (266)
[2018.01.27-13.41.40:655][352]LogModuleManager: Shutting down and abandoning module OculusEditor (264)
[2018.01.27-13.41.40:655][352]LogModuleManager: Shutting down and abandoning module LocationServicesBPLibrary (262)
[2018.01.27-13.41.40:655][352]LogModuleManager: Shutting down and abandoning module ImmediatePhysicsEditor (260)
[2018.01.27-13.41.40:655][352]LogModuleManager: Shutting down and abandoning module ImmediatePhysics (258)
[2018.01.27-13.41.40:655][352]LogModuleManager: Shutting down and abandoning module UdpMessaging (256)
[2018.01.27-13.41.40:756][352]LogModuleManager: Shutting down and abandoning module TcpMessaging (254)
[2018.01.27-13.41.40:857][352]LogModuleManager: Shutting down and abandoning module LowEntryExtendedStandardLibrary (252)
[2018.01.27-13.41.40:857][352]LogModuleManager: Shutting down and abandoning module GameplayTagsEditor (250)
[2018.01.27-13.41.40:857][352]LogModuleManager: Shutting down and abandoning module FacialAnimationEditor (248)
[2018.01.27-13.41.40:857][352]LogModuleManager: Shutting down and abandoning module FacialAnimation (246)
[2018.01.27-13.41.40:857][352]LogModuleManager: Shutting down and abandoning module AssetManagerEditor (244)
[2018.01.27-13.41.40:857][352]LogModuleManager: Shutting down and abandoning module GraphEditor (243)
[2018.01.27-13.41.40:857][352]LogModuleManager: Shutting down and abandoning module ContentBrowser (241)
[2018.01.27-13.41.40:858][352]LogModuleManager: Shutting down and abandoning module LightPropagationVolumeRuntime (238)
[2018.01.27-13.41.40:858][352]LogModuleManager: Shutting down and abandoning module Paper2D (236)
[2018.01.27-13.41.40:858][352]LogModuleManager: Shutting down and abandoning module WindowsMoviePlayer (234)
[2018.01.27-13.41.40:858][352]LogModuleManager: Shutting down and abandoning module WmfMedia (232)
[2018.01.27-13.41.40:858][352]LogModuleManager: Shutting down and abandoning module ImgMedia (230)
[2018.01.27-13.41.40:858][352]LogModuleManager: Shutting down and abandoning module PacketHandler (228)
[2018.01.27-13.41.40:858][352]LogModuleManager: Shutting down and abandoning module ClothingSystemEditor (226)
[2018.01.27-13.41.40:858][352]LogModuleManager: Shutting down and abandoning module ClothingSystemRuntime (224)
[2018.01.27-13.41.40:858][352]LogModuleManager: Shutting down and abandoning module MediaAssets (222)
[2018.01.27-13.41.40:858][352]LogModuleManager: Shutting down and abandoning module Media (221)
[2018.01.27-13.41.40:864][352]LogModuleManager: Shutting down and abandoning module Overlay (218)
[2018.01.27-13.41.40:864][352]LogModuleManager: Shutting down and abandoning module OverlayEditor (217)
[2018.01.27-13.41.40:864][352]LogModuleManager: Shutting down and abandoning module VREditor (214)
[2018.01.27-13.41.40:864][352]LogModuleManager: Shutting down and abandoning module StringTableEditor (212)
[2018.01.27-13.41.40:864][352]LogModuleManager: Shutting down and abandoning module GameplayTasksEditor (210)
[2018.01.27-13.41.40:864][352]LogModuleManager: Shutting down and abandoning module BehaviorTreeEditor (208)
[2018.01.27-13.41.40:864][352]LogModuleManager: Shutting down and abandoning module FunctionalTesting (206)
[2018.01.27-13.41.40:864][352]LogModuleManager: Shutting down and abandoning module CollisionAnalyzer (204)
[2018.01.27-13.41.40:864][352]LogModuleManager: Shutting down and abandoning module WorkspaceMenuStructure (203)
[2018.01.27-13.41.40:864][352]LogModuleManager: Shutting down and abandoning module UMG (200)
[2018.01.27-13.41.40:864][352]LogModuleManager: Shutting down and abandoning module UMGEditor (199)
[2018.01.27-13.41.40:864][352]LogModuleManager: Shutting down and abandoning module Sequencer (198)
[2018.01.27-13.41.40:864][352]LogModuleManager: Shutting down and abandoning module MessageLog (195)
[2018.01.27-13.41.40:864][352]LogModuleManager: Shutting down and abandoning module SlateReflector (190)
[2018.01.27-13.41.40:865][352]LogModuleManager: Shutting down and abandoning module Slate (188)
[2018.01.27-13.41.40:865][352]LogModuleManager: Shutting down and abandoning module EditorStyle (186)
[2018.01.27-13.41.40:866][352]LogModuleManager: Shutting down and abandoning module MRMesh (184)
[2018.01.27-13.41.40:866][352]LogModuleManager: Shutting down and abandoning module SourceCodeAccess (182)
[2018.01.27-13.41.40:866][352]LogModuleManager: Shutting down and abandoning module HeadMountedDisplay (180)
[2018.01.27-13.41.40:866][352]LogModuleManager: Shutting down and abandoning module XAudio2 (178)
[2018.01.27-13.41.40:866][352]LogModuleManager: Shutting down and abandoning module Networking (176)
[2018.01.27-13.41.40:866][352]LogModuleManager: Shutting down and abandoning module Core (172)
[2018.01.27-13.41.40:866][352]LogModuleManager: Shutting down and abandoning module LevelSequence (168)
[2018.01.27-13.41.40:866][352]LogModuleManager: Shutting down and abandoning module DirectoryWatcher (166)
[2018.01.27-13.41.40:867][352]LogModuleManager: Shutting down and abandoning module KismetCompiler (164)
[2018.01.27-13.41.40:867][352]LogModuleManager: Shutting down and abandoning module MeshUtilities (162)
[2018.01.27-13.41.40:867][352]LogModuleManager: Shutting down and abandoning module MeshMergeUtilities (161)
[2018.01.27-13.41.40:867][352]LogModuleManager: Shutting down and abandoning module MeshReductionInterface (160)
[2018.01.27-13.41.40:867][352]LogModuleManager: Shutting down and abandoning module SimplygonSwarm (159)
[2018.01.27-13.41.40:868][352]LogModuleManager: Shutting down and abandoning module SimplygonMeshReduction (157)
[2018.01.27-13.41.40:868][352]LogModuleManager: Shutting down and abandoning module QuadricMeshReduction (155)
[2018.01.27-13.41.40:868][352]LogModuleManager: Shutting down and abandoning module MaterialBaking (151)
[2018.01.27-13.41.40:868][352]LogModuleManager: Shutting down and abandoning module DerivedDataCache (148)
[2018.01.27-13.41.41:165][352]LogDerivedDataCache: Shutdown
[2018.01.27-13.41.41:165][352]LogModuleManager: Shutting down and abandoning module TargetPlatform (146)
[2018.01.27-13.41.41:165][352]LogModuleManager: Shutting down and abandoning module VulkanShaderFormat (145)
[2018.01.27-13.41.41:165][352]LogModuleManager: Shutting down and abandoning module ShaderFormatVectorVM (143)
[2018.01.27-13.41.41:166][352]LogModuleManager: Shutting down and abandoning module ShaderFormatOpenGL (141)
[2018.01.27-13.41.41:166][352]LogModuleManager: Shutting down and abandoning module ShaderFormatD3D (139)
[2018.01.27-13.41.41:166][352]LogModuleManager: Shutting down and abandoning module MetalShaderFormat (137)
[2018.01.27-13.41.41:166][352]LogModuleManager: Shutting down and abandoning module TextureFormatUncompressed (135)
[2018.01.27-13.41.41:166][352]LogModuleManager: Shutting down and abandoning module TextureFormatPVR (133)
[2018.01.27-13.41.41:166][352]LogModuleManager: Shutting down and abandoning module TextureFormatDXT (131)
[2018.01.27-13.41.41:166][352]LogModuleManager: Shutting down and abandoning module TextureFormatIntelISPCTexComp (129)
[2018.01.27-13.41.41:166][352]LogModuleManager: Shutting down and abandoning module TextureFormatASTC (127)
[2018.01.27-13.41.41:166][352]LogModuleManager: Shutting down and abandoning module ImageWrapper (126)
[2018.01.27-13.41.41:166][352]LogModuleManager: Shutting down and abandoning module TextureFormatAndroid (123)
[2018.01.27-13.41.41:166][352]LogModuleManager: Shutting down and abandoning module AudioFormatOpus (121)
[2018.01.27-13.41.41:166][352]LogModuleManager: Shutting down and abandoning module AudioFormatOgg (119)
[2018.01.27-13.41.41:166][352]LogModuleManager: Shutting down and abandoning module AudioFormatADPCM (117)
[2018.01.27-13.41.41:166][352]LogModuleManager: Shutting down and abandoning module LinuxTargetPlatform (115)
[2018.01.27-13.41.41:166][352]LogModuleManager: Shutting down and abandoning module LinuxServerTargetPlatform (113)
[2018.01.27-13.41.41:166][352]LogModuleManager: Shutting down and abandoning module LinuxNoEditorTargetPlatform (111)
[2018.01.27-13.41.41:166][352]LogModuleManager: Shutting down and abandoning module LinuxClientTargetPlatform (109)
[2018.01.27-13.41.41:166][352]LogModuleManager: Shutting down and abandoning module TVOSTargetPlatform (107)
[2018.01.27-13.41.41:166][352]LogModuleManager: Shutting down and abandoning module Messaging (105)
[2018.01.27-13.41.41:166][352]LogModuleManager: Shutting down and abandoning module IOSTargetPlatform (103)
[2018.01.27-13.41.41:166][352]LogModuleManager: Shutting down and abandoning module HTML5TargetPlatform (101)
[2018.01.27-13.41.41:166][352]LogModuleManager: Shutting down and abandoning module AndroidTargetPlatform (99)
[2018.01.27-13.41.41:166][352]LogModuleManager: Shutting down and abandoning module Android_PVRTCTargetPlatform (97)
[2018.01.27-13.41.41:166][352]LogModuleManager: Shutting down and abandoning module Android_MultiTargetPlatform (95)
[2018.01.27-13.41.41:166][352]LogModuleManager: Shutting down and abandoning module Android_ETC2TargetPlatform (93)
[2018.01.27-13.41.41:166][352]LogModuleManager: Shutting down and abandoning module Android_ETC1TargetPlatform (91)
[2018.01.27-13.41.41:166][352]LogModuleManager: Shutting down and abandoning module Android_DXTTargetPlatform (89)
[2018.01.27-13.41.41:166][352]LogModuleManager: Shutting down and abandoning module Android_ATCTargetPlatform (87)
[2018.01.27-13.41.41:166][352]LogModuleManager: Shutting down and abandoning module Android_ASTCTargetPlatform (85)
[2018.01.27-13.41.41:166][352]LogModuleManager: Shutting down and abandoning module WindowsTargetPlatform (83)
[2018.01.27-13.41.41:166][352]LogModuleManager: Shutting down and abandoning module WindowsServerTargetPlatform (81)
[2018.01.27-13.41.41:166][352]LogModuleManager: Shutting down and abandoning module WindowsNoEditorTargetPlatform (79)
[2018.01.27-13.41.41:166][352]LogModuleManager: Shutting down and abandoning module WindowsClientTargetPlatform (77)
[2018.01.27-13.41.41:166][352]LogModuleManager: Shutting down and abandoning module MacTargetPlatform (75)
[2018.01.27-13.41.41:166][352]LogModuleManager: Shutting down and abandoning module MacServerTargetPlatform (73)
[2018.01.27-13.41.41:166][352]LogModuleManager: Shutting down and abandoning module MacNoEditorTargetPlatform (71)
[2018.01.27-13.41.41:166][352]LogModuleManager: Shutting down and abandoning module MacClientTargetPlatform (69)
[2018.01.27-13.41.41:166][352]LogModuleManager: Shutting down and abandoning module AllDesktopTargetPlatform (67)
[2018.01.27-13.41.41:166][352]LogModuleManager: Shutting down and abandoning module InputCore (64)
[2018.01.27-13.41.41:166][352]LogModuleManager: Shutting down and abandoning module Settings (62)
[2018.01.27-13.41.41:166][352]LogModuleManager: Shutting down and abandoning module PhysXCooking (60)
[2018.01.27-13.41.41:166][352]LogModuleManager: Shutting down and abandoning module SteamVR (58)
[2018.01.27-13.41.41:166][352]LogModuleManager: Shutting down and abandoning module OculusHMD (56)
[2018.01.27-13.41.41:166][352]LogModuleManager: Shutting down and abandoning module ExampleDeviceProfileSelector (54)
[2018.01.27-13.41.41:166][352]LogModuleManager: Shutting down and abandoning module AppleARKit (52)
[2018.01.27-13.41.41:166][352]LogModuleManager: Shutting down and abandoning module AugmentedReality (51)
[2018.01.27-13.41.41:166][352]LogModuleManager: Shutting down and abandoning module OnlineBlueprintSupport (48)
[2018.01.27-13.41.41:166][352]LogModuleManager: Shutting down and abandoning module OnlineSubsystem (44)
[2018.01.27-13.41.41:166][352]LogModuleManager: Shutting down and abandoning module XMPP (43)
[2018.01.27-13.41.41:166][352]LogModuleManager: Shutting down and abandoning module HTTP (41)
[2018.01.27-13.41.41:166][352]LogHttp: Display: Http module shutting down, but needs to wait on 1 outstanding Http requests:
[2018.01.27-13.41.41:167][352]LogHttp: Display: 	verb=[POST] url=[https://datarouter.ol.epicgames.com/datarouter/api/v1/public/data?SessionID=%7BBB2ECA3E-4039-CD08-C64C-CEB485133FFA%7D&AppID=UEEditor.Rocket.Release&AppVersion=4.18.1-3754814%2B%2B%2BUE4%2BRelease-4.18&UserID=311274eb4cbbaf3e2bb151910c2f6589%7C5664bc6f90e64323a0caa4283d326612%7Cfeb15e3d-6601-4dda-b726-e1c13bea9f29&AppEnvironment=datacollector-binary&UploadType=eteventstream] status=Processing
[2018.01.27-13.41.41:181][352]LogModuleManager: Shutting down and abandoning module SSL (40)
[2018.01.27-13.41.41:182][352]LogModuleManager: Shutting down and abandoning module AnimationModifiers (36)
[2018.01.27-13.41.41:182][352]LogModuleManager: Shutting down and abandoning module PropertyEditor (35)
[2018.01.27-13.41.41:182][352]LogModuleManager: Shutting down and abandoning module AudioEditor (32)
[2018.01.27-13.41.41:182][352]LogModuleManager: Shutting down and abandoning module TextureCompressor (30)
[2018.01.27-13.41.41:182][352]LogModuleManager: Shutting down and abandoning module ShaderCore (28)
[2018.01.27-13.41.41:182][352]LogModuleManager: Shutting down and abandoning module Landscape (26)
[2018.01.27-13.41.41:182][352]LogModuleManager: Shutting down and abandoning module SlateRHIRenderer (24)
[2018.01.27-13.41.41:182][352]LogModuleManager: Shutting down and abandoning module OpenGLDrv (22)
[2018.01.27-13.41.41:182][352]LogModuleManager: Shutting down and abandoning module D3D11RHI (20)
[2018.01.27-13.41.41:182][352]LogModuleManager: Shutting down and abandoning module AnimGraphRuntime (18)
[2018.01.27-13.41.41:183][352]LogModuleManager: Shutting down and abandoning module Renderer (16)
[2018.01.27-13.41.41:183][352]LogModuleManager: Shutting down and abandoning module Engine (14)
[2018.01.27-13.41.41:183][352]LogModuleManager: Shutting down and abandoning module CoreUObject (12)
[2018.01.27-13.41.41:183][352]LogModuleManager: Shutting down and abandoning module NetworkFile (10)
[2018.01.27-13.41.41:183][352]LogModuleManager: Shutting down and abandoning module CookedIterativeFile (8)
[2018.01.27-13.41.41:183][352]LogModuleManager: Shutting down and abandoning module StreamingFile (6)
[2018.01.27-13.41.41:183][352]LogModuleManager: Shutting down and abandoning module SandboxFile (4)
[2018.01.27-13.41.41:183][352]LogModuleManager: Shutting down and abandoning module PakFile (2)
[2018.01.27-13.41.41:185][352]LogExit: Exiting.
[2018.01.27-13.41.41:198][352]Log file closed, 01/27/18 14:41:41
