Log file open, 01/27/18 05:32:33
LogWindows: Failed to load 'aqProf.dll' (GetLastError=126)
LogWindows: File 'aqProf.dll' does not exist
LogWindows: Failed to load 'VSPerf140.dll' (GetLastError=126)
LogWindows: File 'VSPerf140.dll' does not exist
LogWindows: Failed to load 'VtuneApi.dll' (GetLastError=126)
LogWindows: File 'VtuneApi.dll' does not exist
LogWindows: Failed to load 'VtuneApi32e.dll' (GetLastError=126)
LogWindows: File 'VtuneApi32e.dll' does not exist
LogInit: Display: Running engine for game: BearPressure
LogPlatformFile: Not using cached read wrapper
LogInit: Display: RandInit(-591790385) SRandInit(-591790385).
LogInit: Read version file with build ID '3709383'
LogInit: Overriding engine version to CL 3794801, compatible CL 3709383
LogInit: Registered custom module enumerator with build ID '3709383'
LogTaskGraph: Started task graph with 5 named threads and 14 total threads with 3 sets of task threads.
LogStats: Stats thread started at 0.180308
LogD3D11RHI: Aftermath initialized
LogModuleManager: Display: Found up-to-date module file ../../../Engine/Plugins/Marketplace/LowEntryExtStdLib/Binaries/Win64/UE4Editor-LowEntryExtendedStandardLibrary.dll (API version 3709383).
LogModuleManager: Display: Found up-to-date module file ../../../Engine/Plugins/Marketplace/LowEntryExtStdLib/Binaries/Win64/UE4Editor-LowEntryExtendedStandardLibraryEditor.dll (API version 3709383).
LogModuleManager: Display: Found up-to-date module file ../../../Engine/Plugins/2D/Paper2D/Binaries/Win64/UE4Editor-Paper2D.dll (API version 3709383).
LogModuleManager: Display: Found up-to-date module file ../../../Engine/Plugins/2D/Paper2D/Binaries/Win64/UE4Editor-Paper2DEditor.dll (API version 3709383).
LogModuleManager: Display: Found up-to-date module file ../../../Engine/Plugins/2D/Paper2D/Binaries/Win64/UE4Editor-PaperSpriteSheetImporter.dll (API version 3709383).
LogModuleManager: Display: Found up-to-date module file ../../../Engine/Plugins/2D/Paper2D/Binaries/Win64/UE4Editor-PaperTiledImporter.dll (API version 3709383).
LogModuleManager: Display: Found up-to-date module file ../../../Engine/Plugins/2D/Paper2D/Binaries/Win64/UE4Editor-SmartSnapping.dll (API version 3709383).
LogModuleManager: Display: Found up-to-date module file ../../../Engine/Plugins/Blendables/LightPropagationVolume/Binaries/Win64/UE4Editor-LightPropagationVolumeRuntime.dll (API version 3709383).
LogModuleManager: Display: Found up-to-date module file ../../../Engine/Plugins/Blendables/LightPropagationVolume/Binaries/Win64/UE4Editor-LightPropagationVolumeEditor.dll (API version 3709383).
LogModuleManager: Display: Found up-to-date module file ../../../Engine/Plugins/Developer/GitSourceControl/Binaries/Win64/UE4Editor-GitSourceControl.dll (API version 3709383).
LogModuleManager: Display: Found up-to-date module file ../../../Engine/Plugins/Developer/PerforceSourceControl/Binaries/Win64/UE4Editor-PerforceSourceControl.dll (API version 3709383).
LogModuleManager: Display: Found up-to-date module file ../../../Engine/Plugins/Developer/SubversionSourceControl/Binaries/Win64/UE4Editor-SubversionSourceControl.dll (API version 3709383).
LogModuleManager: Display: Found up-to-date module file ../../../Engine/Plugins/Developer/UObjectPlugin/Binaries/Win64/UE4Editor-UObjectPlugin.dll (API version 3709383).
LogModuleManager: Display: Found up-to-date module file ../../../Engine/Plugins/Developer/VisualStudioCodeSourceCodeAccess/Binaries/Win64/UE4Editor-VisualStudioCodeSourceCodeAccess.dll (API version 3709383).
LogModuleManager: Display: Found up-to-date module file ../../../Engine/Plugins/Developer/VisualStudioSourceCodeAccess/Binaries/Win64/UE4Editor-VisualStudioSourceCodeAccess.dll (API version 3709383).
LogModuleManager: Display: Found up-to-date module file ../../../Engine/Plugins/Editor/AssetManagerEditor/Binaries/Win64/UE4Editor-AssetManagerEditor.dll (API version 3709383).
LogModuleManager: Display: Found up-to-date module file ../../../Engine/Plugins/Editor/AudioCapture/Binaries/Win64/UE4Editor-AudioCapture.dll (API version 3709383).
LogModuleManager: Display: Found up-to-date module file ../../../Engine/Plugins/Editor/FacialAnimation/Binaries/Win64/UE4Editor-FacialAnimation.dll (API version 3709383).
LogModuleManager: Display: Found up-to-date module file ../../../Engine/Plugins/Editor/FacialAnimation/Binaries/Win64/UE4Editor-FacialAnimationEditor.dll (API version 3709383).
LogModuleManager: Display: Found up-to-date module file ../../../Engine/Plugins/Editor/GameplayTagsEditor/Binaries/Win64/UE4Editor-GameplayTagsEditor.dll (API version 3709383).
LogModuleManager: Display: Found up-to-date module file ../../../Engine/Plugins/Editor/MobileLauncherProfileWizard/Binaries/Win64/UE4Editor-MobileLauncherProfileWizard.dll (API version 3709383).
LogModuleManager: Display: Found up-to-date module file ../../../Engine/Plugins/Editor/PluginBrowser/Binaries/Win64/UE4Editor-PluginBrowser.dll (API version 3709383).
LogModuleManager: Display: Found up-to-date module file ../../../Engine/Plugins/Editor/SpeedTreeImporter/Binaries/Win64/UE4Editor-SpeedTreeImporter.dll (API version 3709383).
LogModuleManager: Display: Found up-to-date module file ../../../Engine/Plugins/Experimental/AlembicImporter/Binaries/Win64/UE4Editor-AlembicImporter.dll (API version 3709383).
LogModuleManager: Display: Found up-to-date module file ../../../Engine/Plugins/Experimental/AlembicImporter/Binaries/Win64/UE4Editor-AlembicLibrary.dll (API version 3709383).
LogModuleManager: Display: Found up-to-date module file ../../../Engine/Plugins/Experimental/CharacterAI/Binaries/Win64/UE4Editor-CharacterAI.dll (API version 3709383).
LogModuleManager: Display: Found up-to-date module file ../../../Engine/Plugins/Experimental/HTML5Networking/Binaries/Win64/UE4Editor-HTML5Networking.dll (API version 3709383).
LogModuleManager: Display: Found up-to-date module file ../../../Engine/Plugins/Media/AndroidMedia/Binaries/Win64/UE4Editor-AndroidMediaEditor.dll (API version 3709383).
LogModuleManager: Display: Found up-to-date module file ../../../Engine/Plugins/Media/AndroidMedia/Binaries/Win64/UE4Editor-AndroidMediaFactory.dll (API version 3709383).
LogModuleManager: Display: Found up-to-date module file ../../../Engine/Plugins/Media/AvfMedia/Binaries/Win64/UE4Editor-AvfMediaEditor.dll (API version 3709383).
LogModuleManager: Display: Found up-to-date module file ../../../Engine/Plugins/Media/AvfMedia/Binaries/Win64/UE4Editor-AvfMediaFactory.dll (API version 3709383).
LogModuleManager: Display: Found up-to-date module file ../../../Engine/Plugins/Media/AvfMedia/Binaries/Win64/UE4Editor-AvfMediaFactory.dll (API version 3709383).
LogModuleManager: Display: Found up-to-date module file ../../../Engine/Plugins/Media/ImgMedia/Binaries/Win64/UE4Editor-ImgMedia.dll (API version 3709383).
LogModuleManager: Display: Found up-to-date module file ../../../Engine/Plugins/Media/ImgMedia/Binaries/Win64/UE4Editor-ImgMediaEditor.dll (API version 3709383).
LogModuleManager: Display: Found up-to-date module file ../../../Engine/Plugins/Media/ImgMedia/Binaries/Win64/UE4Editor-ImgMediaFactory.dll (API version 3709383).
LogModuleManager: Display: Found up-to-date module file ../../../Engine/Plugins/Media/ImgMedia/Binaries/Win64/UE4Editor-ImgMediaFactory.dll (API version 3709383).
LogModuleManager: Display: Found up-to-date module file ../../../Engine/Plugins/Media/ImgMedia/Binaries/Win64/UE4Editor-OpenExrWrapper.dll (API version 3709383).
LogModuleManager: Display: Found up-to-date module file ../../../Engine/Plugins/Media/MediaCompositing/Binaries/Win64/UE4Editor-MediaCompositing.dll (API version 3709383).
LogModuleManager: Display: Found up-to-date module file ../../../Engine/Plugins/Media/MediaCompositing/Binaries/Win64/UE4Editor-MediaCompositingEditor.dll (API version 3709383).
LogModuleManager: Display: Found up-to-date module file ../../../Engine/Plugins/Media/MediaPlayerEditor/Binaries/Win64/UE4Editor-MediaPlayerEditor.dll (API version 3709383).
LogModuleManager: Display: Found up-to-date module file ../../../Engine/Plugins/Media/WmfMedia/Binaries/Win64/UE4Editor-WmfMedia.dll (API version 3709383).
LogModuleManager: Display: Found up-to-date module file ../../../Engine/Plugins/Media/WmfMedia/Binaries/Win64/UE4Editor-WmfMediaEditor.dll (API version 3709383).
LogModuleManager: Display: Found up-to-date module file ../../../Engine/Plugins/Media/WmfMedia/Binaries/Win64/UE4Editor-WmfMediaFactory.dll (API version 3709383).
LogModuleManager: Display: Found up-to-date module file ../../../Engine/Plugins/Media/WmfMedia/Binaries/Win64/UE4Editor-WmfMediaFactory.dll (API version 3709383).
LogModuleManager: Display: Found up-to-date module file ../../../Engine/Plugins/Messaging/TcpMessaging/Binaries/Win64/UE4Editor-TcpMessaging.dll (API version 3709383).
LogModuleManager: Display: Found up-to-date module file ../../../Engine/Plugins/Messaging/UdpMessaging/Binaries/Win64/UE4Editor-UdpMessaging.dll (API version 3709383).
LogModuleManager: Display: Found up-to-date module file ../../../Engine/Plugins/MovieScene/ActorSequence/Binaries/Win64/UE4Editor-ActorSequence.dll (API version 3709383).
LogModuleManager: Display: Found up-to-date module file ../../../Engine/Plugins/MovieScene/LevelSequenceEditor/Binaries/Win64/UE4Editor-LevelSequenceEditor.dll (API version 3709383).
LogModuleManager: Display: Found up-to-date module file ../../../Engine/Plugins/MovieScene/MatineeToLevelSequence/Binaries/Win64/UE4Editor-MatineeToLevelSequence.dll (API version 3709383).
LogModuleManager: Display: Found up-to-date module file ../../../Engine/Plugins/Online/OnlineSubsystem/Binaries/Win64/UE4Editor-OnlineSubsystem.dll (API version 3709383).
LogModuleManager: Display: Found up-to-date module file ../../../Engine/Plugins/Runtime/AndroidPermission/Binaries/Win64/UE4Editor-AndroidPermission.dll (API version 3709383).
LogModuleManager: Display: Found up-to-date module file ../../../Engine/Plugins/Online/OnlineSubsystemNull/Binaries/Win64/UE4Editor-OnlineSubsystemNull.dll (API version 3709383).
LogModuleManager: Display: Found up-to-date module file ../../../Engine/Plugins/Online/OnlineSubsystemUtils/Binaries/Win64/UE4Editor-OnlineSubsystemUtils.dll (API version 3709383).
LogModuleManager: Display: Found up-to-date module file ../../../Engine/Plugins/Online/OnlineSubsystemUtils/Binaries/Win64/UE4Editor-OnlineBlueprintSupport.dll (API version 3709383).
LogModuleManager: Display: Found up-to-date module file ../../../Engine/Plugins/Runtime/AndroidDeviceProfileSelector/Binaries/Win64/UE4Editor-AndroidDeviceProfileSelector.dll (API version 3709383).
LogModuleManager: Display: Found up-to-date module file ../../../Engine/Plugins/Runtime/AppleARKit/Binaries/Win64/UE4Editor-AppleARKit.dll (API version 3709383).
LogModuleManager: Display: Found up-to-date module file ../../../Engine/Plugins/Runtime/ArchVisCharacter/Binaries/Win64/UE4Editor-ArchVisCharacter.dll (API version 3709383).
LogModuleManager: Display: Found up-to-date module file ../../../Engine/Plugins/Runtime/CableComponent/Binaries/Win64/UE4Editor-CableComponent.dll (API version 3709383).
LogModuleManager: Display: Found up-to-date module file ../../../Engine/Plugins/Runtime/CustomMeshComponent/Binaries/Win64/UE4Editor-CustomMeshComponent.dll (API version 3709383).
LogModuleManager: Display: Found up-to-date module file ../../../Engine/Plugins/Runtime/ExampleDeviceProfileSelector/Binaries/Win64/UE4Editor-ExampleDeviceProfileSelector.dll (API version 3709383).
LogModuleManager: Display: Found up-to-date module file ../../../Engine/Plugins/Runtime/HoudiniEngine/Binaries/Win64/UE4Editor-HoudiniEngineRuntime.dll (API version 3709383).
LogModuleManager: Display: Found up-to-date module file ../../../Engine/Plugins/Runtime/HoudiniEngine/Binaries/Win64/UE4Editor-HoudiniEngineEditor.dll (API version 3709383).
LogModuleManager: Display: Found up-to-date module file ../../../Engine/Plugins/Runtime/ImmediatePhysics/Binaries/Win64/UE4Editor-ImmediatePhysics.dll (API version 3709383).
LogModuleManager: Display: Found up-to-date module file ../../../Engine/Plugins/Runtime/ImmediatePhysics/Binaries/Win64/UE4Editor-ImmediatePhysicsEditor.dll (API version 3709383).
LogModuleManager: Display: Found up-to-date module file ../../../Engine/Plugins/Runtime/LocationServicesBPLibrary/Binaries/Win64/UE4Editor-LocationServicesBPLibrary.dll (API version 3709383).
LogModuleManager: Display: Found up-to-date module file ../../../Engine/Plugins/Runtime/MobilePatchingUtils/Binaries/Win64/UE4Editor-MobilePatchingUtils.dll (API version 3709383).
LogModuleManager: Display: Found up-to-date module file ../../../Engine/Plugins/Runtime/Oculus/OculusVR/Binaries/Win64/UE4Editor-OculusHMD.dll (API version 3709383).
LogModuleManager: Display: Found up-to-date module file ../../../Engine/Plugins/Runtime/Oculus/OculusVR/Binaries/Win64/UE4Editor-OculusInput.dll (API version 3709383).
LogModuleManager: Display: Found up-to-date module file ../../../Engine/Plugins/Runtime/Oculus/OculusVR/Binaries/Win64/UE4Editor-OculusEditor.dll (API version 3709383).
LogModuleManager: Display: Found up-to-date module file ../../../Engine/Plugins/Runtime/PhysXVehicles/Binaries/Win64/UE4Editor-PhysXVehicles.dll (API version 3709383).
LogModuleManager: Display: Found up-to-date module file ../../../Engine/Plugins/Runtime/PhysXVehicles/Binaries/Win64/UE4Editor-PhysXVehiclesEditor.dll (API version 3709383).
LogModuleManager: Display: Found up-to-date module file ../../../Engine/Plugins/Runtime/ProceduralMeshComponent/Binaries/Win64/UE4Editor-ProceduralMeshComponent.dll (API version 3709383).
LogModuleManager: Display: Found up-to-date module file ../../../Engine/Plugins/Runtime/ProceduralMeshComponent/Binaries/Win64/UE4Editor-ProceduralMeshComponentEditor.dll (API version 3709383).
LogModuleManager: Display: Found up-to-date module file ../../../Engine/Plugins/Runtime/RuntimePhysXCooking/Binaries/Win64/UE4Editor-RuntimePhysXCooking.dll (API version 3709383).
LogModuleManager: Display: Found up-to-date module file ../../../Engine/Plugins/Runtime/Steam/SteamVR/Binaries/Win64/UE4Editor-SteamVR.dll (API version 3709383).
LogModuleManager: Display: Found up-to-date module file ../../../Engine/Plugins/Runtime/Steam/SteamVR/Binaries/Win64/UE4Editor-SteamVRController.dll (API version 3709383).
LogModuleManager: Display: Found up-to-date module file ../../../Engine/Plugins/Runtime/WindowsMoviePlayer/Binaries/Win64/UE4Editor-WindowsMoviePlayer.dll (API version 3709383).
LogPluginManager: Mounting plugin Paper2D
LogPluginManager: Mounting plugin LightPropagationVolume
LogPluginManager: Mounting plugin CodeLiteSourceCodeAccess
LogPluginManager: Mounting plugin GitSourceControl
LogPluginManager: Mounting plugin KDevelopSourceCodeAccess
LogPluginManager: Mounting plugin NullSourceCodeAccess
LogPluginManager: Mounting plugin PerforceSourceControl
LogPluginManager: Mounting plugin SubversionSourceControl
LogPluginManager: Mounting plugin UObjectPlugin
LogPluginManager: Mounting plugin VisualStudioCodeSourceCodeAccess
LogPluginManager: Mounting plugin VisualStudioSourceCodeAccess
LogPluginManager: Mounting plugin XCodeSourceCodeAccess
LogPluginManager: Mounting plugin AssetManagerEditor
LogPluginManager: Mounting plugin AudioCapture
LogPluginManager: Mounting plugin FacialAnimation
LogPluginManager: Mounting plugin GameplayTagsEditor
LogPluginManager: Mounting plugin MobileLauncherProfileWizard
LogPluginManager: Mounting plugin PluginBrowser
LogPluginManager: Mounting plugin SpeedTreeImporter
LogPluginManager: Mounting plugin AlembicImporter
LogPluginManager: Mounting plugin CharacterAI
LogPluginManager: Mounting plugin HTML5Networking
LogPluginManager: Mounting plugin LowEntryExtStdLib
LogPluginManager: Mounting plugin AndroidMedia
LogPluginManager: Mounting plugin AvfMedia
LogPluginManager: Mounting plugin ImgMedia
LogPluginManager: Mounting plugin MediaCompositing
LogPluginManager: Mounting plugin MediaPlayerEditor
LogPluginManager: Mounting plugin WmfMedia
LogPluginManager: Mounting plugin TcpMessaging
LogPluginManager: Mounting plugin UdpMessaging
LogPluginManager: Mounting plugin ActorSequence
LogPluginManager: Mounting plugin LevelSequenceEditor
LogPluginManager: Mounting plugin MatineeToLevelSequence
LogPluginManager: Mounting plugin OnlineSubsystemGooglePlay
LogPluginManager: Mounting plugin OnlineSubsystemIOS
LogPluginManager: Mounting plugin OnlineSubsystem
LogPluginManager: Mounting plugin OnlineSubsystemNull
LogPluginManager: Mounting plugin OnlineSubsystemUtils
LogPluginManager: Mounting plugin AndroidDeviceProfileSelector
LogPluginManager: Mounting plugin AndroidMoviePlayer
LogPluginManager: Mounting plugin AndroidPermission
LogPluginManager: Mounting plugin AppleARKit
LogPluginManager: Mounting plugin AppleMoviePlayer
LogPluginManager: Mounting plugin ArchVisCharacter
LogPluginManager: Mounting plugin CableComponent
LogPluginManager: Mounting plugin CustomMeshComponent
LogPluginManager: Mounting plugin ExampleDeviceProfileSelector
LogPluginManager: Mounting plugin GoogleCloudMessaging
LogPluginManager: Mounting plugin HoudiniEngine
LogPluginManager: Mounting plugin ImmediatePhysics
LogPluginManager: Mounting plugin IOSDeviceProfileSelector
LogPluginManager: Mounting plugin LinuxDeviceProfileSelector
LogPluginManager: Mounting plugin LocationServicesBPLibrary
LogPluginManager: Mounting plugin MobilePatchingUtils
LogPluginManager: Mounting plugin OculusVR
LogPluginManager: Plugin shader directory ../../../Engine/Plugins/Runtime/Oculus/OculusVR/Shaders found
LogPluginManager: Mapping shader source directory ../../../Engine/Plugins/Runtime/Oculus/OculusVR/Shaders to virtual directory /Plugin/OculusVR
LogPluginManager: Mounting plugin PhysXVehicles
LogPluginManager: Mounting plugin ProceduralMeshComponent
LogPluginManager: Mounting plugin RuntimePhysXCooking
LogPluginManager: Mounting plugin SteamVR
LogPluginManager: Mounting plugin WindowsMoviePlayer
LogInit: Using libcurl 7.47.1
LogInit:  - built for x86_64-pc-win32
LogInit:  - supports SSL with OpenSSL/1.0.2g
LogInit:  - supports HTTP deflate (compression) using libz 1.2.8
LogInit:  - other features:
LogInit:      CURL_VERSION_SSL
LogInit:      CURL_VERSION_LIBZ
LogInit:      CURL_VERSION_IPV6
LogInit:      CURL_VERSION_ASYNCHDNS
LogInit:      CURL_VERSION_LARGEFILE
LogInit:      CURL_VERSION_IDN
LogInit:  CurlRequestOptions (configurable via config and command line):
LogInit:  - bVerifyPeer = false  - Libcurl will NOT verify peer certificate
LogInit:  - bUseHttpProxy = false  - Libcurl will NOT use HTTP proxy
LogInit:  - bDontReuseConnections = false  - Libcurl will reuse connections
LogInit:  - CertBundlePath = nullptr  - Libcurl will use whatever was configured at build time.
LogInit: Build: ++UE4+Release-4.18-CL-3794801
LogInit: Engine Version: 4.18.2-3794801+++UE4+Release-4.18
LogInit: Compatible Engine Version: 4.18.0-3709383+++UE4+Release-4.18
LogInit: Net CL: 3709383
LogDevObjectVersion: Number of dev versions registered: 16
LogDevObjectVersion:   Dev-Blueprints (B0D832E4-1F89-4F0D-ACCF-7EB736FD4AA2): 10
LogDevObjectVersion:   Dev-Build (E1C64328-A22C-4D53-A36C-8E866417BD8C): 0
LogDevObjectVersion:   Dev-Core (375EC13C-06E4-48FB-B500-84F0262A717E): 2
LogDevObjectVersion:   Dev-Editor (E4B068ED-F494-42E9-A231-DA0B2E46BB41): 20
LogDevObjectVersion:   Dev-Framework (CFFC743F-43B0-4480-9391-14DF171D2073): 30
LogDevObjectVersion:   Dev-Mobile (B02B49B5-BB20-44E9-A304-32B752E40360): 0
LogDevObjectVersion:   Dev-Networking (A4E4105C-59A1-49B5-A7C5-40C4547EDFEE): 0
LogDevObjectVersion:   Dev-Online (39C831C9-5AE6-47DC-9A44-9C173E1C8E7C): 0
LogDevObjectVersion:   Dev-Physics (78F01B33-EBEA-4F98-B9B4-84EACCB95AA2): 0
LogDevObjectVersion:   Dev-Platform (6631380F-2D4D-43E0-8009-CF276956A95A): 0
LogDevObjectVersion:   Dev-Rendering (12F88B9F-8875-4AFC-A67C-D90C383ABD29): 20
LogDevObjectVersion:   Dev-Sequencer (7B5AE74C-D270-4C10-A958-57980B212A5A): 4
LogDevObjectVersion:   Dev-VR (D7296918-1DD6-4BDD-9DE2-64A83CC13884): 0
LogDevObjectVersion:   Dev-LoadTimes (C2A15278-BFE7-4AFE-6C17-90FF531DF755): 1
LogDevObjectVersion:   Private-Geometry (6EACA3D4-40EC-4CC1-B786-8BED09428FC5): 1
LogDevObjectVersion:   Dev-AnimPhys (29E575DD-E0A3-4627-9D10-D276232CDCEA): 12
LogInit: Compiled (64-bit): Dec  8 2017 02:04:53
LogInit: Compiled with Visual C++: 19.00.24215.01
LogInit: Build Configuration: Development
LogInit: Branch Name: ++UE4+Release-4.18
LogInit: Command line:  
LogInit: Base directory: E:/Program Files/EpicGames/UE_4.18/Engine/Binaries/Win64/
LogInit: Installed Engine Build: 1
LogInit: Presizing for max 8388607 objects, including 0 objects not considered by GC, pre-allocating 0 bytes for permanent pool.
LogInit: Object subsystem initialized
[2018.01.27-04.32.34:578][  0]LogInit: Selected Device Profile: [Windows]
[2018.01.27-04.32.34:578][  0]LogInit: Applying CVar settings loaded from the selected device profile: [Windows]
[2018.01.27-04.32.34:602][  0]LogInit: Computer: TRINH-MSI
[2018.01.27-04.32.34:602][  0]LogInit: User: trinh
[2018.01.27-04.32.34:602][  0]LogInit: CPU Page size=4096, Cores=4
[2018.01.27-04.32.34:602][  0]LogInit: High frequency timer resolution =2.531250 MHz
[2018.01.27-04.32.34:602][  0]LogMemory: Memory total: Physical=7.9GB (8GB approx)
[2018.01.27-04.32.34:603][  0]LogMemory: Platform Memory Stats for Windows
[2018.01.27-04.32.34:603][  0]LogMemory: Process Physical Memory: 273.37 MB used, 273.37 MB peak
[2018.01.27-04.32.34:603][  0]LogMemory: Process Virtual Memory: 269.95 MB used, 269.95 MB peak
[2018.01.27-04.32.34:603][  0]LogMemory: Physical Memory: 6928.77 MB used,  1173.98 MB free, 8102.75 MB total
[2018.01.27-04.32.34:603][  0]LogMemory: Virtual Memory: 682.20 MB used,  1173.98 MB free, 134217728.00 MB total
[2018.01.27-04.32.34:771][  0]LogInit: Using OS detected language (en-US).
[2018.01.27-04.32.34:771][  0]LogInit: Using OS detected locale (en-US).
[2018.01.27-04.32.34:781][  0]LogTextLocalizationManager: No specific localization for 'en-US' exists, so the 'en' localization will be used.
[2018.01.27-04.32.35:318][  0]LogInit: Setting process to per monitor DPI aware
[2018.01.27-04.32.35:867][  0]LogD3D11RHI: D3D11 adapters:
[2018.01.27-04.32.35:928][  0]LogD3D11RHI:    0. 'NVIDIA GeForce GTX 965M' (Feature Level 11_0)
[2018.01.27-04.32.35:928][  0]LogD3D11RHI:       2019/0/4051 MB DedicatedVideo/DedicatedSystem/SharedSystem, Outputs:2, VendorId:0x10de
[2018.01.27-04.32.35:942][  0]LogD3D11RHI:    1. 'Intel(R) HD Graphics 530' (Feature Level 11_0)
[2018.01.27-04.32.35:942][  0]LogD3D11RHI:       128/0/4051 MB DedicatedVideo/DedicatedSystem/SharedSystem, Outputs:0, VendorId:0x8086
[2018.01.27-04.32.35:945][  0]LogD3D11RHI:    2. 'Microsoft Basic Render Driver' (Feature Level 11_0)
[2018.01.27-04.32.35:945][  0]LogD3D11RHI:       0/0/4051 MB DedicatedVideo/DedicatedSystem/SharedSystem, Outputs:0, VendorId:0x1414
[2018.01.27-04.32.35:945][  0]LogD3D11RHI: Chosen D3D11 Adapter: 0
[2018.01.27-04.32.35:962][  0]LogD3D11RHI: Creating new Direct3DDevice
[2018.01.27-04.32.35:962][  0]LogD3D11RHI:     GPU DeviceId: 0x1427 (for the marketing name, search the web for "GPU Device Id")
[2018.01.27-04.32.35:962][  0]LogWindows: EnumDisplayDevices:
[2018.01.27-04.32.35:962][  0]LogWindows:    0. 'Intel(R) HD Graphics 530' (P:1 D:1)
[2018.01.27-04.32.35:962][  0]LogWindows:    1. 'Intel(R) HD Graphics 530' (P:0 D:1)
[2018.01.27-04.32.35:962][  0]LogWindows:    2. 'Intel(R) HD Graphics 530' (P:0 D:0)
[2018.01.27-04.32.35:962][  0]LogWindows: DebugString: GetVideoDriverDetailsInvalid PrimaryIsNotTheChoosenAdapter GetVideoDriverDetailsInvalid PrimaryIsNotTheChoosenAdapter GetVideoDriverDetailsInvalid PrimaryIsNotTheChoosenAdapter FoundDriverCount:0 
[2018.01.27-04.32.35:962][  0]LogD3D11RHI:     Adapter Name: NVIDIA GeForce GTX 965M
[2018.01.27-04.32.35:962][  0]LogD3D11RHI:   Driver Version: Unknown (internal:Unknown, unified:Unknown)
[2018.01.27-04.32.35:962][  0]LogD3D11RHI:      Driver Date: Unknown
[2018.01.27-04.32.35:962][  0]LogRHI: Texture pool is 1413 MB (70% of 2019 MB)
[2018.01.27-04.32.35:995][  0]LogD3D11RHI: Async texture creation enabled
[2018.01.27-04.32.36:023][  0]LogD3D11RHI: GPU Timing Frequency: 1000.000000 (Debug: 2 1)
[2018.01.27-04.32.36:025][  0]LogShaderCompilers: Guid format shader working directory is 2 characters bigger than the processId version (../../../../../../BearPressure/BearPressure/Intermediate/Shaders/WorkingDirectory/29292/).
[2018.01.27-04.32.36:026][  0]LogShaderCompilers: Cleaned the shader compiler working directory 'C:/Users/trinh/AppData/Local/Temp/UnrealShaderWorkingDir/FCD0EA194FC396232EEB3BAC82074089/'.
[2018.01.27-04.32.36:026][  0]LogShaderCompilers: Display: Using Local Shader Compiler.
[2018.01.27-04.32.37:248][  0]LogTemp: Display: Loaded TP AllDesktopTargetPlatform
[2018.01.27-04.32.37:298][  0]LogTemp: Display: Loaded TP MacClientTargetPlatform
[2018.01.27-04.32.37:347][  0]LogTemp: Display: Loaded TP MacNoEditorTargetPlatform
[2018.01.27-04.32.37:399][  0]LogTemp: Display: Loaded TP MacServerTargetPlatform
[2018.01.27-04.32.37:451][  0]LogTemp: Display: Loaded TP MacTargetPlatform
[2018.01.27-04.32.37:499][  0]LogTemp: Display: Loaded TP WindowsClientTargetPlatform
[2018.01.27-04.32.37:549][  0]LogTemp: Display: Loaded TP WindowsNoEditorTargetPlatform
[2018.01.27-04.32.37:597][  0]LogTemp: Display: Loaded TP WindowsServerTargetPlatform
[2018.01.27-04.32.37:637][  0]LogTemp: Display: Loaded TP WindowsTargetPlatform
[2018.01.27-04.32.37:686][  0]LogTemp: Display: Loaded TP Android_ASTCTargetPlatform
[2018.01.27-04.32.37:734][  0]LogTemp: Display: Loaded TP Android_ATCTargetPlatform
[2018.01.27-04.32.37:784][  0]LogTemp: Display: Loaded TP Android_DXTTargetPlatform
[2018.01.27-04.32.37:835][  0]LogTemp: Display: Loaded TP Android_ETC1TargetPlatform
[2018.01.27-04.32.37:885][  0]LogTemp: Display: Loaded TP Android_ETC2TargetPlatform
[2018.01.27-04.32.37:984][  0]LogTemp: Display: Loaded TP Android_MultiTargetPlatform
[2018.01.27-04.32.37:984][  0]LogTemp: Display: Loaded TP Android_PVRTCTargetPlatform
[2018.01.27-04.32.38:030][  0]LogTemp: Display: Loaded TP AndroidTargetPlatform
[2018.01.27-04.32.38:066][  0]LogTemp: Display: Loaded TP HTML5TargetPlatform
[2018.01.27-04.32.38:147][  0]LogTemp: Display: Loaded TP IOSTargetPlatform
[2018.01.27-04.32.38:173][  0]LogTemp: Display: Loaded TP TVOSTargetPlatform
[2018.01.27-04.32.38:217][  0]LogTemp: Display: Loaded TP LinuxClientTargetPlatform
[2018.01.27-04.32.38:262][  0]LogTemp: Display: Loaded TP LinuxNoEditorTargetPlatform
[2018.01.27-04.32.38:313][  0]LogTemp: Display: Loaded TP LinuxServerTargetPlatform
[2018.01.27-04.32.38:362][  0]LogTemp: Display: Loaded TP LinuxTargetPlatform
[2018.01.27-04.32.38:363][  0]LogTargetPlatformManager: Display: Building Assets For Windows
[2018.01.27-04.32.38:836][  0]LogDerivedDataCache: Display: Max Cache Size: 512 MB
[2018.01.27-04.32.39:149][  0]LogDerivedDataCache: Loaded boot cache 0.31s 78MB C:/Users/trinh/AppData/Local/UnrealEngine/4.18/DerivedDataCache/Boot.ddc.
[2018.01.27-04.32.39:149][  0]LogDerivedDataCache: Display: Loaded Boot cache: C:/Users/trinh/AppData/Local/UnrealEngine/4.18/DerivedDataCache/Boot.ddc
[2018.01.27-04.32.39:149][  0]LogDerivedDataCache: FDerivedDataBackendGraph:  Pak pak cache file ../../../../../../BearPressure/BearPressure/DerivedDataCache/DDC.ddp not found, will not use a pak cache.
[2018.01.27-04.32.39:149][  0]LogDerivedDataCache: Unable to find inner node Pak for hierarchical cache Hierarchy.
[2018.01.27-04.32.39:149][  0]LogDerivedDataCache: FDerivedDataBackendGraph:  CompressedPak pak cache file ../../../../../../BearPressure/BearPressure/DerivedDataCache/Compressed.ddp not found, will not use a pak cache.
[2018.01.27-04.32.39:149][  0]LogDerivedDataCache: Unable to find inner node CompressedPak for hierarchical cache Hierarchy.
[2018.01.27-04.32.39:174][  0]LogDerivedDataCache: Display: Pak cache opened for reading ../../../Engine/DerivedDataCache/Compressed.ddp.
[2018.01.27-04.32.39:189][  0]LogDerivedDataCache: Using Local data cache path C:/Users/trinh/AppData/Local/UnrealEngine/Common/DerivedDataCache: Writable
[2018.01.27-04.32.39:205][  0]LogMaterial: Verifying Global Shaders for PCD3D_SM5
[2018.01.27-04.32.39:206][  0]LogSlate: Using Freetype 2.6.0
[2018.01.27-04.32.39:209][  0]LogSlate: SlateFontCache - WITH_FREETYPE: 1, WITH_HARFBUZZ: 1
[2018.01.27-04.32.39:209][  0]LogSlate: SlateFontCache - WITH_FREETYPE: 1, WITH_HARFBUZZ: 1
[2018.01.27-04.32.39:889][  0]LogInit: Selected Device Profile: [Windows]
[2018.01.27-04.32.40:238][  0]LogSimplygon: Simplygon DLL not present - disabling.
[2018.01.27-04.32.40:274][  0]LogMeshReduction: Using SimplygonSwarm for distributed automatic mesh merging
[2018.01.27-04.32.40:274][  0]LogMeshReduction: Using QuadricMeshReduction for automatic static mesh reduction
[2018.01.27-04.32.40:275][  0]LogMeshReduction: No automatic skeletal mesh reduction module available
[2018.01.27-04.32.40:275][  0]LogMeshReduction: No automatic mesh merging module available
[2018.01.27-04.32.40:275][  0]LogMeshMerging: No automatic mesh merging module available
[2018.01.27-04.32.40:312][  0]LogNetVersion: BearPressure , NetCL: 3709383, EngineNetVer: 2, GameNetVer: 0 (Checksum: 4219025520)
[2018.01.27-04.32.40:489][  0]LogAssetRegistry: FAssetRegistry took 0.0263 seconds to start up
[2018.01.27-04.32.41:219][  0]LogPackageLocalizationCache: Processed 9 localized package path(s) for 2 prioritized culture(s) in 0.075848 seconds
[2018.01.27-04.32.41:226][  0]LogUObjectArray: 35900 objects as part of root set at end of initial load.
[2018.01.27-04.32.41:226][  0]LogUObjectAllocator: 7372016 out of 0 bytes used by permanent object pool.
[2018.01.27-04.32.41:226][  0]LogUObjectArray: CloseDisregardForGC: 0/0 objects in disregard for GC pool
[2018.01.27-04.32.41:273][  0]LogInit: WinSock: version 1.1 (2.2), MaxSocks=32767, MaxUdp=65467
[2018.01.27-04.32.46:068][  0]LogTcpMessaging: Initializing TcpMessaging bridge
[2018.01.27-04.32.46:117][  0]LogUdpMessaging: Initializing bridge on interface 0.0.0.0:0 to multicast group 230.0.0.1:6666.
[2018.01.27-04.32.46:903][  0]LogMaterial: Uniform references updated for custom material expression Custom.
[2018.01.27-04.32.47:430][  0]SourceControl: Source control is disabled
[2018.01.27-04.32.47:430][  0]SourceControl: Source control is disabled
[2018.01.27-04.32.47:502][  0]SourceControl: Source control is disabled
[2018.01.27-04.32.47:565][  0]SourceControl: Source control is disabled
[2018.01.27-04.32.48:587][  0]LogAndroidPermission: UAndroidPermissionCallbackProxy::GetInstance
[2018.01.27-04.32.48:822][  0]LogHoudiniEngine: Starting the Houdini Engine module.
[2018.01.27-04.32.48:824][  0]LogHoudiniEngine: Loaded libHAPIL.dll from Registry path C:\Program Files\Side Effects Software\Houdini 16.5.328/bin
[2018.01.27-04.32.48:825][  0]LogLinker: Warning: Asset '../../../Engine/Plugins/Runtime/HoudiniEngine/Content/houdini_logo.uasset' has been saved with empty engine version. The asset will be loaded but may be incompatible.
[2018.01.27-04.32.48:828][  0]LogLinker: Warning: Asset '../../../Engine/Plugins/Runtime/HoudiniEngine/Content/houdini_default_material.uasset' has been saved with empty engine version. The asset will be loaded but may be incompatible.
[2018.01.27-04.32.48:835][  0]LogLinker: Warning: Asset '../../../Engine/Plugins/Runtime/HoudiniEngine/Content/houdini_bgeo_import.uasset' has been saved with empty engine version. The asset will be loaded but may be incompatible.
[2018.01.27-04.32.50:810][  0]LogHoudiniEngine: Successfully intialized the Houdini Engine API module.
[2018.01.27-04.32.50:941][  0]LogOcInput: OculusInput pre-init called
[2018.01.27-04.32.51:277][  0]LogEngine: Initializing Engine...
[2018.01.27-04.32.51:285][  0]LogHMD: Failed to initialize OpenVR with code 110
[2018.01.27-04.32.51:568][  0]LogStats: UGameplayTagsManager::ConstructGameplayTagTree: Construct from data asset -  0.000 s
[2018.01.27-04.32.51:569][  0]LogStats: UGameplayTagsManager::ConstructGameplayTagTree: GameplayTagTreeChangedEvent.Broadcast -  0.000 s
[2018.01.27-04.32.51:736][  0]LogAIModule: Creating AISystem for world Untitled
[2018.01.27-04.32.51:767][  0]LogInit: XAudio2 using 'Speakers (Realtek High Definition Audio)' : 2 channels at 48 kHz using 32 bits per sample (channel mask 0x3)
[2018.01.27-04.32.51:833][  0]LogInit: FAudioDevice initialized.
[2018.01.27-04.32.51:906][  0]LogDerivedDataCache: Saved boot cache 0.07s 78MB C:/Users/trinh/AppData/Local/UnrealEngine/4.18/DerivedDataCache/Boot.ddc.
[2018.01.27-04.32.51:917][  0]LogInit: Texture streaming: Enabled
[2018.01.27-04.32.52:024][  0]LogEngineSessionManager: EngineSessionManager initialized
[2018.01.27-04.32.52:184][  0]LogInit: Transaction tracking system initialized
[2018.01.27-04.32.52:525][  0]BlueprintLog: New page: Editor Load
[2018.01.27-04.32.53:501][  0]LocalizationService: Localization service is disabled
[2018.01.27-04.32.54:296][  0]LogConsoleResponse: Display: 
[2018.01.27-04.32.54:576][  0]LogFileCache: Scanning file cache for directory 'E:/BearPressure/BearPressure/Content/' took 0.01s
[2018.01.27-04.32.54:576][  0]LogCook: Display: Max memory allowance for cook 16384mb min free memory 0mb
[2018.01.27-04.32.54:577][  0]LogCook: Display: Mobile HDR setting 1
[2018.01.27-04.32.54:577][  0]LogGameplayTags: Display: UGameplayTagsManager::DoneAddingNativeTags. DelegateIsBound: 0
[2018.01.27-04.32.55:399][  0]LogHoudiniEngineEditor: Starting the Houdini Engine Editor module.
[2018.01.27-04.32.55:921][  0]SourceControl: Source control is disabled
[2018.01.27-04.32.55:923][  0]Cmd: MAP LOAD FILE="../../../Engine/Content/Maps/Templates/Template_Default.umap" TEMPLATE=1 SHOWPROGRESS=1 FEATURELEVEL=3
[2018.01.27-04.32.55:924][  0]LightingResults: New page: Lighting Build
[2018.01.27-04.32.55:975][  0]MapCheck: New page: Map Check
[2018.01.27-04.32.55:975][  0]LightingResults: New page: Lighting Build
[2018.01.27-04.32.56:339][  0]LogAIModule: Creating AISystem for world Untitled_1
[2018.01.27-04.32.56:368][  0]LogEditorServer: Finished looking for orphan Actors (0.000 secs)
[2018.01.27-04.32.56:383][  0]Cmd: MAP CHECKDEP NOCLEARLOG
[2018.01.27-04.32.56:436][  0]MapCheck: Map check complete: 0 Error(s), 0 Warning(s), took 52.836ms to complete.
[2018.01.27-04.32.56:436][  0]LogFileHelpers: Loading map 'Template_Default' took 0.514
[2018.01.27-04.32.56:750][  0]LogCollectionManager: Loaded 0 collections in 0.001499 seconds
[2018.01.27-04.32.56:896][  0]LogFileCache: Scanning file cache for directory 'E:/BearPressure/BearPressure/Saved/Collections/' took 0.01s
[2018.01.27-04.32.56:896][  0]LogFileCache: Scanning file cache for directory 'E:/BearPressure/BearPressure/Content/Developers/trinh/Collections/' took 0.01s
[2018.01.27-04.32.56:896][  0]LogFileCache: Scanning file cache for directory 'E:/BearPressure/BearPressure/Content/Collections/' took 0.01s
[2018.01.27-04.32.56:896][  0]LogCollectionManager: Rebuilt the GUID cache for 0 collections in 0.000002 seconds
[2018.01.27-04.32.56:915][  0]LogContentBrowser: Native class hierarchy populated in 0.0169 seconds. Added 2422 classes and 535 folders.
[2018.01.27-04.32.56:997][  0]LogContentBrowser: Native class hierarchy updated for 'WidgetCarousel' in 0.0003 seconds. Added 0 classes and 0 folders.
[2018.01.27-04.32.57:145][  0]LogContentBrowser: Native class hierarchy updated for 'AddContentDialog' in 0.0002 seconds. Added 0 classes and 0 folders.
[2018.01.27-04.32.57:206][  0]LogContentBrowser: Native class hierarchy updated for 'WorldBrowser' in 0.0003 seconds. Added 2 classes and 3 folders.
[2018.01.27-04.32.57:277][  0]LogContentBrowser: Native class hierarchy updated for 'SceneOutliner' in 0.0004 seconds. Added 1 classes and 2 folders.
[2018.01.27-04.32.57:505][  0]LogSlate: Took 0.001299 seconds to synchronously load lazily loaded font '../../../Engine/Content/Slate/Fonts/Roboto-Regular.ttf' (155K)
[2018.01.27-04.32.57:516][  0]LogSlate: Took 0.001265 seconds to synchronously load lazily loaded font '../../../Engine/Content/Slate/Fonts/Roboto-Bold.ttf' (160K)
[2018.01.27-04.32.57:525][  0]LogSlate: Took 0.001413 seconds to synchronously load lazily loaded font '../../../Engine/Content/Editor/Slate/Fonts/FontAwesome.ttf' (139K)
[2018.01.27-04.32.57:688][  0]LogRenderer: Reallocating scene render targets to support 988x344 Format 10 NumSamples 1 (Frame:1).
[2018.01.27-04.32.58:053][  0]LogContentBrowser: Native class hierarchy updated for 'HierarchicalLODOutliner' in 0.0004 seconds. Added 1 classes and 2 folders.
[2018.01.27-04.32.58:053][  0]LogLoad: (Engine Initialization) Total time: 26.38 seconds
[2018.01.27-04.32.58:053][  0]LogLoad: (Engine Initialization) Total Blueprint compile time: 0.00 seconds
[2018.01.27-04.32.58:053][  0]LogExternalProfiler: No external profilers were discovered.  External profiling features will not be available.
[2018.01.27-04.32.58:073][  0]LogWindowsTextInputMethodSystem: Display: IME system now deactivated.
[2018.01.27-04.32.58:095][  0]LogContentStreaming: Texture pool size now 1000 MB
[2018.01.27-04.32.58:150][  1]LogAssetRegistry: Asset discovery search completed in 17.6838 seconds
[2018.01.27-04.32.58:154][  1]LogCollectionManager: Rebuilt the object cache for 0 collections in 0.000000 seconds (found 0 objects)
[2018.01.27-04.32.58:154][  1]LogCollectionManager: Fixed up redirectors for 0 collections in 0.000269 seconds (updated 0 objects)
[2018.01.27-04.33.00:451][120]LogSlate: Took 0.001322 seconds to synchronously load lazily loaded font '../../../Engine/Content/Slate/Fonts/Roboto-Light.ttf' (159K)
[2018.01.27-04.33.03:687][304]LogActorFactory: Actor Factory created SM_Road
[2018.01.27-04.33.04:795][368]LogActorFactory: Actor Factory created SM_Road
[2018.01.27-04.33.16:675][842]LogActorFactory: Actor Factory created SM_HouseTiles_001
[2018.01.27-04.33.17:431][885]LogActorFactory: Actor Factory created SM_HouseTiles_001
[2018.01.27-04.33.26:158][395]Cmd: TRANSACTION UNDO
[2018.01.27-04.33.26:158][395]LogEditorTransaction: Undo Move Actors
[2018.01.27-04.33.26:186][395]LogSlate: Took 0.000248 seconds to synchronously load lazily loaded font '../../../Engine/Content/Slate/Fonts/Roboto-Light.ttf' (159K)
[2018.01.27-04.33.26:847][428]Cmd: TRANSACTION UNDO
[2018.01.27-04.33.26:847][428]LogEditorTransaction: Undo Create Actors
[2018.01.27-04.33.27:639][461]LogActorFactory: Actor Factory created SM_HouseTiles_001
[2018.01.27-04.33.28:674][522]LogActorFactory: Actor Factory created SM_HouseTiles_001
[2018.01.27-04.33.33:455][807]LogActorFactory: Actor Factory created SM_HouseTiles_001
[2018.01.27-04.33.35:916][950]Cmd: CAMERA ALIGN ACTIVEVIEWPORTONLY
[2018.01.27-04.33.50:694][827]Cmd: EDIT COPY
[2018.01.27-04.33.50:861][836]Cmd: EDIT PASTE
[2018.01.27-04.33.58:739][296]LogEditorViewport: Clicking on Actor (context menu): StaticMeshActor (SM_Road)
[2018.01.27-04.34.00:562][365]LogPlayLevel: PlayLevel: No blueprints needed recompiling
[2018.01.27-04.34.00:568][365]PIE: New page: PIE session: Untitled_1 (Jan 27, 2018, 6:34:00 AM)
[2018.01.27-04.34.00:569][365]LogPlayLevel: Creating play world package: /Temp/UEDPIE_0_Untitled_1
[2018.01.27-04.34.00:575][365]LogPlayLevel: PIE: StaticDuplicateObject took: (0.006443s)
[2018.01.27-04.34.00:576][365]LogAIModule: Creating AISystem for world Untitled_1
[2018.01.27-04.34.00:577][365]LogPlayLevel: PIE: World Init took: (0.001190s)
[2018.01.27-04.34.00:577][365]LogPlayLevel: PIE: Created PIE world by copying editor world from /Temp/Untitled_1.Untitled_1 to /Temp/UEDPIE_0_Untitled_1.Untitled_1 (0.008213s)
[2018.01.27-04.34.00:592][365]LogInit: XAudio2 using 'Speakers (Realtek High Definition Audio)' : 2 channels at 48 kHz using 32 bits per sample (channel mask 0x3)
[2018.01.27-04.34.00:646][365]LogInit: FAudioDevice initialized.
[2018.01.27-04.34.00:904][365]LogLoad: Game class is 'GM_PackageDelivery_C'
[2018.01.27-04.34.00:912][365]LogWorld: Bringing World /Temp/UEDPIE_0_Untitled_1.Untitled_1 up for play (max tick rate 60) at 2018.01.27-05.34.00
[2018.01.27-04.34.00:913][365]LogWorld: Bringing up level for play took: 0.001497
[2018.01.27-04.34.00:962][365]LogContentBrowser: Native class hierarchy updated for 'MovieSceneCapture' in 0.0006 seconds. Added 11 classes and 0 folders.
[2018.01.27-04.34.00:975][365]PIE: Play in editor start time for /Temp/UEDPIE_0_Untitled_1 -0.582
[2018.01.27-04.34.05:560][630]Cmd: LevelEditor.ToggleImmersive
[2018.01.27-04.34.05:721][631]LogRenderer: Reallocating scene render targets to support 1228x556 Format 10 NumSamples 1 (Frame:267).
[2018.01.27-04.34.05:781][632]LogRenderer: Reallocating scene render targets to support 1540x828 Format 10 NumSamples 1 (Frame:269).
[2018.01.27-04.37.32:447][628]LogEditorFactories: Performing atomic reimport of [C:/Users/trinh/Desktop/SM_Road.fbx]
[2018.01.27-04.37.32:464][628]LogSlate: Took 0.000219 seconds to synchronously load lazily loaded font '../../../Engine/Content/Slate/Fonts/Roboto-Light.ttf' (159K)
[2018.01.27-04.37.32:509][628]LogFbx: Loading FBX Scene from C:/Users/trinh/Desktop/SM_Road.fbx
[2018.01.27-04.37.32:519][628]LogFbx: FBX Scene Loaded Succesfully
[2018.01.27-04.37.32:533][628]LogFbx: Warning: Triangulating static mesh pCube41
[2018.01.27-04.37.32:561][628]LogStaticMesh: Building static mesh SM_Road...
[2018.01.27-04.37.32:569][628]LogStaticMesh: Built static mesh [0.01s] /Game/BearPressure/Whiteboxing_Assets/SM_Road.SM_Road
[2018.01.27-04.37.32:574][628]LogStaticMesh: Warning: SM_Road has degenerate tangent bases which will result in incorrect shading.  MikkTSpace relies on tangent bases and may result in mesh corruption, consider disabling this option.
[2018.01.27-04.37.32:574][628]LogStaticMesh: Warning: SM_Road has some nearly zero bi-normals which can create some issues. (Tolerance of 1E-4)
[2018.01.27-04.37.32:592][628]LogEditorFactories: -- imported successfully
[2018.01.27-04.37.32:595][628]FBXImport: Warning: No smoothing group information was found in this FBX scene.  Please make sure to enable the 'Export Smoothing Groups' option in the FBX Exporter plug-in before exporting the file.  Even for tools that don't support smoothing groups, the FBX Exporter will generate appropriate smoothing data at export-time so that correct vertex normals can be inferred while importing. 
[2018.01.27-04.37.32:595][628]FBXImport: Warning: SM_Road has degenerate tangent bases which will result in incorrect shading.  MikkTSpace relies on tangent bases and may result in mesh corruption, consider disabling this option. 
[2018.01.27-04.37.32:595][628]FBXImport: Warning: SM_Road has some nearly zero bi-normals which can create some issues. (Tolerance of 1E-4) 
[2018.01.27-04.37.33:431][665]LogActorFactory: Actor Factory created SM_Road
[2018.01.27-04.37.33:887][691]LogActorFactory: Actor Factory created SM_Road
[2018.01.27-04.38.24:955][495]LogEditorViewport: Clicking on Actor (LMB): StaticMeshActor (SM_Road)
[2018.01.27-04.38.26:009][555]LogEditorViewport: Clicking on Actor (LMB): StaticMeshActor (SM_Road2)
[2018.01.27-04.39.20:529][932]LogEditorFactories: Performing atomic reimport of [C:/Users/trinh/Desktop/SM_Road.fbx]
[2018.01.27-04.39.20:568][932]LogFbx: Loading FBX Scene from C:/Users/trinh/Desktop/SM_Road.fbx
[2018.01.27-04.39.20:575][932]LogFbx: FBX Scene Loaded Succesfully
[2018.01.27-04.39.20:576][932]LogFbx: Warning: Triangulating static mesh pCube41
[2018.01.27-04.39.20:597][932]LogStaticMesh: Building static mesh SM_Road...
[2018.01.27-04.39.20:599][932]LogStaticMesh: Built static mesh [0.00s] /Game/BearPressure/Whiteboxing_Assets/SM_Road.SM_Road
[2018.01.27-04.39.20:601][932]LogStaticMesh: Warning: SM_Road has degenerate tangent bases which will result in incorrect shading.  MikkTSpace relies on tangent bases and may result in mesh corruption, consider disabling this option.
[2018.01.27-04.39.20:601][932]LogStaticMesh: Warning: SM_Road has some nearly zero bi-normals which can create some issues. (Tolerance of 1E-4)
[2018.01.27-04.39.20:613][932]LogEditorFactories: -- imported successfully
[2018.01.27-04.39.20:616][932]FBXImport: Warning: No smoothing group information was found in this FBX scene.  Please make sure to enable the 'Export Smoothing Groups' option in the FBX Exporter plug-in before exporting the file.  Even for tools that don't support smoothing groups, the FBX Exporter will generate appropriate smoothing data at export-time so that correct vertex normals can be inferred while importing. 
[2018.01.27-04.39.20:616][932]FBXImport: Warning: SM_Road has degenerate tangent bases which will result in incorrect shading.  MikkTSpace relies on tangent bases and may result in mesh corruption, consider disabling this option. 
[2018.01.27-04.39.20:616][932]FBXImport: Warning: SM_Road has some nearly zero bi-normals which can create some issues. (Tolerance of 1E-4) 
[2018.01.27-04.39.30:155][489]LogTemp: Repeating last play command: Selected Viewport
[2018.01.27-04.39.30:168][489]LogPlayLevel: PlayLevel: No blueprints needed recompiling
[2018.01.27-04.39.30:169][489]PIE: New page: PIE session: Untitled_1 (Jan 27, 2018, 6:39:30 AM)
[2018.01.27-04.39.30:169][489]LogPlayLevel: Creating play world package: /Temp/UEDPIE_0_Untitled_1
[2018.01.27-04.39.30:177][489]LogPlayLevel: PIE: StaticDuplicateObject took: (0.007596s)
[2018.01.27-04.39.30:178][489]LogAIModule: Creating AISystem for world Untitled_1
[2018.01.27-04.39.30:178][489]LogPlayLevel: PIE: World Init took: (0.001242s)
[2018.01.27-04.39.30:178][489]LogPlayLevel: PIE: Created PIE world by copying editor world from /Temp/Untitled_1.Untitled_1 to /Temp/UEDPIE_0_Untitled_1.Untitled_1 (0.009275s)
[2018.01.27-04.39.30:195][489]LogInit: XAudio2 using 'Speakers (Realtek High Definition Audio)' : 2 channels at 48 kHz using 32 bits per sample (channel mask 0x3)
[2018.01.27-04.39.30:240][489]LogInit: FAudioDevice initialized.
[2018.01.27-04.39.30:272][489]LogLoad: Game class is 'GM_PackageDelivery_C'
[2018.01.27-04.39.30:274][489]LogWorld: Bringing World /Temp/UEDPIE_0_Untitled_1.Untitled_1 up for play (max tick rate 60) at 2018.01.27-05.39.30
[2018.01.27-04.39.30:275][489]LogWorld: Bringing up level for play took: 0.001015
[2018.01.27-04.39.30:282][489]PIE: Play in editor start time for /Temp/UEDPIE_0_Untitled_1 0.725
[2018.01.27-04.39.34:895][755]LogEditorViewport: Clicking on Actor (context menu): StaticMeshActor (SM_Road)
[2018.01.27-04.39.36:114][800]LogPlayLevel: PlayLevel: No blueprints needed recompiling
[2018.01.27-04.39.36:114][800]PIE: New page: PIE session: Untitled_1 (Jan 27, 2018, 6:39:36 AM)
[2018.01.27-04.39.36:114][800]LogPlayLevel: Creating play world package: /Temp/UEDPIE_0_Untitled_1
[2018.01.27-04.39.36:125][800]LogPlayLevel: PIE: StaticDuplicateObject took: (0.010462s)
[2018.01.27-04.39.36:126][800]LogAIModule: Creating AISystem for world Untitled_1
[2018.01.27-04.39.36:127][800]LogPlayLevel: PIE: World Init took: (0.001380s)
[2018.01.27-04.39.36:127][800]LogPlayLevel: PIE: Created PIE world by copying editor world from /Temp/Untitled_1.Untitled_1 to /Temp/UEDPIE_0_Untitled_1.Untitled_1 (0.012478s)
[2018.01.27-04.39.36:144][800]LogInit: XAudio2 using 'Speakers (Realtek High Definition Audio)' : 2 channels at 48 kHz using 32 bits per sample (channel mask 0x3)
[2018.01.27-04.39.36:192][800]LogInit: FAudioDevice initialized.
[2018.01.27-04.39.36:227][800]LogLoad: Game class is 'GM_PackageDelivery_C'
[2018.01.27-04.39.36:228][800]LogWorld: Bringing World /Temp/UEDPIE_0_Untitled_1.Untitled_1 up for play (max tick rate 60) at 2018.01.27-05.39.36
[2018.01.27-04.39.36:228][800]LogWorld: Bringing up level for play took: 0.000919
[2018.01.27-04.39.36:232][800]PIE: Play in editor start time for /Temp/UEDPIE_0_Untitled_1 0.675
[2018.01.27-04.39.38:884][957]Cmd: LevelEditor.ToggleImmersive
[2018.01.27-04.40.34:695][901]LogEditorFactories: Performing atomic reimport of [C:/Users/trinh/Desktop/SM_Road.fbx]
[2018.01.27-04.40.34:736][901]LogFbx: Loading FBX Scene from C:/Users/trinh/Desktop/SM_Road.fbx
[2018.01.27-04.40.34:743][901]LogFbx: FBX Scene Loaded Succesfully
[2018.01.27-04.40.34:744][901]LogFbx: Warning: Triangulating static mesh pCube41
[2018.01.27-04.40.34:770][901]LogStaticMesh: Building static mesh SM_Road...
[2018.01.27-04.40.34:773][901]LogStaticMesh: Built static mesh [0.01s] /Game/BearPressure/Whiteboxing_Assets/SM_Road.SM_Road
[2018.01.27-04.40.34:775][901]LogStaticMesh: Warning: SM_Road has degenerate tangent bases which will result in incorrect shading.  MikkTSpace relies on tangent bases and may result in mesh corruption, consider disabling this option.
[2018.01.27-04.40.34:775][901]LogStaticMesh: Warning: SM_Road has some nearly zero bi-normals which can create some issues. (Tolerance of 1E-4)
[2018.01.27-04.40.34:789][901]LogEditorFactories: -- imported successfully
[2018.01.27-04.40.34:793][901]FBXImport: Warning: No smoothing group information was found in this FBX scene.  Please make sure to enable the 'Export Smoothing Groups' option in the FBX Exporter plug-in before exporting the file.  Even for tools that don't support smoothing groups, the FBX Exporter will generate appropriate smoothing data at export-time so that correct vertex normals can be inferred while importing. 
[2018.01.27-04.40.34:793][901]FBXImport: Warning: SM_Road has degenerate tangent bases which will result in incorrect shading.  MikkTSpace relies on tangent bases and may result in mesh corruption, consider disabling this option. 
[2018.01.27-04.40.34:793][901]FBXImport: Warning: SM_Road has some nearly zero bi-normals which can create some issues. (Tolerance of 1E-4) 
[2018.01.27-04.40.39:895][203]LogEditorViewport: Clicking on Actor (context menu): StaticMeshActor (SM_Road2)
[2018.01.27-04.40.40:853][241]LogPlayLevel: PlayLevel: No blueprints needed recompiling
[2018.01.27-04.40.40:853][241]PIE: New page: PIE session: Untitled_1 (Jan 27, 2018, 6:40:40 AM)
[2018.01.27-04.40.40:853][241]LogPlayLevel: Creating play world package: /Temp/UEDPIE_0_Untitled_1
[2018.01.27-04.40.40:860][241]LogPlayLevel: PIE: StaticDuplicateObject took: (0.006399s)
[2018.01.27-04.40.40:861][241]LogAIModule: Creating AISystem for world Untitled_1
[2018.01.27-04.40.40:861][241]LogPlayLevel: PIE: World Init took: (0.001044s)
[2018.01.27-04.40.40:861][241]LogPlayLevel: PIE: Created PIE world by copying editor world from /Temp/Untitled_1.Untitled_1 to /Temp/UEDPIE_0_Untitled_1.Untitled_1 (0.007887s)
[2018.01.27-04.40.40:878][241]LogInit: XAudio2 using 'Speakers (Realtek High Definition Audio)' : 2 channels at 48 kHz using 32 bits per sample (channel mask 0x3)
[2018.01.27-04.40.40:919][241]LogInit: FAudioDevice initialized.
[2018.01.27-04.40.40:953][241]LogLoad: Game class is 'GM_PackageDelivery_C'
[2018.01.27-04.40.40:955][241]LogWorld: Bringing World /Temp/UEDPIE_0_Untitled_1.Untitled_1 up for play (max tick rate 60) at 2018.01.27-05.40.40
[2018.01.27-04.40.40:955][241]LogWorld: Bringing up level for play took: 0.000728
[2018.01.27-04.40.40:957][241]PIE: Play in editor start time for /Temp/UEDPIE_0_Untitled_1 -0.6
[2018.01.27-04.40.45:425][507]LogBlueprintUserMessages: [BP_Pigear_Jews_C_0] 9.0
[2018.01.27-04.40.46:039][544]LogBlueprintUserMessages: [BP_Pigear_Jews_C_0] 8.924986
[2018.01.27-04.40.46:955][599]LogBlueprintUserMessages: [BP_Pigear_Jews_C_0] 9.024969
[2018.01.27-04.40.47:656][641]LogBlueprintUserMessages: [BP_Pigear_Jews_C_0] 9.024954
[2018.01.27-04.40.47:955][659]LogBlueprintUserMessages: [BP_Pigear_Jews_C_0] 8.474947
[2018.01.27-04.40.48:156][671]LogBlueprintUserMessages: [BP_Pigear_Jews_C_0] 7.774942
[2018.01.27-04.40.48:324][681]LogBlueprintUserMessages: [BP_Pigear_Jews_C_0] 7.024943
[2018.01.27-04.40.48:522][693]LogBlueprintUserMessages: [BP_Pigear_Jews_C_0] 6.324944
[2018.01.27-04.40.48:723][705]LogBlueprintUserMessages: [BP_Pigear_Jews_C_0] 5.624946
[2018.01.27-04.40.48:906][716]LogBlueprintUserMessages: [BP_Pigear_Jews_C_0] 4.899947
[2018.01.27-04.40.52:690][943]LogBlueprintUserMessages: [BP_Pigear_Jews_C_0] 9.024928
[2018.01.27-04.40.54:323][ 41]LogBlueprintUserMessages: [BP_Pigear_Jews_C_0] 9.024913
[2018.01.27-04.40.55:889][135]LogBlueprintUserMessages: [BP_Pigear_Jews_C_0] 9.024898
[2018.01.27-04.40.56:474][170]LogBlueprintUserMessages: [BP_Pigear_Jews_C_0] 8.899884
[2018.01.27-04.40.56:690][183]LogBlueprintUserMessages: [BP_Pigear_Jews_C_0] 8.224879
[2018.01.27-04.40.56:890][195]LogBlueprintUserMessages: [BP_Pigear_Jews_C_0] 7.524875
[2018.01.27-04.40.57:073][206]LogBlueprintUserMessages: [BP_Pigear_Jews_C_0] 6.799876
[2018.01.27-04.40.57:406][226]LogBlueprintUserMessages: [BP_Pigear_Jews_C_0] 6.299878
[2018.01.27-04.40.57:623][239]LogBlueprintUserMessages: [BP_Pigear_Jews_C_0] 5.624879
[2018.01.27-04.40.57:857][253]LogBlueprintUserMessages: [BP_Pigear_Jews_C_0] 4.97488
[2018.01.27-04.40.58:025][263]LogBlueprintUserMessages: [BP_Pigear_Jews_C_0] 4.224881
[2018.01.27-04.40.58:241][276]LogBlueprintUserMessages: [BP_Pigear_Jews_C_0] 3.549882
[2018.01.27-04.40.58:440][288]LogBlueprintUserMessages: [BP_Pigear_Jews_C_0] 2.849884
[2018.01.27-04.40.58:641][300]LogBlueprintUserMessages: [BP_Pigear_Jews_C_0] 2.149885
[2018.01.27-04.40.58:840][312]LogBlueprintUserMessages: [BP_Pigear_Jews_C_0] 1.449886
[2018.01.27-04.40.59:040][324]LogBlueprintUserMessages: [BP_Pigear_Jews_C_0] 0.749886
[2018.01.27-04.40.59:240][336]LogBlueprintUserMessages: [BP_Pigear_Jews_C_0] 0.049885
[2018.01.27-04.41.01:424][467]LogBlueprintUserMessages: [BP_Pigear_Jews_C_0] 2.324889
[2018.01.27-04.41.01:640][480]LogBlueprintUserMessages: [BP_Pigear_Jews_C_0] 1.64989
[2018.01.27-04.41.01:824][491]LogBlueprintUserMessages: [BP_Pigear_Jews_C_0] 0.92489
[2018.01.27-04.41.02:040][504]LogBlueprintUserMessages: [BP_Pigear_Jews_C_0] 0.24989
[2018.01.27-04.41.02:823][551]LogBlueprintUserMessages: [BP_Pigear_Jews_C_0] 0.424889
[2018.01.27-04.41.03:274][578]LogBlueprintUserMessages: [BP_Pigear_Jews_C_0] 0.099888
[2018.01.27-04.41.06:642][780]LogBlueprintUserMessages: [BP_Pigear_Jews_C_0] 4.149899
[2018.01.27-04.41.06:958][799]LogBlueprintUserMessages: [BP_Pigear_Jews_C_0] 3.624901
[2018.01.27-04.41.07:175][812]LogBlueprintUserMessages: [BP_Pigear_Jews_C_0] 2.949902
[2018.01.27-04.41.07:391][825]LogBlueprintUserMessages: [BP_Pigear_Jews_C_0] 2.274903
[2018.01.27-04.41.08:842][912]LogBlueprintUserMessages: [BP_Pigear_Jews_C_0] 3.449912
[2018.01.27-04.41.09:058][925]LogBlueprintUserMessages: [BP_Pigear_Jews_C_0] 2.774913
[2018.01.27-04.41.10:234][995]LogBlueprintUserMessages: [BP_Pigear_Jews_C_0] 3.52492
[2018.01.27-04.41.11:664][ 81]LogBlueprintUserMessages: [BP_Pigear_Jews_C_0] 4.674928
[2018.01.27-04.41.11:897][ 95]LogBlueprintUserMessages: [BP_Pigear_Jews_C_0] 4.024929
[2018.01.27-04.41.12:748][146]LogBlueprintUserMessages: [BP_Pigear_Jews_C_0] 4.299934
[2018.01.27-04.41.13:764][207]LogBlueprintUserMessages: [BP_Pigear_Jews_C_0] 4.82494
[2018.01.27-04.41.14:014][222]LogBlueprintUserMessages: [BP_Pigear_Jews_C_0] 4.199941
[2018.01.27-04.41.14:214][234]LogBlueprintUserMessages: [BP_Pigear_Jews_C_0] 3.499942
[2018.01.27-04.41.14:248][236]LogBlueprintUserMessages: [BP_Pigear_Jews_C_0] 2.549942
[2018.01.27-04.41.14:481][250]LogBlueprintUserMessages: [BP_Pigear_Jews_C_0] 1.899944
[2018.01.27-04.41.20:903][602]Cmd: OBJ SAVEPACKAGE PACKAGE="/Game/BearPressure/Whiteboxing_Assets/SM_Road" FILE="../../../../../../BearPressure/BearPressure/Content/BearPressure/Whiteboxing_Assets/SM_Road.uasset" SILENT=true
[2018.01.27-04.41.20:927][602]LogSavePackage: Save=15.82ms
[2018.01.27-04.41.20:927][602]LogSavePackage: Moving '../../../../../../BearPressure/BearPressure/Saved/SM_RoadB74B2799491FC7546DBE06BD99837779.tmp' to '../../../../../../BearPressure/BearPressure/Content/BearPressure/Whiteboxing_Assets/SM_Road.uasset'
[2018.01.27-04.41.20:930][602]LogSavePackage: Display: Finished SavePackage ../../../../../../BearPressure/BearPressure/Content/BearPressure/Whiteboxing_Assets/SM_Road.uasset
[2018.01.27-04.41.26:605][728]Cmd: QUIT_EDITOR
[2018.01.27-04.41.27:449][728]LogWindowsTextInputMethodSystem: Display: IME system now deactivated.
[2018.01.27-04.41.27:475][728]LogExit: Preparing to exit.
[2018.01.27-04.41.28:382][728]LogDirectoryWatcher: A directory notification for 'E:/BearPressure/BearPressure/Content/' was aborted.
[2018.01.27-04.41.28:411][728]LogExit: Editor shut down
[2018.01.27-04.41.28:416][728]LogExit: Transaction tracking system shut down
[2018.01.27-04.41.28:533][728]LogDirectoryWatcher: A directory notification for '../../../Engine/Content/' was aborted.
[2018.01.27-04.41.28:533][728]LogDirectoryWatcher: A directory notification for '../../../../../../BearPressure/BearPressure/Content/' was aborted.
[2018.01.27-04.41.28:533][728]LogDirectoryWatcher: A directory notification for '../../../Engine/Plugins/2D/Paper2D/Content/' was aborted.
[2018.01.27-04.41.28:533][728]LogDirectoryWatcher: A directory notification for '../../../Engine/Plugins/Marketplace/LowEntryExtStdLib/Content/' was aborted.
[2018.01.27-04.41.28:533][728]LogDirectoryWatcher: A directory notification for '../../../Engine/Plugins/Media/MediaCompositing/Content/' was aborted.
[2018.01.27-04.41.28:533][728]LogDirectoryWatcher: A directory notification for '../../../Engine/Plugins/Runtime/AppleARKit/Content/' was aborted.
[2018.01.27-04.41.28:534][728]LogDirectoryWatcher: A directory notification for '../../../Engine/Plugins/Runtime/HoudiniEngine/Content/' was aborted.
[2018.01.27-04.41.28:534][728]LogDirectoryWatcher: A directory notification for '../../../Engine/Plugins/Runtime/Oculus/OculusVR/Content/' was aborted.
[2018.01.27-04.41.28:534][728]LogDirectoryWatcher: A directory notification for '../../../Engine/Plugins/Runtime/Steam/SteamVR/Content/' was aborted.
[2018.01.27-04.41.28:630][728]LogExit: Object subsystem successfully closed.
[2018.01.27-04.41.28:681][728]LogD3D11RHI: Shutdown
[2018.01.27-04.41.28:681][728]LogD3D11RHI: CleanupD3DDevice
[2018.01.27-04.41.28:687][728]LogD3D11RHI: ~FD3D11DynamicRHI
[2018.01.27-04.41.28:733][728]LogModuleManager: Shutting down and abandoning module MovieSceneCapture (562)
[2018.01.27-04.41.28:733][728]LogModuleManager: Shutting down and abandoning module HierarchicalLODOutliner (560)
[2018.01.27-04.41.28:733][728]LogModuleManager: Shutting down and abandoning module SceneOutliner (558)
[2018.01.27-04.41.28:733][728]LogModuleManager: Shutting down and abandoning module WorldBrowser (556)
[2018.01.27-04.41.28:734][728]LogModuleManager: Shutting down and abandoning module AddContentDialog (554)
[2018.01.27-04.41.28:734][728]LogDirectoryWatcher: A directory notification for 'E:/Program Files/EpicGames/UE_4.18/FeaturePacks/' was aborted.
[2018.01.27-04.41.28:736][728]LogModuleManager: Shutting down and abandoning module WidgetCarousel (553)
[2018.01.27-04.41.28:736][728]LogModuleManager: Shutting down and abandoning module EditorWidgets (550)
[2018.01.27-04.41.28:736][728]LogModuleManager: Shutting down and abandoning module CollectionManager (548)
[2018.01.27-04.41.28:736][728]LogDirectoryWatcher: A directory notification for 'E:/BearPressure/BearPressure/Content/Collections/' was aborted.
[2018.01.27-04.41.28:736][728]LogDirectoryWatcher: A directory notification for 'E:/BearPressure/BearPressure/Content/Developers/trinh/Collections/' was aborted.
[2018.01.27-04.41.28:737][728]LogDirectoryWatcher: A directory notification for 'E:/BearPressure/BearPressure/Saved/Collections/' was aborted.
[2018.01.27-04.41.28:737][728]LogModuleManager: Shutting down and abandoning module HierarchicalLODUtilities (546)
[2018.01.27-04.41.28:737][728]LogModuleManager: Shutting down and abandoning module StatsViewer (544)
[2018.01.27-04.41.28:737][728]LogModuleManager: Shutting down and abandoning module FoliageEdit (542)
[2018.01.27-04.41.28:737][728]LogModuleManager: Shutting down and abandoning module LandscapeEditor (540)
[2018.01.27-04.41.28:738][728]LogModuleManager: Shutting down and abandoning module MeshPaintMode (538)
[2018.01.27-04.41.28:738][728]LogModuleManager: Shutting down and abandoning module SceneDepthPickerMode (536)
[2018.01.27-04.41.28:738][728]LogModuleManager: Shutting down and abandoning module ActorPickerMode (534)
[2018.01.27-04.41.28:738][728]LogModuleManager: Shutting down and abandoning module GeometryMode (532)
[2018.01.27-04.41.28:738][728]LogModuleManager: Shutting down and abandoning module TextureAlignMode (530)
[2018.01.27-04.41.28:738][728]LogModuleManager: Shutting down and abandoning module BspMode (528)
[2018.01.27-04.41.28:738][728]LogModuleManager: Shutting down and abandoning module PIEPreviewDeviceProfileSelector (526)
[2018.01.27-04.41.28:739][728]LogModuleManager: Shutting down and abandoning module HardwareSurvey (524)
[2018.01.27-04.41.28:739][728]LogModuleManager: Shutting down and abandoning module SequenceRecorderSections (522)
[2018.01.27-04.41.28:739][728]LogModuleManager: Shutting down and abandoning module AutomationWorker (520)
[2018.01.27-04.41.28:739][728]LogModuleManager: Shutting down and abandoning module HoudiniEngineEditor (518)
[2018.01.27-04.41.28:739][728]LogHoudiniEngineEditor: Shutting down the Houdini Engine Editor module.
[2018.01.27-04.41.28:740][728]LogModuleManager: Shutting down and abandoning module MatineeToLevelSequence (516)
[2018.01.27-04.41.28:740][728]LogModuleManager: Shutting down and abandoning module LevelSequenceEditor (514)
[2018.01.27-04.41.28:741][728]LogModuleManager: Shutting down and abandoning module PlacementMode (513)
[2018.01.27-04.41.28:741][728]LogModuleManager: Shutting down and abandoning module WmfMediaFactory (510)
[2018.01.27-04.41.28:741][728]LogModuleManager: Shutting down and abandoning module WmfMediaEditor (508)
[2018.01.27-04.41.28:741][728]LogModuleManager: Shutting down and abandoning module OpenExrWrapper (506)
[2018.01.27-04.41.28:741][728]LogModuleManager: Shutting down and abandoning module ImgMediaFactory (504)
[2018.01.27-04.41.28:741][728]LogModuleManager: Shutting down and abandoning module ImgMediaEditor (502)
[2018.01.27-04.41.28:741][728]LogModuleManager: Shutting down and abandoning module AvfMediaFactory (500)
[2018.01.27-04.41.28:742][728]LogModuleManager: Shutting down and abandoning module AvfMediaEditor (498)
[2018.01.27-04.41.28:742][728]LogModuleManager: Shutting down and abandoning module AndroidMediaFactory (496)
[2018.01.27-04.41.28:742][728]LogModuleManager: Shutting down and abandoning module AndroidMediaEditor (494)
[2018.01.27-04.41.28:742][728]LogModuleManager: Shutting down and abandoning module CharacterAI (492)
[2018.01.27-04.41.28:742][728]LogModuleManager: Shutting down and abandoning module AudioCapture (490)
[2018.01.27-04.41.28:742][728]LogModuleManager: Shutting down and abandoning module SequenceRecorder (489)
[2018.01.27-04.41.28:742][728]LogModuleManager: Shutting down and abandoning module SmartSnapping (486)
[2018.01.27-04.41.28:742][728]LogModuleManager: Shutting down and abandoning module SessionServices (484)
[2018.01.27-04.41.28:742][728]LogModuleManager: Shutting down and abandoning module ViewportSnapping (482)
[2018.01.27-04.41.28:742][728]LogModuleManager: Shutting down and abandoning module ViewportInteraction (480)
[2018.01.27-04.41.28:742][728]LogModuleManager: Shutting down and abandoning module ClothPainter (478)
[2018.01.27-04.41.28:743][728]LogModuleManager: Shutting down and abandoning module SkeletalMeshEditor (477)
[2018.01.27-04.41.28:744][728]LogModuleManager: Shutting down and abandoning module LogVisualizer (474)
[2018.01.27-04.41.28:745][728]LogModuleManager: Shutting down and abandoning module IntroTutorials (472)
[2018.01.27-04.41.28:746][728]LogModuleManager: Shutting down and abandoning module GameProjectGeneration (471)
[2018.01.27-04.41.28:747][728]LogModuleManager: Shutting down and abandoning module IOSPlatformEditor (468)
[2018.01.27-04.41.28:747][728]LogModuleManager: Shutting down and abandoning module HTML5PlatformEditor (466)
[2018.01.27-04.41.28:747][728]LogModuleManager: Shutting down and abandoning module AndroidPlatformEditor (464)
[2018.01.27-04.41.28:747][728]LogModuleManager: Shutting down and abandoning module AndroidDeviceDetection (463)
[2018.01.27-04.41.29:057][728]LogModuleManager: Shutting down and abandoning module WindowsPlatformEditor (460)
[2018.01.27-04.41.29:057][728]LogModuleManager: Shutting down and abandoning module IOSRuntimeSettings (458)
[2018.01.27-04.41.29:057][728]LogModuleManager: Shutting down and abandoning module AndroidRuntimeSettings (456)
[2018.01.27-04.41.29:057][728]LogModuleManager: Shutting down and abandoning module InputBindingEditor (454)
[2018.01.27-04.41.29:060][728]LogModuleManager: Shutting down and abandoning module MergeActors (452)
[2018.01.27-04.41.29:061][728]LogModuleManager: Shutting down and abandoning module SizeMap (450)
[2018.01.27-04.41.29:061][728]LogModuleManager: Shutting down and abandoning module TreeMap (448)
[2018.01.27-04.41.29:061][728]LogModuleManager: Shutting down and abandoning module ReferenceViewer (446)
[2018.01.27-04.41.29:061][728]LogModuleManager: Shutting down and abandoning module LocalizationDashboard (444)
[2018.01.27-04.41.29:062][728]LogModuleManager: Shutting down and abandoning module LocalizationService (443)
[2018.01.27-04.41.29:062][728]LogModuleManager: Shutting down and abandoning module HardwareTargeting (440)
[2018.01.27-04.41.29:062][728]LogModuleManager: Shutting down and abandoning module DeviceProfileEditor (438)
[2018.01.27-04.41.29:062][728]LogModuleManager: Shutting down and abandoning module UndoHistory (436)
[2018.01.27-04.41.29:062][728]LogModuleManager: Shutting down and abandoning module XmlParser (434)
[2018.01.27-04.41.29:062][728]LogModuleManager: Shutting down and abandoning module Blutility (432)
[2018.01.27-04.41.29:062][728]LogModuleManager: Shutting down and abandoning module ProjectSettingsViewer (430)
[2018.01.27-04.41.29:063][728]LogModuleManager: Shutting down and abandoning module ProjectTargetPlatformEditor (429)
[2018.01.27-04.41.29:063][728]LogModuleManager: Shutting down and abandoning module EditorSettingsViewer (426)
[2018.01.27-04.41.29:063][728]LogModuleManager: Shutting down and abandoning module SettingsEditor (424)
[2018.01.27-04.41.29:063][728]LogModuleManager: Shutting down and abandoning module ProjectLauncher (422)
[2018.01.27-04.41.29:064][728]LogModuleManager: Shutting down and abandoning module SessionFrontend (420)
[2018.01.27-04.41.29:064][728]LogModuleManager: Shutting down and abandoning module ProfilerClient (418)
[2018.01.27-04.41.29:064][728]LogModuleManager: Shutting down and abandoning module DeviceManager (416)
[2018.01.27-04.41.29:065][728]LogModuleManager: Shutting down and abandoning module TargetDeviceServices (415)
[2018.01.27-04.41.29:120][728]LogModuleManager: Shutting down and abandoning module AutomationController (412)
[2018.01.27-04.41.29:120][728]LogModuleManager: Shutting down and abandoning module AutomationWindow (410)
[2018.01.27-04.41.29:121][728]LogModuleManager: Shutting down and abandoning module Layers (408)
[2018.01.27-04.41.29:123][728]LogModuleManager: Shutting down and abandoning module ComponentVisualizers (406)
[2018.01.27-04.41.29:123][728]LogModuleManager: Shutting down and abandoning module DetailCustomizations (404)
[2018.01.27-04.41.29:124][728]LogModuleManager: Shutting down and abandoning module PackagesDialog (402)
[2018.01.27-04.41.29:124][728]LogModuleManager: Shutting down and abandoning module Persona (400)
[2018.01.27-04.41.29:125][728]LogModuleManager: Shutting down and abandoning module AdvancedPreviewScene (399)
[2018.01.27-04.41.29:125][728]LogModuleManager: Shutting down and abandoning module AnimGraph (397)
[2018.01.27-04.41.29:125][728]LogModuleManager: Shutting down and abandoning module Kismet (394)
[2018.01.27-04.41.29:127][728]LogModuleManager: Shutting down and abandoning module ClassViewer (392)
[2018.01.27-04.41.29:127][728]LogModuleManager: Shutting down and abandoning module Toolbox (390)
[2018.01.27-04.41.29:127][728]LogModuleManager: Shutting down and abandoning module ModuleUI (388)
[2018.01.27-04.41.29:127][728]LogModuleManager: Shutting down and abandoning module MovieSceneTools (386)
[2018.01.27-04.41.29:128][728]LogModuleManager: Shutting down and abandoning module OutputLog (384)
[2018.01.27-04.41.29:129][728]LogModuleManager: Shutting down and abandoning module GammaUI (382)
[2018.01.27-04.41.29:129][728]LogModuleManager: Shutting down and abandoning module Documentation (380)
[2018.01.27-04.41.29:129][728]LogModuleManager: Shutting down and abandoning module MovieSceneTracks (378)
[2018.01.27-04.41.29:129][728]LogModuleManager: Shutting down and abandoning module MovieScene (376)
[2018.01.27-04.41.29:129][728]LogModuleManager: Shutting down and abandoning module StreamingPauseRendering (374)
[2018.01.27-04.41.29:129][728]LogModuleManager: Shutting down and abandoning module LauncherPlatform (372)
[2018.01.27-04.41.29:129][728]LogModuleManager: Shutting down and abandoning module AnalyticsET (370)
[2018.01.27-04.41.29:129][728]LogModuleManager: Shutting down and abandoning module PortalServices (368)
[2018.01.27-04.41.29:129][728]LogModuleManager: Shutting down and abandoning module PortalRpc (366)
[2018.01.27-04.41.29:129][728]LogModuleManager: Shutting down and abandoning module MessagingRpc (364)
[2018.01.27-04.41.29:129][728]LogModuleManager: Shutting down and abandoning module AIModule (362)
[2018.01.27-04.41.29:129][728]LogModuleManager: Shutting down and abandoning module GameplayDebugger (361)
[2018.01.27-04.41.29:129][728]LogModuleManager: Shutting down and abandoning module AITestSuite (359)
[2018.01.27-04.41.29:129][728]LogModuleManager: Shutting down and abandoning module DesktopPlatform (356)
[2018.01.27-04.41.29:129][728]LogModuleManager: Shutting down and abandoning module ProfilerService (354)
[2018.01.27-04.41.29:237][728]LogModuleManager: Shutting down and abandoning module TaskGraph (352)
[2018.01.27-04.41.29:242][728]LogModuleManager: Shutting down and abandoning module SteamVRController (350)
[2018.01.27-04.41.29:242][728]LogModuleManager: Shutting down and abandoning module ProceduralMeshComponentEditor (348)
[2018.01.27-04.41.29:242][728]LogModuleManager: Shutting down and abandoning module ProceduralMeshComponent (346)
[2018.01.27-04.41.29:243][728]LogModuleManager: Shutting down and abandoning module OculusInput (344)
[2018.01.27-04.41.29:243][728]LogModuleManager: Shutting down and abandoning module MobilePatchingUtils (342)
[2018.01.27-04.41.29:243][728]LogModuleManager: Shutting down and abandoning module HoudiniEngineRuntime (340)
[2018.01.27-04.41.29:243][728]LogHoudiniEngine: Shutting down the Houdini Engine module.
[2018.01.27-04.41.29:253][728]LogModuleManager: Shutting down and abandoning module CustomMeshComponent (338)
[2018.01.27-04.41.29:253][728]LogModuleManager: Shutting down and abandoning module CableComponent (336)
[2018.01.27-04.41.29:253][728]LogModuleManager: Shutting down and abandoning module ArchVisCharacter (334)
[2018.01.27-04.41.29:253][728]LogModuleManager: Shutting down and abandoning module AndroidPermission (332)
[2018.01.27-04.41.29:253][728]LogModuleManager: Shutting down and abandoning module ActorSequence (328)
[2018.01.27-04.41.29:253][728]LogModuleManager: Shutting down and abandoning module MediaPlayerEditor (326)
[2018.01.27-04.41.29:255][728]LogModuleManager: Shutting down and abandoning module MediaCompositingEditor (324)
[2018.01.27-04.41.29:255][728]LogModuleManager: Shutting down and abandoning module MediaCompositing (322)
[2018.01.27-04.41.29:255][728]LogModuleManager: Shutting down and abandoning module LowEntryExtendedStandardLibraryEditor (320)
[2018.01.27-04.41.29:255][728]LogModuleManager: Shutting down and abandoning module HTML5Networking (318)
[2018.01.27-04.41.29:255][728]LogModuleManager: Shutting down and abandoning module AlembicImporter (316)
[2018.01.27-04.41.29:255][728]LogModuleManager: Shutting down and abandoning module AlembicLibrary (315)
[2018.01.27-04.41.29:255][728]LogModuleManager: Shutting down and abandoning module GeometryCache (314)
[2018.01.27-04.41.29:255][728]LogModuleManager: Shutting down and abandoning module GeometryCacheEd (313)
[2018.01.27-04.41.29:255][728]LogModuleManager: Shutting down and abandoning module SpeedTreeImporter (308)
[2018.01.27-04.41.29:255][728]LogModuleManager: Shutting down and abandoning module PluginBrowser (306)
[2018.01.27-04.41.29:256][728]LogModuleManager: Shutting down and abandoning module MobileLauncherProfileWizard (304)
[2018.01.27-04.41.29:256][728]LogModuleManager: Shutting down and abandoning module VisualStudioSourceCodeAccess (302)
[2018.01.27-04.41.29:256][728]LogModuleManager: Shutting down and abandoning module VisualStudioCodeSourceCodeAccess (300)
[2018.01.27-04.41.29:256][728]LogModuleManager: Shutting down and abandoning module UObjectPlugin (298)
[2018.01.27-04.41.29:256][728]LogModuleManager: Shutting down and abandoning module SubversionSourceControl (296)
[2018.01.27-04.41.29:257][728]LogModuleManager: Shutting down and abandoning module PerforceSourceControl (294)
[2018.01.27-04.41.29:257][728]LogModuleManager: Shutting down and abandoning module GitSourceControl (292)
[2018.01.27-04.41.29:258][728]LogModuleManager: Shutting down and abandoning module SourceControl (291)
[2018.01.27-04.41.29:258][728]LogModuleManager: Shutting down and abandoning module LightPropagationVolumeEditor (288)
[2018.01.27-04.41.29:258][728]LogModuleManager: Shutting down and abandoning module PaperTiledImporter (286)
[2018.01.27-04.41.29:259][728]LogModuleManager: Shutting down and abandoning module PaperSpriteSheetImporter (284)
[2018.01.27-04.41.29:259][728]LogModuleManager: Shutting down and abandoning module Paper2DEditor (282)
[2018.01.27-04.41.29:259][728]LogModuleManager: Shutting down and abandoning module MeshPaint (281)
[2018.01.27-04.41.29:259][728]LogModuleManager: Shutting down and abandoning module LevelEditor (279)
[2018.01.27-04.41.29:261][728]LogModuleManager: Shutting down and abandoning module PixelInspectorModule (278)
[2018.01.27-04.41.29:261][728]LogModuleManager: Shutting down and abandoning module MainFrame (276)
[2018.01.27-04.41.29:261][728]LogModuleManager: Shutting down and abandoning module HotReload (275)
[2018.01.27-04.41.29:262][728]LogModuleManager: Shutting down and abandoning module RuntimePhysXCooking (270)
[2018.01.27-04.41.29:262][728]LogModuleManager: Shutting down and abandoning module PhysXVehiclesEditor (268)
[2018.01.27-04.41.29:262][728]LogModuleManager: Shutting down and abandoning module PhysXVehicles (266)
[2018.01.27-04.41.29:262][728]LogModuleManager: Shutting down and abandoning module OculusEditor (264)
[2018.01.27-04.41.29:262][728]LogModuleManager: Shutting down and abandoning module LocationServicesBPLibrary (262)
[2018.01.27-04.41.29:262][728]LogModuleManager: Shutting down and abandoning module ImmediatePhysicsEditor (260)
[2018.01.27-04.41.29:262][728]LogModuleManager: Shutting down and abandoning module ImmediatePhysics (258)
[2018.01.27-04.41.29:263][728]LogModuleManager: Shutting down and abandoning module UdpMessaging (256)
[2018.01.27-04.41.29:367][728]LogModuleManager: Shutting down and abandoning module TcpMessaging (254)
[2018.01.27-04.41.29:468][728]LogModuleManager: Shutting down and abandoning module LowEntryExtendedStandardLibrary (252)
[2018.01.27-04.41.29:468][728]LogModuleManager: Shutting down and abandoning module GameplayTagsEditor (250)
[2018.01.27-04.41.29:471][728]LogModuleManager: Shutting down and abandoning module FacialAnimationEditor (248)
[2018.01.27-04.41.29:471][728]LogModuleManager: Shutting down and abandoning module FacialAnimation (246)
[2018.01.27-04.41.29:471][728]LogModuleManager: Shutting down and abandoning module AssetManagerEditor (244)
[2018.01.27-04.41.29:472][728]LogModuleManager: Shutting down and abandoning module GraphEditor (243)
[2018.01.27-04.41.29:473][728]LogModuleManager: Shutting down and abandoning module ContentBrowser (241)
[2018.01.27-04.41.29:474][728]LogModuleManager: Shutting down and abandoning module LightPropagationVolumeRuntime (238)
[2018.01.27-04.41.29:474][728]LogModuleManager: Shutting down and abandoning module Paper2D (236)
[2018.01.27-04.41.29:474][728]LogModuleManager: Shutting down and abandoning module WindowsMoviePlayer (234)
[2018.01.27-04.41.29:475][728]LogModuleManager: Shutting down and abandoning module WmfMedia (232)
[2018.01.27-04.41.29:479][728]LogModuleManager: Shutting down and abandoning module ImgMedia (230)
[2018.01.27-04.41.29:479][728]LogModuleManager: Shutting down and abandoning module PacketHandler (228)
[2018.01.27-04.41.29:479][728]LogModuleManager: Shutting down and abandoning module ClothingSystemEditor (226)
[2018.01.27-04.41.29:479][728]LogModuleManager: Shutting down and abandoning module ClothingSystemRuntime (224)
[2018.01.27-04.41.29:480][728]LogModuleManager: Shutting down and abandoning module MediaAssets (222)
[2018.01.27-04.41.29:480][728]LogModuleManager: Shutting down and abandoning module Media (221)
[2018.01.27-04.41.29:488][728]LogModuleManager: Shutting down and abandoning module Overlay (218)
[2018.01.27-04.41.29:488][728]LogModuleManager: Shutting down and abandoning module OverlayEditor (217)
[2018.01.27-04.41.29:488][728]LogModuleManager: Shutting down and abandoning module VREditor (214)
[2018.01.27-04.41.29:488][728]LogModuleManager: Shutting down and abandoning module StringTableEditor (212)
[2018.01.27-04.41.29:488][728]LogModuleManager: Shutting down and abandoning module GameplayTasksEditor (210)
[2018.01.27-04.41.29:488][728]LogModuleManager: Shutting down and abandoning module BehaviorTreeEditor (208)
[2018.01.27-04.41.29:489][728]LogModuleManager: Shutting down and abandoning module FunctionalTesting (206)
[2018.01.27-04.41.29:491][728]LogModuleManager: Shutting down and abandoning module CollisionAnalyzer (204)
[2018.01.27-04.41.29:492][728]LogModuleManager: Shutting down and abandoning module WorkspaceMenuStructure (203)
[2018.01.27-04.41.29:492][728]LogModuleManager: Shutting down and abandoning module UMG (200)
[2018.01.27-04.41.29:492][728]LogModuleManager: Shutting down and abandoning module UMGEditor (199)
[2018.01.27-04.41.29:492][728]LogModuleManager: Shutting down and abandoning module Sequencer (198)
[2018.01.27-04.41.29:495][728]LogModuleManager: Shutting down and abandoning module MessageLog (195)
[2018.01.27-04.41.29:495][728]LogModuleManager: Shutting down and abandoning module SlateReflector (190)
[2018.01.27-04.41.29:497][728]LogModuleManager: Shutting down and abandoning module Slate (188)
[2018.01.27-04.41.29:497][728]LogModuleManager: Shutting down and abandoning module EditorStyle (186)
[2018.01.27-04.41.29:500][728]LogModuleManager: Shutting down and abandoning module MRMesh (184)
[2018.01.27-04.41.29:500][728]LogModuleManager: Shutting down and abandoning module SourceCodeAccess (182)
[2018.01.27-04.41.29:500][728]LogModuleManager: Shutting down and abandoning module HeadMountedDisplay (180)
[2018.01.27-04.41.29:500][728]LogModuleManager: Shutting down and abandoning module XAudio2 (178)
[2018.01.27-04.41.29:500][728]LogModuleManager: Shutting down and abandoning module Networking (176)
[2018.01.27-04.41.29:500][728]LogModuleManager: Shutting down and abandoning module Core (172)
[2018.01.27-04.41.29:500][728]LogModuleManager: Shutting down and abandoning module LevelSequence (168)
[2018.01.27-04.41.29:500][728]LogModuleManager: Shutting down and abandoning module DirectoryWatcher (166)
[2018.01.27-04.41.29:509][728]LogModuleManager: Shutting down and abandoning module KismetCompiler (164)
[2018.01.27-04.41.29:509][728]LogModuleManager: Shutting down and abandoning module MeshUtilities (162)
[2018.01.27-04.41.29:509][728]LogModuleManager: Shutting down and abandoning module MeshMergeUtilities (161)
[2018.01.27-04.41.29:510][728]LogModuleManager: Shutting down and abandoning module MeshReductionInterface (160)
[2018.01.27-04.41.29:510][728]LogModuleManager: Shutting down and abandoning module SimplygonSwarm (159)
[2018.01.27-04.41.29:510][728]LogModuleManager: Shutting down and abandoning module SimplygonMeshReduction (157)
[2018.01.27-04.41.29:510][728]LogModuleManager: Shutting down and abandoning module QuadricMeshReduction (155)
[2018.01.27-04.41.29:511][728]LogModuleManager: Shutting down and abandoning module MaterialBaking (151)
[2018.01.27-04.41.29:511][728]LogModuleManager: Shutting down and abandoning module DerivedDataCache (148)
[2018.01.27-04.41.29:543][728]LogDerivedDataCache: Shutdown
[2018.01.27-04.41.29:543][728]LogModuleManager: Shutting down and abandoning module TargetPlatform (146)
[2018.01.27-04.41.29:543][728]LogModuleManager: Shutting down and abandoning module VulkanShaderFormat (145)
[2018.01.27-04.41.29:543][728]LogModuleManager: Shutting down and abandoning module ShaderFormatVectorVM (143)
[2018.01.27-04.41.29:544][728]LogModuleManager: Shutting down and abandoning module ShaderFormatOpenGL (141)
[2018.01.27-04.41.29:544][728]LogModuleManager: Shutting down and abandoning module ShaderFormatD3D (139)
[2018.01.27-04.41.29:545][728]LogModuleManager: Shutting down and abandoning module MetalShaderFormat (137)
[2018.01.27-04.41.29:545][728]LogModuleManager: Shutting down and abandoning module TextureFormatUncompressed (135)
[2018.01.27-04.41.29:546][728]LogModuleManager: Shutting down and abandoning module TextureFormatPVR (133)
[2018.01.27-04.41.29:546][728]LogModuleManager: Shutting down and abandoning module TextureFormatDXT (131)
[2018.01.27-04.41.29:546][728]LogModuleManager: Shutting down and abandoning module TextureFormatIntelISPCTexComp (129)
[2018.01.27-04.41.29:547][728]LogModuleManager: Shutting down and abandoning module TextureFormatASTC (127)
[2018.01.27-04.41.29:547][728]LogModuleManager: Shutting down and abandoning module ImageWrapper (126)
[2018.01.27-04.41.29:547][728]LogModuleManager: Shutting down and abandoning module TextureFormatAndroid (123)
[2018.01.27-04.41.29:547][728]LogModuleManager: Shutting down and abandoning module AudioFormatOpus (121)
[2018.01.27-04.41.29:547][728]LogModuleManager: Shutting down and abandoning module AudioFormatOgg (119)
[2018.01.27-04.41.29:547][728]LogModuleManager: Shutting down and abandoning module AudioFormatADPCM (117)
[2018.01.27-04.41.29:547][728]LogModuleManager: Shutting down and abandoning module LinuxTargetPlatform (115)
[2018.01.27-04.41.29:548][728]LogModuleManager: Shutting down and abandoning module LinuxServerTargetPlatform (113)
[2018.01.27-04.41.29:548][728]LogModuleManager: Shutting down and abandoning module LinuxNoEditorTargetPlatform (111)
[2018.01.27-04.41.29:548][728]LogModuleManager: Shutting down and abandoning module LinuxClientTargetPlatform (109)
[2018.01.27-04.41.29:548][728]LogModuleManager: Shutting down and abandoning module TVOSTargetPlatform (107)
[2018.01.27-04.41.29:548][728]LogModuleManager: Shutting down and abandoning module Messaging (105)
[2018.01.27-04.41.29:548][728]LogModuleManager: Shutting down and abandoning module IOSTargetPlatform (103)
[2018.01.27-04.41.29:548][728]LogModuleManager: Shutting down and abandoning module HTML5TargetPlatform (101)
[2018.01.27-04.41.29:548][728]LogModuleManager: Shutting down and abandoning module AndroidTargetPlatform (99)
[2018.01.27-04.41.29:548][728]LogModuleManager: Shutting down and abandoning module Android_PVRTCTargetPlatform (97)
[2018.01.27-04.41.29:548][728]LogModuleManager: Shutting down and abandoning module Android_MultiTargetPlatform (95)
[2018.01.27-04.41.29:548][728]LogModuleManager: Shutting down and abandoning module Android_ETC2TargetPlatform (93)
[2018.01.27-04.41.29:549][728]LogModuleManager: Shutting down and abandoning module Android_ETC1TargetPlatform (91)
[2018.01.27-04.41.29:549][728]LogModuleManager: Shutting down and abandoning module Android_DXTTargetPlatform (89)
[2018.01.27-04.41.29:549][728]LogModuleManager: Shutting down and abandoning module Android_ATCTargetPlatform (87)
[2018.01.27-04.41.29:549][728]LogModuleManager: Shutting down and abandoning module Android_ASTCTargetPlatform (85)
[2018.01.27-04.41.29:549][728]LogModuleManager: Shutting down and abandoning module WindowsTargetPlatform (83)
[2018.01.27-04.41.29:549][728]LogModuleManager: Shutting down and abandoning module WindowsServerTargetPlatform (81)
[2018.01.27-04.41.29:549][728]LogModuleManager: Shutting down and abandoning module WindowsNoEditorTargetPlatform (79)
[2018.01.27-04.41.29:549][728]LogModuleManager: Shutting down and abandoning module WindowsClientTargetPlatform (77)
[2018.01.27-04.41.29:549][728]LogModuleManager: Shutting down and abandoning module MacTargetPlatform (75)
[2018.01.27-04.41.29:549][728]LogModuleManager: Shutting down and abandoning module MacServerTargetPlatform (73)
[2018.01.27-04.41.29:549][728]LogModuleManager: Shutting down and abandoning module MacNoEditorTargetPlatform (71)
[2018.01.27-04.41.29:549][728]LogModuleManager: Shutting down and abandoning module MacClientTargetPlatform (69)
[2018.01.27-04.41.29:549][728]LogModuleManager: Shutting down and abandoning module AllDesktopTargetPlatform (67)
[2018.01.27-04.41.29:549][728]LogModuleManager: Shutting down and abandoning module InputCore (64)
[2018.01.27-04.41.29:550][728]LogModuleManager: Shutting down and abandoning module Settings (62)
[2018.01.27-04.41.29:550][728]LogModuleManager: Shutting down and abandoning module PhysXCooking (60)
[2018.01.27-04.41.29:550][728]LogModuleManager: Shutting down and abandoning module SteamVR (58)
[2018.01.27-04.41.29:550][728]LogModuleManager: Shutting down and abandoning module OculusHMD (56)
[2018.01.27-04.41.29:550][728]LogModuleManager: Shutting down and abandoning module ExampleDeviceProfileSelector (54)
[2018.01.27-04.41.29:550][728]LogModuleManager: Shutting down and abandoning module AppleARKit (52)
[2018.01.27-04.41.29:550][728]LogModuleManager: Shutting down and abandoning module AugmentedReality (51)
[2018.01.27-04.41.29:550][728]LogModuleManager: Shutting down and abandoning module OnlineBlueprintSupport (48)
[2018.01.27-04.41.29:550][728]LogModuleManager: Shutting down and abandoning module OnlineSubsystem (44)
[2018.01.27-04.41.29:551][728]LogModuleManager: Shutting down and abandoning module XMPP (43)
[2018.01.27-04.41.29:552][728]LogModuleManager: Shutting down and abandoning module HTTP (41)
[2018.01.27-04.41.29:552][728]LogHttp: Display: Http module shutting down, but needs to wait on 1 outstanding Http requests:
[2018.01.27-04.41.29:552][728]LogHttp: Display: 	verb=[POST] url=[https://datarouter.ol.epicgames.com/datarouter/api/v1/public/data?SessionID=%7B1E1B28D5-4E0D-BC99-56A9-B495F1563C76%7D&AppID=UEEditor.Rocket.Release&AppVersion=4.18.2-3794801%2B%2B%2BUE4%2BRelease-4.18&UserID=64722cec47f46edf0fcf1488e19c6ad1%7C308737a1e34f4d2dbd9db4ba153c03d3%7Cb267e959-2e50-4129-8c2b-72dd29aacb99&AppEnvironment=datacollector-binary&UploadType=eteventstream] status=Processing
[2018.01.27-04.41.29:584][728]LogModuleManager: Shutting down and abandoning module SSL (40)
[2018.01.27-04.41.29:585][728]LogModuleManager: Shutting down and abandoning module AnimationModifiers (36)
[2018.01.27-04.41.29:586][728]LogModuleManager: Shutting down and abandoning module PropertyEditor (35)
[2018.01.27-04.41.29:586][728]LogModuleManager: Shutting down and abandoning module AudioEditor (32)
[2018.01.27-04.41.29:588][728]LogModuleManager: Shutting down and abandoning module TextureCompressor (30)
[2018.01.27-04.41.29:589][728]LogModuleManager: Shutting down and abandoning module ShaderCore (28)
[2018.01.27-04.41.29:589][728]LogModuleManager: Shutting down and abandoning module Landscape (26)
[2018.01.27-04.41.29:589][728]LogModuleManager: Shutting down and abandoning module SlateRHIRenderer (24)
[2018.01.27-04.41.29:591][728]LogModuleManager: Shutting down and abandoning module OpenGLDrv (22)
[2018.01.27-04.41.29:592][728]LogModuleManager: Shutting down and abandoning module D3D11RHI (20)
[2018.01.27-04.41.29:592][728]LogModuleManager: Shutting down and abandoning module AnimGraphRuntime (18)
[2018.01.27-04.41.29:592][728]LogModuleManager: Shutting down and abandoning module Renderer (16)
[2018.01.27-04.41.29:592][728]LogModuleManager: Shutting down and abandoning module Engine (14)
[2018.01.27-04.41.29:592][728]LogModuleManager: Shutting down and abandoning module CoreUObject (12)
[2018.01.27-04.41.29:592][728]LogModuleManager: Shutting down and abandoning module NetworkFile (10)
[2018.01.27-04.41.29:592][728]LogModuleManager: Shutting down and abandoning module CookedIterativeFile (8)
[2018.01.27-04.41.29:592][728]LogModuleManager: Shutting down and abandoning module StreamingFile (6)
[2018.01.27-04.41.29:593][728]LogModuleManager: Shutting down and abandoning module SandboxFile (4)
[2018.01.27-04.41.29:593][728]LogModuleManager: Shutting down and abandoning module PakFile (2)
[2018.01.27-04.41.29:601][728]LogExit: Exiting.
[2018.01.27-04.41.29:613][728]Log file closed, 01/27/18 05:41:29
