Log file open, 01/27/18 11:18:09
LogWindows: Failed to load 'aqProf.dll' (GetLastError=126)
LogWindows: File 'aqProf.dll' does not exist
LogWindows: Failed to load 'VtuneApi.dll' (GetLastError=126)
LogWindows: File 'VtuneApi.dll' does not exist
LogWindows: Failed to load 'VtuneApi32e.dll' (GetLastError=126)
LogWindows: File 'VtuneApi32e.dll' does not exist
LogInit: Display: Running engine for game: BearPressure
LogPlatformFile: Not using cached read wrapper
LogInit: Display: RandInit(1658988457) SRandInit(1658988457).
LogInit: Read version file with build ID '3709383'
LogInit: Overriding engine version to CL 3754814, compatible CL 3709383
LogInit: Registered custom module enumerator with build ID '3709383'
LogTaskGraph: Started task graph with 5 named threads and 14 total threads with 3 sets of task threads.
LogStats: Stats thread started at 0.597139
LogD3D11RHI: Aftermath initialized
LogModuleManager: Display: Found up-to-date module file ../../../Engine/Plugins/Marketplace/LowEntryExtStdLib/Binaries/Win64/UE4Editor-LowEntryExtendedStandardLibrary.dll (API version 3709383).
LogModuleManager: Display: Found up-to-date module file ../../../Engine/Plugins/Marketplace/LowEntryExtStdLib/Binaries/Win64/UE4Editor-LowEntryExtendedStandardLibraryEditor.dll (API version 3709383).
LogModuleManager: Display: Found up-to-date module file ../../../Engine/Plugins/2D/Paper2D/Binaries/Win64/UE4Editor-Paper2D.dll (API version 3709383).
LogModuleManager: Display: Found up-to-date module file ../../../Engine/Plugins/2D/Paper2D/Binaries/Win64/UE4Editor-Paper2DEditor.dll (API version 3709383).
LogModuleManager: Display: Found up-to-date module file ../../../Engine/Plugins/2D/Paper2D/Binaries/Win64/UE4Editor-PaperSpriteSheetImporter.dll (API version 3709383).
LogModuleManager: Display: Found up-to-date module file ../../../Engine/Plugins/2D/Paper2D/Binaries/Win64/UE4Editor-PaperTiledImporter.dll (API version 3709383).
LogModuleManager: Display: Found up-to-date module file ../../../Engine/Plugins/2D/Paper2D/Binaries/Win64/UE4Editor-SmartSnapping.dll (API version 3709383).
LogModuleManager: Display: Found up-to-date module file ../../../Engine/Plugins/Blendables/LightPropagationVolume/Binaries/Win64/UE4Editor-LightPropagationVolumeRuntime.dll (API version 3709383).
LogModuleManager: Display: Found up-to-date module file ../../../Engine/Plugins/Blendables/LightPropagationVolume/Binaries/Win64/UE4Editor-LightPropagationVolumeEditor.dll (API version 3709383).
LogModuleManager: Display: Found up-to-date module file ../../../Engine/Plugins/Developer/GitSourceControl/Binaries/Win64/UE4Editor-GitSourceControl.dll (API version 3709383).
LogModuleManager: Display: Found up-to-date module file ../../../Engine/Plugins/Developer/PerforceSourceControl/Binaries/Win64/UE4Editor-PerforceSourceControl.dll (API version 3709383).
LogModuleManager: Display: Found up-to-date module file ../../../Engine/Plugins/Developer/SubversionSourceControl/Binaries/Win64/UE4Editor-SubversionSourceControl.dll (API version 3709383).
LogModuleManager: Display: Found up-to-date module file ../../../Engine/Plugins/Developer/UObjectPlugin/Binaries/Win64/UE4Editor-UObjectPlugin.dll (API version 3709383).
LogModuleManager: Display: Found up-to-date module file ../../../Engine/Plugins/Developer/VisualStudioCodeSourceCodeAccess/Binaries/Win64/UE4Editor-VisualStudioCodeSourceCodeAccess.dll (API version 3709383).
LogModuleManager: Display: Found up-to-date module file ../../../Engine/Plugins/Developer/VisualStudioSourceCodeAccess/Binaries/Win64/UE4Editor-VisualStudioSourceCodeAccess.dll (API version 3709383).
LogModuleManager: Display: Found up-to-date module file ../../../Engine/Plugins/Editor/AssetManagerEditor/Binaries/Win64/UE4Editor-AssetManagerEditor.dll (API version 3709383).
LogModuleManager: Display: Found up-to-date module file ../../../Engine/Plugins/Editor/AudioCapture/Binaries/Win64/UE4Editor-AudioCapture.dll (API version 3709383).
LogModuleManager: Display: Found up-to-date module file ../../../Engine/Plugins/Editor/FacialAnimation/Binaries/Win64/UE4Editor-FacialAnimation.dll (API version 3709383).
LogModuleManager: Display: Found up-to-date module file ../../../Engine/Plugins/Editor/FacialAnimation/Binaries/Win64/UE4Editor-FacialAnimationEditor.dll (API version 3709383).
LogModuleManager: Display: Found up-to-date module file ../../../Engine/Plugins/Editor/GameplayTagsEditor/Binaries/Win64/UE4Editor-GameplayTagsEditor.dll (API version 3709383).
LogModuleManager: Display: Found up-to-date module file ../../../Engine/Plugins/Editor/MobileLauncherProfileWizard/Binaries/Win64/UE4Editor-MobileLauncherProfileWizard.dll (API version 3709383).
LogModuleManager: Display: Found up-to-date module file ../../../Engine/Plugins/Editor/PluginBrowser/Binaries/Win64/UE4Editor-PluginBrowser.dll (API version 3709383).
LogModuleManager: Display: Found up-to-date module file ../../../Engine/Plugins/Editor/SpeedTreeImporter/Binaries/Win64/UE4Editor-SpeedTreeImporter.dll (API version 3709383).
LogModuleManager: Display: Found up-to-date module file ../../../Engine/Plugins/Experimental/AlembicImporter/Binaries/Win64/UE4Editor-AlembicImporter.dll (API version 3709383).
LogModuleManager: Display: Found up-to-date module file ../../../Engine/Plugins/Experimental/AlembicImporter/Binaries/Win64/UE4Editor-AlembicLibrary.dll (API version 3709383).
LogModuleManager: Display: Found up-to-date module file ../../../Engine/Plugins/Experimental/CharacterAI/Binaries/Win64/UE4Editor-CharacterAI.dll (API version 3709383).
LogModuleManager: Display: Found up-to-date module file ../../../Engine/Plugins/Experimental/HTML5Networking/Binaries/Win64/UE4Editor-HTML5Networking.dll (API version 3709383).
LogModuleManager: Display: Found up-to-date module file ../../../Engine/Plugins/Media/AndroidMedia/Binaries/Win64/UE4Editor-AndroidMediaEditor.dll (API version 3709383).
LogModuleManager: Display: Found up-to-date module file ../../../Engine/Plugins/Media/AndroidMedia/Binaries/Win64/UE4Editor-AndroidMediaFactory.dll (API version 3709383).
LogModuleManager: Display: Found up-to-date module file ../../../Engine/Plugins/Media/AvfMedia/Binaries/Win64/UE4Editor-AvfMediaEditor.dll (API version 3709383).
LogModuleManager: Display: Found up-to-date module file ../../../Engine/Plugins/Media/AvfMedia/Binaries/Win64/UE4Editor-AvfMediaFactory.dll (API version 3709383).
LogModuleManager: Display: Found up-to-date module file ../../../Engine/Plugins/Media/AvfMedia/Binaries/Win64/UE4Editor-AvfMediaFactory.dll (API version 3709383).
LogModuleManager: Display: Found up-to-date module file ../../../Engine/Plugins/Media/ImgMedia/Binaries/Win64/UE4Editor-ImgMedia.dll (API version 3709383).
LogModuleManager: Display: Found up-to-date module file ../../../Engine/Plugins/Media/ImgMedia/Binaries/Win64/UE4Editor-ImgMediaEditor.dll (API version 3709383).
LogModuleManager: Display: Found up-to-date module file ../../../Engine/Plugins/Media/ImgMedia/Binaries/Win64/UE4Editor-ImgMediaFactory.dll (API version 3709383).
LogModuleManager: Display: Found up-to-date module file ../../../Engine/Plugins/Media/ImgMedia/Binaries/Win64/UE4Editor-ImgMediaFactory.dll (API version 3709383).
LogModuleManager: Display: Found up-to-date module file ../../../Engine/Plugins/Media/ImgMedia/Binaries/Win64/UE4Editor-OpenExrWrapper.dll (API version 3709383).
LogModuleManager: Display: Found up-to-date module file ../../../Engine/Plugins/Media/MediaCompositing/Binaries/Win64/UE4Editor-MediaCompositing.dll (API version 3709383).
LogModuleManager: Display: Found up-to-date module file ../../../Engine/Plugins/Media/MediaCompositing/Binaries/Win64/UE4Editor-MediaCompositingEditor.dll (API version 3709383).
LogModuleManager: Display: Found up-to-date module file ../../../Engine/Plugins/Media/MediaPlayerEditor/Binaries/Win64/UE4Editor-MediaPlayerEditor.dll (API version 3709383).
LogModuleManager: Display: Found up-to-date module file ../../../Engine/Plugins/Media/WmfMedia/Binaries/Win64/UE4Editor-WmfMedia.dll (API version 3709383).
LogModuleManager: Display: Found up-to-date module file ../../../Engine/Plugins/Media/WmfMedia/Binaries/Win64/UE4Editor-WmfMediaEditor.dll (API version 3709383).
LogModuleManager: Display: Found up-to-date module file ../../../Engine/Plugins/Media/WmfMedia/Binaries/Win64/UE4Editor-WmfMediaFactory.dll (API version 3709383).
LogModuleManager: Display: Found up-to-date module file ../../../Engine/Plugins/Media/WmfMedia/Binaries/Win64/UE4Editor-WmfMediaFactory.dll (API version 3709383).
LogModuleManager: Display: Found up-to-date module file ../../../Engine/Plugins/Messaging/TcpMessaging/Binaries/Win64/UE4Editor-TcpMessaging.dll (API version 3709383).
LogModuleManager: Display: Found up-to-date module file ../../../Engine/Plugins/Messaging/UdpMessaging/Binaries/Win64/UE4Editor-UdpMessaging.dll (API version 3709383).
LogModuleManager: Display: Found up-to-date module file ../../../Engine/Plugins/MovieScene/ActorSequence/Binaries/Win64/UE4Editor-ActorSequence.dll (API version 3709383).
LogModuleManager: Display: Found up-to-date module file ../../../Engine/Plugins/MovieScene/LevelSequenceEditor/Binaries/Win64/UE4Editor-LevelSequenceEditor.dll (API version 3709383).
LogModuleManager: Display: Found up-to-date module file ../../../Engine/Plugins/MovieScene/MatineeToLevelSequence/Binaries/Win64/UE4Editor-MatineeToLevelSequence.dll (API version 3709383).
LogModuleManager: Display: Found up-to-date module file ../../../Engine/Plugins/Online/OnlineSubsystem/Binaries/Win64/UE4Editor-OnlineSubsystem.dll (API version 3709383).
LogModuleManager: Display: Found up-to-date module file ../../../Engine/Plugins/Runtime/AndroidPermission/Binaries/Win64/UE4Editor-AndroidPermission.dll (API version 3709383).
LogModuleManager: Display: Found up-to-date module file ../../../Engine/Plugins/Online/OnlineSubsystemNull/Binaries/Win64/UE4Editor-OnlineSubsystemNull.dll (API version 3709383).
LogModuleManager: Display: Found up-to-date module file ../../../Engine/Plugins/Online/OnlineSubsystemUtils/Binaries/Win64/UE4Editor-OnlineSubsystemUtils.dll (API version 3709383).
LogModuleManager: Display: Found up-to-date module file ../../../Engine/Plugins/Online/OnlineSubsystemUtils/Binaries/Win64/UE4Editor-OnlineBlueprintSupport.dll (API version 3709383).
LogModuleManager: Display: Found up-to-date module file ../../../Engine/Plugins/Runtime/AndroidDeviceProfileSelector/Binaries/Win64/UE4Editor-AndroidDeviceProfileSelector.dll (API version 3709383).
LogModuleManager: Display: Found up-to-date module file ../../../Engine/Plugins/Runtime/AppleARKit/Binaries/Win64/UE4Editor-AppleARKit.dll (API version 3709383).
LogModuleManager: Display: Found up-to-date module file ../../../Engine/Plugins/Runtime/ArchVisCharacter/Binaries/Win64/UE4Editor-ArchVisCharacter.dll (API version 3709383).
LogModuleManager: Display: Found up-to-date module file ../../../Engine/Plugins/Runtime/CableComponent/Binaries/Win64/UE4Editor-CableComponent.dll (API version 3709383).
LogModuleManager: Display: Found up-to-date module file ../../../Engine/Plugins/Runtime/CustomMeshComponent/Binaries/Win64/UE4Editor-CustomMeshComponent.dll (API version 3709383).
LogModuleManager: Display: Found up-to-date module file ../../../Engine/Plugins/Runtime/ExampleDeviceProfileSelector/Binaries/Win64/UE4Editor-ExampleDeviceProfileSelector.dll (API version 3709383).
LogModuleManager: Display: Found up-to-date module file ../../../Engine/Plugins/Runtime/ImmediatePhysics/Binaries/Win64/UE4Editor-ImmediatePhysics.dll (API version 3709383).
LogModuleManager: Display: Found up-to-date module file ../../../Engine/Plugins/Runtime/ImmediatePhysics/Binaries/Win64/UE4Editor-ImmediatePhysicsEditor.dll (API version 3709383).
LogModuleManager: Display: Found up-to-date module file ../../../Engine/Plugins/Runtime/LocationServicesBPLibrary/Binaries/Win64/UE4Editor-LocationServicesBPLibrary.dll (API version 3709383).
LogModuleManager: Display: Found up-to-date module file ../../../Engine/Plugins/Runtime/MobilePatchingUtils/Binaries/Win64/UE4Editor-MobilePatchingUtils.dll (API version 3709383).
LogModuleManager: Display: Found up-to-date module file ../../../Engine/Plugins/Runtime/Oculus/OculusVR/Binaries/Win64/UE4Editor-OculusHMD.dll (API version 3709383).
LogModuleManager: Display: Found up-to-date module file ../../../Engine/Plugins/Runtime/Oculus/OculusVR/Binaries/Win64/UE4Editor-OculusInput.dll (API version 3709383).
LogModuleManager: Display: Found up-to-date module file ../../../Engine/Plugins/Runtime/Oculus/OculusVR/Binaries/Win64/UE4Editor-OculusEditor.dll (API version 3709383).
LogModuleManager: Display: Found up-to-date module file ../../../Engine/Plugins/Runtime/PhysXVehicles/Binaries/Win64/UE4Editor-PhysXVehicles.dll (API version 3709383).
LogModuleManager: Display: Found up-to-date module file ../../../Engine/Plugins/Runtime/PhysXVehicles/Binaries/Win64/UE4Editor-PhysXVehiclesEditor.dll (API version 3709383).
LogModuleManager: Display: Found up-to-date module file ../../../Engine/Plugins/Runtime/ProceduralMeshComponent/Binaries/Win64/UE4Editor-ProceduralMeshComponent.dll (API version 3709383).
LogModuleManager: Display: Found up-to-date module file ../../../Engine/Plugins/Runtime/ProceduralMeshComponent/Binaries/Win64/UE4Editor-ProceduralMeshComponentEditor.dll (API version 3709383).
LogModuleManager: Display: Found up-to-date module file ../../../Engine/Plugins/Runtime/RuntimePhysXCooking/Binaries/Win64/UE4Editor-RuntimePhysXCooking.dll (API version 3709383).
LogModuleManager: Display: Found up-to-date module file ../../../Engine/Plugins/Runtime/Steam/SteamVR/Binaries/Win64/UE4Editor-SteamVR.dll (API version 3709383).
LogModuleManager: Display: Found up-to-date module file ../../../Engine/Plugins/Runtime/Steam/SteamVR/Binaries/Win64/UE4Editor-SteamVRController.dll (API version 3709383).
LogModuleManager: Display: Found up-to-date module file ../../../Engine/Plugins/Runtime/WindowsMoviePlayer/Binaries/Win64/UE4Editor-WindowsMoviePlayer.dll (API version 3709383).
LogPluginManager: Mounting plugin Paper2D
LogPluginManager: Mounting plugin LightPropagationVolume
LogPluginManager: Mounting plugin CodeLiteSourceCodeAccess
LogPluginManager: Mounting plugin GitSourceControl
LogPluginManager: Mounting plugin KDevelopSourceCodeAccess
LogPluginManager: Mounting plugin NullSourceCodeAccess
LogPluginManager: Mounting plugin PerforceSourceControl
LogPluginManager: Mounting plugin SubversionSourceControl
LogPluginManager: Mounting plugin UObjectPlugin
LogPluginManager: Mounting plugin VisualStudioCodeSourceCodeAccess
LogPluginManager: Mounting plugin VisualStudioSourceCodeAccess
LogPluginManager: Mounting plugin XCodeSourceCodeAccess
LogPluginManager: Mounting plugin AssetManagerEditor
LogPluginManager: Mounting plugin AudioCapture
LogPluginManager: Mounting plugin FacialAnimation
LogPluginManager: Mounting plugin GameplayTagsEditor
LogPluginManager: Mounting plugin MobileLauncherProfileWizard
LogPluginManager: Mounting plugin PluginBrowser
LogPluginManager: Mounting plugin SpeedTreeImporter
LogPluginManager: Mounting plugin AlembicImporter
LogPluginManager: Mounting plugin CharacterAI
LogPluginManager: Mounting plugin HTML5Networking
LogPluginManager: Mounting plugin LowEntryExtStdLib
LogPluginManager: Mounting plugin AndroidMedia
LogPluginManager: Mounting plugin AvfMedia
LogPluginManager: Mounting plugin ImgMedia
LogPluginManager: Mounting plugin MediaCompositing
LogPluginManager: Mounting plugin MediaPlayerEditor
LogPluginManager: Mounting plugin WmfMedia
LogPluginManager: Mounting plugin TcpMessaging
LogPluginManager: Mounting plugin UdpMessaging
LogPluginManager: Mounting plugin ActorSequence
LogPluginManager: Mounting plugin LevelSequenceEditor
LogPluginManager: Mounting plugin MatineeToLevelSequence
LogPluginManager: Mounting plugin OnlineSubsystemGooglePlay
LogPluginManager: Mounting plugin OnlineSubsystemIOS
LogPluginManager: Mounting plugin OnlineSubsystem
LogPluginManager: Mounting plugin OnlineSubsystemNull
LogPluginManager: Mounting plugin OnlineSubsystemUtils
LogPluginManager: Mounting plugin AndroidDeviceProfileSelector
LogPluginManager: Mounting plugin AndroidMoviePlayer
LogPluginManager: Mounting plugin AndroidPermission
LogPluginManager: Mounting plugin AppleARKit
LogPluginManager: Mounting plugin AppleMoviePlayer
LogPluginManager: Mounting plugin ArchVisCharacter
LogPluginManager: Mounting plugin CableComponent
LogPluginManager: Mounting plugin CustomMeshComponent
LogPluginManager: Mounting plugin ExampleDeviceProfileSelector
LogPluginManager: Mounting plugin GoogleCloudMessaging
LogPluginManager: Mounting plugin ImmediatePhysics
LogPluginManager: Mounting plugin IOSDeviceProfileSelector
LogPluginManager: Mounting plugin LinuxDeviceProfileSelector
LogPluginManager: Mounting plugin LocationServicesBPLibrary
LogPluginManager: Mounting plugin MobilePatchingUtils
LogPluginManager: Mounting plugin OculusVR
LogPluginManager: Plugin shader directory ../../../Engine/Plugins/Runtime/Oculus/OculusVR/Shaders found
LogPluginManager: Mapping shader source directory ../../../Engine/Plugins/Runtime/Oculus/OculusVR/Shaders to virtual directory /Plugin/OculusVR
LogPluginManager: Mounting plugin PhysXVehicles
LogPluginManager: Mounting plugin ProceduralMeshComponent
LogPluginManager: Mounting plugin RuntimePhysXCooking
LogPluginManager: Mounting plugin SteamVR
LogPluginManager: Mounting plugin WindowsMoviePlayer
LogInit: Using libcurl 7.47.1
LogInit:  - built for x86_64-pc-win32
LogInit:  - supports SSL with OpenSSL/1.0.2g
LogInit:  - supports HTTP deflate (compression) using libz 1.2.8
LogInit:  - other features:
LogInit:      CURL_VERSION_SSL
LogInit:      CURL_VERSION_LIBZ
LogInit:      CURL_VERSION_IPV6
LogInit:      CURL_VERSION_ASYNCHDNS
LogInit:      CURL_VERSION_LARGEFILE
LogInit:      CURL_VERSION_IDN
LogInit:  CurlRequestOptions (configurable via config and command line):
LogInit:  - bVerifyPeer = false  - Libcurl will NOT verify peer certificate
LogInit:  - bUseHttpProxy = false  - Libcurl will NOT use HTTP proxy
LogInit:  - bDontReuseConnections = false  - Libcurl will reuse connections
LogInit:  - CertBundlePath = nullptr  - Libcurl will use whatever was configured at build time.
LogInit: Build: ++UE4+Release-4.18-CL-3754814
LogInit: Engine Version: 4.18.1-3754814+++UE4+Release-4.18
LogInit: Compatible Engine Version: 4.18.0-3709383+++UE4+Release-4.18
LogInit: Net CL: 3709383
LogDevObjectVersion: Number of dev versions registered: 16
LogDevObjectVersion:   Dev-Blueprints (B0D832E4-1F89-4F0D-ACCF-7EB736FD4AA2): 10
LogDevObjectVersion:   Dev-Build (E1C64328-A22C-4D53-A36C-8E866417BD8C): 0
LogDevObjectVersion:   Dev-Core (375EC13C-06E4-48FB-B500-84F0262A717E): 2
LogDevObjectVersion:   Dev-Editor (E4B068ED-F494-42E9-A231-DA0B2E46BB41): 20
LogDevObjectVersion:   Dev-Framework (CFFC743F-43B0-4480-9391-14DF171D2073): 30
LogDevObjectVersion:   Dev-Mobile (B02B49B5-BB20-44E9-A304-32B752E40360): 0
LogDevObjectVersion:   Dev-Networking (A4E4105C-59A1-49B5-A7C5-40C4547EDFEE): 0
LogDevObjectVersion:   Dev-Online (39C831C9-5AE6-47DC-9A44-9C173E1C8E7C): 0
LogDevObjectVersion:   Dev-Physics (78F01B33-EBEA-4F98-B9B4-84EACCB95AA2): 0
LogDevObjectVersion:   Dev-Platform (6631380F-2D4D-43E0-8009-CF276956A95A): 0
LogDevObjectVersion:   Dev-Rendering (12F88B9F-8875-4AFC-A67C-D90C383ABD29): 20
LogDevObjectVersion:   Dev-Sequencer (7B5AE74C-D270-4C10-A958-57980B212A5A): 4
LogDevObjectVersion:   Dev-VR (D7296918-1DD6-4BDD-9DE2-64A83CC13884): 0
LogDevObjectVersion:   Dev-LoadTimes (C2A15278-BFE7-4AFE-6C17-90FF531DF755): 1
LogDevObjectVersion:   Private-Geometry (6EACA3D4-40EC-4CC1-B786-8BED09428FC5): 1
LogDevObjectVersion:   Dev-AnimPhys (29E575DD-E0A3-4627-9D10-D276232CDCEA): 12
LogInit: Compiled (64-bit): Nov 14 2017 02:05:55
LogInit: Compiled with Visual C++: 19.00.24215.01
LogInit: Build Configuration: Development
LogInit: Branch Name: ++UE4+Release-4.18
LogInit: Command line: -EpicPortal 
LogInit: Base directory: D:/Program Files (x86)/UE_4.18/Engine/Binaries/Win64/
LogInit: Installed Engine Build: 1
LogInit: Presizing for max 8388607 objects, including 0 objects not considered by GC, pre-allocating 0 bytes for permanent pool.
LogInit: Object subsystem initialized
[2018.01.27-10.18.12:146][  0]LogInit: Selected Device Profile: [Windows]
[2018.01.27-10.18.12:146][  0]LogInit: Applying CVar settings loaded from the selected device profile: [Windows]
[2018.01.27-10.18.12:192][  0]LogInit: Computer: DESKTOP-PF761S9
[2018.01.27-10.18.12:192][  0]LogInit: User: kayle
[2018.01.27-10.18.12:192][  0]LogInit: CPU Page size=4096, Cores=4
[2018.01.27-10.18.12:192][  0]LogInit: High frequency timer resolution =2.435779 MHz
[2018.01.27-10.18.12:192][  0]LogMemory: Memory total: Physical=7.9GB (8GB approx)
[2018.01.27-10.18.12:192][  0]LogMemory: Platform Memory Stats for Windows
[2018.01.27-10.18.12:192][  0]LogMemory: Process Physical Memory: 275.71 MB used, 275.71 MB peak
[2018.01.27-10.18.12:192][  0]LogMemory: Process Virtual Memory: 271.99 MB used, 271.99 MB peak
[2018.01.27-10.18.12:192][  0]LogMemory: Physical Memory: 6465.32 MB used,  1645.82 MB free, 8111.13 MB total
[2018.01.27-10.18.12:192][  0]LogMemory: Virtual Memory: 680.20 MB used,  1645.82 MB free, 134217728.00 MB total
[2018.01.27-10.18.12:570][  0]LogInit: Using OS detected language (en-US).
[2018.01.27-10.18.12:570][  0]LogInit: Using OS detected locale (nl-NL).
[2018.01.27-10.18.12:824][  0]LogTextLocalizationManager: No specific localization for 'en-US' exists, so the 'en' localization will be used.
[2018.01.27-10.18.12:824][  0]LogTextLocalizationManager: No localization for 'nl-NL' exists, so 'en-US' will be used for the locale.
[2018.01.27-10.18.13:726][  0]LogInit: Setting process to per monitor DPI aware
[2018.01.27-10.18.17:232][  0]LogD3D11RHI: D3D11 adapters:
[2018.01.27-10.18.17:281][  0]LogD3D11RHI:    0. 'NVIDIA GeForce GTX 850M' (Feature Level 11_0)
[2018.01.27-10.18.17:281][  0]LogD3D11RHI:       2019/0/4055 MB DedicatedVideo/DedicatedSystem/SharedSystem, Outputs:1, VendorId:0x10de
[2018.01.27-10.18.17:288][  0]LogD3D11RHI:    1. 'Intel(R) HD Graphics 4600' (Feature Level 11_0)
[2018.01.27-10.18.17:288][  0]LogD3D11RHI:       112/0/2048 MB DedicatedVideo/DedicatedSystem/SharedSystem, Outputs:0, VendorId:0x8086
[2018.01.27-10.18.17:292][  0]LogD3D11RHI:    2. 'Microsoft Basic Render Driver' (Feature Level 11_0)
[2018.01.27-10.18.17:292][  0]LogD3D11RHI:       0/0/4055 MB DedicatedVideo/DedicatedSystem/SharedSystem, Outputs:0, VendorId:0x1414
[2018.01.27-10.18.17:292][  0]LogD3D11RHI: Chosen D3D11 Adapter: 0
[2018.01.27-10.18.17:300][  0]LogD3D11RHI: Creating new Direct3DDevice
[2018.01.27-10.18.17:300][  0]LogD3D11RHI:     GPU DeviceId: 0x1391 (for the marketing name, search the web for "GPU Device Id")
[2018.01.27-10.18.17:300][  0]LogWindows: EnumDisplayDevices:
[2018.01.27-10.18.17:300][  0]LogWindows:    0. 'Intel(R) HD Graphics 4600' (P:1 D:1)
[2018.01.27-10.18.17:300][  0]LogWindows:    1. 'Intel(R) HD Graphics 4600' (P:0 D:0)
[2018.01.27-10.18.17:300][  0]LogWindows:    2. 'Intel(R) HD Graphics 4600' (P:0 D:0)
[2018.01.27-10.18.17:301][  0]LogWindows: DebugString: GetVideoDriverDetailsInvalid PrimaryIsNotTheChoosenAdapter GetVideoDriverDetailsInvalid PrimaryIsNotTheChoosenAdapter GetVideoDriverDetailsInvalid PrimaryIsNotTheChoosenAdapter FoundDriverCount:0 
[2018.01.27-10.18.17:301][  0]LogD3D11RHI:     Adapter Name: NVIDIA GeForce GTX 850M
[2018.01.27-10.18.17:301][  0]LogD3D11RHI:   Driver Version: Unknown (internal:Unknown, unified:Unknown)
[2018.01.27-10.18.17:301][  0]LogD3D11RHI:      Driver Date: Unknown
[2018.01.27-10.18.17:301][  0]LogRHI: Texture pool is 1413 MB (70% of 2019 MB)
[2018.01.27-10.18.17:325][  0]LogD3D11RHI: Async texture creation enabled
[2018.01.27-10.18.17:380][  0]LogD3D11RHI: GPU Timing Frequency: 1000.000000 (Debug: 2 1)
[2018.01.27-10.18.17:381][  0]LogShaderCompilers: Guid format shader working directory is -12 characters bigger than the processId version (C:/Users/kayle/Documents/GitHub/BearPressure/BearPressure/Intermediate/Shaders/WorkingDirectory/15444/).
[2018.01.27-10.18.17:381][  0]LogShaderCompilers: Cleaned the shader compiler working directory 'C:/Users/kayle/AppData/Local/Temp/UnrealShaderWorkingDir/2EABF0B44D362180FB16289ECA758D90/'.
[2018.01.27-10.18.17:381][  0]LogShaderCompilers: Display: Using Local Shader Compiler.
[2018.01.27-10.18.21:390][  0]LogTemp: Display: Loaded TP AllDesktopTargetPlatform
[2018.01.27-10.18.21:438][  0]LogTemp: Display: Loaded TP MacClientTargetPlatform
[2018.01.27-10.18.21:488][  0]LogTemp: Display: Loaded TP MacNoEditorTargetPlatform
[2018.01.27-10.18.21:553][  0]LogTemp: Display: Loaded TP MacServerTargetPlatform
[2018.01.27-10.18.21:653][  0]LogTemp: Display: Loaded TP MacTargetPlatform
[2018.01.27-10.18.21:699][  0]LogTemp: Display: Loaded TP WindowsClientTargetPlatform
[2018.01.27-10.18.21:746][  0]LogTemp: Display: Loaded TP WindowsNoEditorTargetPlatform
[2018.01.27-10.18.21:793][  0]LogTemp: Display: Loaded TP WindowsServerTargetPlatform
[2018.01.27-10.18.21:835][  0]LogTemp: Display: Loaded TP WindowsTargetPlatform
[2018.01.27-10.18.21:880][  0]LogTemp: Display: Loaded TP Android_ASTCTargetPlatform
[2018.01.27-10.18.21:925][  0]LogTemp: Display: Loaded TP Android_ATCTargetPlatform
[2018.01.27-10.18.21:970][  0]LogTemp: Display: Loaded TP Android_DXTTargetPlatform
[2018.01.27-10.18.22:017][  0]LogTemp: Display: Loaded TP Android_ETC1TargetPlatform
[2018.01.27-10.18.22:064][  0]LogTemp: Display: Loaded TP Android_ETC2TargetPlatform
[2018.01.27-10.18.22:176][  0]LogTemp: Display: Loaded TP Android_MultiTargetPlatform
[2018.01.27-10.18.22:176][  0]LogTemp: Display: Loaded TP Android_PVRTCTargetPlatform
[2018.01.27-10.18.22:259][  0]LogTemp: Display: Loaded TP AndroidTargetPlatform
[2018.01.27-10.18.22:293][  0]LogTemp: Display: Loaded TP HTML5TargetPlatform
[2018.01.27-10.18.22:412][  0]LogTemp: Display: Loaded TP IOSTargetPlatform
[2018.01.27-10.18.22:437][  0]LogTemp: Display: Loaded TP TVOSTargetPlatform
[2018.01.27-10.18.22:483][  0]LogTemp: Display: Loaded TP LinuxClientTargetPlatform
[2018.01.27-10.18.22:528][  0]LogTemp: Display: Loaded TP LinuxNoEditorTargetPlatform
[2018.01.27-10.18.22:574][  0]LogTemp: Display: Loaded TP LinuxServerTargetPlatform
[2018.01.27-10.18.22:623][  0]LogTemp: Display: Loaded TP LinuxTargetPlatform
[2018.01.27-10.18.22:623][  0]LogTargetPlatformManager: Display: Building Assets For Windows
[2018.01.27-10.18.23:263][  0]LogDerivedDataCache: Display: Max Cache Size: 512 MB
[2018.01.27-10.18.23:612][  0]LogDerivedDataCache: Loaded boot cache 0.35s 78MB C:/Users/kayle/AppData/Local/UnrealEngine/4.18/DerivedDataCache/Boot.ddc.
[2018.01.27-10.18.23:612][  0]LogDerivedDataCache: Display: Loaded Boot cache: C:/Users/kayle/AppData/Local/UnrealEngine/4.18/DerivedDataCache/Boot.ddc
[2018.01.27-10.18.23:612][  0]LogDerivedDataCache: FDerivedDataBackendGraph:  Pak pak cache file C:/Users/kayle/Documents/GitHub/BearPressure/BearPressure/DerivedDataCache/DDC.ddp not found, will not use a pak cache.
[2018.01.27-10.18.23:612][  0]LogDerivedDataCache: Unable to find inner node Pak for hierarchical cache Hierarchy.
[2018.01.27-10.18.23:612][  0]LogDerivedDataCache: FDerivedDataBackendGraph:  CompressedPak pak cache file C:/Users/kayle/Documents/GitHub/BearPressure/BearPressure/DerivedDataCache/Compressed.ddp not found, will not use a pak cache.
[2018.01.27-10.18.23:612][  0]LogDerivedDataCache: Unable to find inner node CompressedPak for hierarchical cache Hierarchy.
[2018.01.27-10.18.23:631][  0]LogDerivedDataCache: Display: Pak cache opened for reading ../../../Engine/DerivedDataCache/Compressed.ddp.
[2018.01.27-10.18.23:643][  0]LogDerivedDataCache: Using Local data cache path C:/Users/kayle/AppData/Local/UnrealEngine/Common/DerivedDataCache: Writable
[2018.01.27-10.18.23:655][  0]LogMaterial: Verifying Global Shaders for PCD3D_SM5
[2018.01.27-10.18.23:655][  0]LogSlate: Using Freetype 2.6.0
[2018.01.27-10.18.23:679][  0]LogSlate: SlateFontCache - WITH_FREETYPE: 1, WITH_HARFBUZZ: 1
[2018.01.27-10.18.23:679][  0]LogSlate: SlateFontCache - WITH_FREETYPE: 1, WITH_HARFBUZZ: 1
[2018.01.27-10.18.27:893][  0]LogInit: Selected Device Profile: [Windows]
[2018.01.27-10.18.28:444][  0]LogSimplygon: Simplygon DLL not present - disabling.
[2018.01.27-10.18.28:492][  0]LogMeshReduction: Using SimplygonSwarm for distributed automatic mesh merging
[2018.01.27-10.18.28:492][  0]LogMeshReduction: Using QuadricMeshReduction for automatic static mesh reduction
[2018.01.27-10.18.28:492][  0]LogMeshReduction: No automatic skeletal mesh reduction module available
[2018.01.27-10.18.28:492][  0]LogMeshReduction: No automatic mesh merging module available
[2018.01.27-10.18.28:492][  0]LogMeshMerging: No automatic mesh merging module available
[2018.01.27-10.18.28:536][  0]LogNetVersion: BearPressure , NetCL: 3709383, EngineNetVer: 2, GameNetVer: 0 (Checksum: 4219025520)
[2018.01.27-10.18.28:711][  0]LogAssetRegistry: FAssetRegistry took 0.0274 seconds to start up
[2018.01.27-10.18.29:556][  0]LogPackageLocalizationCache: Processed 8 localized package path(s) for 2 prioritized culture(s) in 0.116658 seconds
[2018.01.27-10.18.29:562][  0]LogUObjectArray: 35900 objects as part of root set at end of initial load.
[2018.01.27-10.18.29:562][  0]LogUObjectAllocator: 7372016 out of 0 bytes used by permanent object pool.
[2018.01.27-10.18.29:562][  0]LogUObjectArray: CloseDisregardForGC: 0/0 objects in disregard for GC pool
[2018.01.27-10.18.29:656][  0]LogInit: WinSock: version 1.1 (2.2), MaxSocks=32767, MaxUdp=65467
[2018.01.27-10.18.44:820][  0]LogTcpMessaging: Initializing TcpMessaging bridge
[2018.01.27-10.18.44:885][  0]LogUdpMessaging: Initializing bridge on interface 0.0.0.0:0 to multicast group 230.0.0.1:6666.
[2018.01.27-10.18.45:949][  0]LogMaterial: Uniform references updated for custom material expression Custom.
[2018.01.27-10.18.46:538][  0]SourceControl: Source control is disabled
[2018.01.27-10.18.46:538][  0]SourceControl: Source control is disabled
[2018.01.27-10.18.46:625][  0]SourceControl: Source control is disabled
[2018.01.27-10.18.46:732][  0]SourceControl: Source control is disabled
[2018.01.27-10.18.48:219][  0]LogAndroidPermission: UAndroidPermissionCallbackProxy::GetInstance
[2018.01.27-10.18.49:118][  0]LogOcInput: OculusInput pre-init called
[2018.01.27-10.18.49:731][  0]LogEngine: Initializing Engine...
[2018.01.27-10.18.49:735][  0]LogHMD: Failed to initialize OpenVR with code 110
[2018.01.27-10.18.50:108][  0]LogStats: UGameplayTagsManager::ConstructGameplayTagTree: Construct from data asset -  0.000 s
[2018.01.27-10.18.50:115][  0]LogStats: UGameplayTagsManager::ConstructGameplayTagTree: GameplayTagTreeChangedEvent.Broadcast -  0.000 s
[2018.01.27-10.18.50:443][  0]LogAIModule: Creating AISystem for world Untitled
[2018.01.27-10.18.50:483][  0]LogInit: XAudio2 using 'Headphones (Razer Hammerhead BT Stereo)' : 2 channels at 44.1 kHz using 16 bits per sample (channel mask 0x3)
[2018.01.27-10.18.50:515][  0]LogInit: FAudioDevice initialized.
[2018.01.27-10.18.50:671][  0]LogDerivedDataCache: Saved boot cache 0.16s 78MB C:/Users/kayle/AppData/Local/UnrealEngine/4.18/DerivedDataCache/Boot.ddc.
[2018.01.27-10.18.50:709][  0]LogInit: Texture streaming: Enabled
[2018.01.27-10.18.50:958][  0]LogEngineSessionManager: EngineSessionManager initialized
[2018.01.27-10.18.51:291][  0]LogInit: Transaction tracking system initialized
[2018.01.27-10.18.52:214][  0]BlueprintLog: New page: Editor Load
[2018.01.27-10.18.56:707][  0]LocalizationService: Localization service is disabled
[2018.01.27-10.18.58:648][  0]LogConsoleResponse: Display: 
[2018.01.27-10.19.01:822][  0]LogFileCache: Scanning file cache for directory 'C:/Users/kayle/Documents/GitHub/BearPressure/BearPressure/Content/' took 0.04s
[2018.01.27-10.19.01:823][  0]LogCook: Display: Max memory allowance for cook 16384mb min free memory 0mb
[2018.01.27-10.19.01:844][  0]LogCook: Display: Mobile HDR setting 1
[2018.01.27-10.19.01:903][  0]LogGameplayTags: Display: UGameplayTagsManager::DoneAddingNativeTags. DelegateIsBound: 0
[2018.01.27-10.19.07:678][  0]SourceControl: Source control is disabled
[2018.01.27-10.19.07:847][  0]Cmd: MAP LOAD FILE="../../../Engine/Content/Maps/Templates/Template_Default.umap" TEMPLATE=1 SHOWPROGRESS=1 FEATURELEVEL=3
[2018.01.27-10.19.08:071][  0]LightingResults: New page: Lighting Build
[2018.01.27-10.19.09:429][  0]MapCheck: New page: Map Check
[2018.01.27-10.19.09:429][  0]LightingResults: New page: Lighting Build
[2018.01.27-10.19.15:786][  0]LogAIModule: Creating AISystem for world Untitled_1
[2018.01.27-10.19.18:072][  0]LogEditorServer: Finished looking for orphan Actors (0.000 secs)
[2018.01.27-10.19.18:612][  0]Cmd: MAP CHECKDEP NOCLEARLOG
[2018.01.27-10.19.18:841][  0]MapCheck: Map check complete: 0 Error(s), 0 Warning(s), took 221.03ms to complete.
[2018.01.27-10.19.18:841][  0]LogFileHelpers: Loading map 'Template_Default' took 11.060
[2018.01.27-10.19.23:308][  0]LogCollectionManager: Loaded 0 collections in 0.001315 seconds
[2018.01.27-10.19.23:585][  0]LogFileCache: Scanning file cache for directory 'C:/Users/kayle/Documents/GitHub/BearPressure/BearPressure/Saved/Collections/' took 0.01s
[2018.01.27-10.19.23:585][  0]LogFileCache: Scanning file cache for directory 'C:/Users/kayle/Documents/GitHub/BearPressure/BearPressure/Content/Developers/kayle/Collections/' took 0.01s
[2018.01.27-10.19.23:586][  0]LogFileCache: Scanning file cache for directory 'C:/Users/kayle/Documents/GitHub/BearPressure/BearPressure/Content/Collections/' took 0.01s
[2018.01.27-10.19.23:586][  0]LogCollectionManager: Rebuilt the GUID cache for 0 collections in 0.000000 seconds
[2018.01.27-10.19.23:605][  0]LogContentBrowser: Native class hierarchy populated in 0.0180 seconds. Added 2388 classes and 528 folders.
[2018.01.27-10.19.23:927][  0]LogContentBrowser: Native class hierarchy updated for 'WidgetCarousel' in 0.0005 seconds. Added 0 classes and 0 folders.
[2018.01.27-10.19.25:896][  0]LogContentBrowser: Native class hierarchy updated for 'AddContentDialog' in 0.0003 seconds. Added 0 classes and 0 folders.
[2018.01.27-10.19.26:119][  0]LogContentBrowser: Native class hierarchy updated for 'SceneOutliner' in 0.0003 seconds. Added 1 classes and 2 folders.
[2018.01.27-10.19.28:026][  0]LogSlate: Took 0.093107 seconds to synchronously load lazily loaded font '../../../Engine/Content/Slate/Fonts/Roboto-Regular.ttf' (155K)
[2018.01.27-10.19.28:072][  0]LogSlate: Took 0.021963 seconds to synchronously load lazily loaded font '../../../Engine/Content/Slate/Fonts/Roboto-Bold.ttf' (160K)
[2018.01.27-10.19.28:355][  0]LogSlate: Took 0.030210 seconds to synchronously load lazily loaded font '../../../Engine/Content/Editor/Slate/Fonts/FontAwesome.ttf' (139K)
[2018.01.27-10.19.30:126][  0]LogRenderer: Reallocating scene render targets to support 1168x600 Format 10 NumSamples 1 (Frame:1).
[2018.01.27-10.19.32:551][  0]LogContentBrowser: Native class hierarchy updated for 'HierarchicalLODOutliner' in 0.0003 seconds. Added 1 classes and 2 folders.
[2018.01.27-10.19.32:551][  0]LogLoad: (Engine Initialization) Total time: 97.99 seconds
[2018.01.27-10.19.32:551][  0]LogLoad: (Engine Initialization) Total Blueprint compile time: 0.00 seconds
[2018.01.27-10.19.32:586][  0]LogExternalProfiler: Found external profiler: VSPerf
[2018.01.27-10.19.32:586][  0]LogExternalProfiler: Using external profiler: VSPerf
[2018.01.27-10.19.33:584][  0]LogContentStreaming: Texture pool size now 1000 MB
[2018.01.27-10.19.34:981][  3]LogAssetRegistry: Asset discovery search completed in 66.2918 seconds
[2018.01.27-10.19.35:023][  3]LogCollectionManager: Rebuilt the object cache for 0 collections in 0.000000 seconds (found 0 objects)
[2018.01.27-10.19.35:023][  3]LogCollectionManager: Fixed up redirectors for 0 collections in 0.000078 seconds (updated 0 objects)
[2018.01.27-10.19.38:413][ 13]LogSlate: Took 0.024579 seconds to synchronously load lazily loaded font '../../../Engine/Content/Slate/Fonts/Roboto-Light.ttf' (159K)
[2018.01.27-10.20.04:933][246]LogTemp: Repeating last play command: Selected Viewport
[2018.01.27-10.20.05:222][246]LogPlayLevel: PlayLevel: No blueprints needed recompiling
[2018.01.27-10.20.05:350][246]PIE: New page: PIE session: Untitled_1 (Jan 27, 2018, 12:20:05 PM)
[2018.01.27-10.20.05:370][246]LogPlayLevel: Creating play world package: /Temp/UEDPIE_0_Untitled_1
[2018.01.27-10.20.05:424][246]LogPlayLevel: PIE: StaticDuplicateObject took: (0.053954s)
[2018.01.27-10.20.05:425][246]LogAIModule: Creating AISystem for world Untitled_1
[2018.01.27-10.20.05:449][246]LogPlayLevel: PIE: World Init took: (0.025098s)
[2018.01.27-10.20.05:458][246]LogPlayLevel: PIE: Created PIE world by copying editor world from /Temp/Untitled_1.Untitled_1 to /Temp/UEDPIE_0_Untitled_1.Untitled_1 (0.087925s)
[2018.01.27-10.20.05:507][246]LogInit: XAudio2 using 'Headphones (Razer Hammerhead BT Stereo)' : 2 channels at 44.1 kHz using 16 bits per sample (channel mask 0x3)
[2018.01.27-10.20.05:514][246]LogInit: FAudioDevice initialized.
[2018.01.27-10.20.06:156][246]LogStaticMesh: Building static mesh SM_BearRobin_Proxy...
[2018.01.27-10.20.07:913][246]LogStaticMesh: Built static mesh [1.76s] /Game/BearPressure/Art/SM_BearRobin_Proxy.SM_BearRobin_Proxy
[2018.01.27-10.20.08:162][246]LogMaterial: Missing cached shader map for material BasicShapeMaterial, compiling. 
[2018.01.27-10.20.08:353][246]LogMaterial: Missing cached shader map for material lambert1, compiling. 
[2018.01.27-10.20.08:468][246]LogLoad: Game class is 'GM_PackageDelivery_C'
[2018.01.27-10.20.08:767][246]LogWorld: Bringing World /Temp/UEDPIE_0_Untitled_1.Untitled_1 up for play (max tick rate 0) at 2018.01.27-11.20.08
[2018.01.27-10.20.08:902][246]LogWorld: Bringing up level for play took: 0.167189
[2018.01.27-10.20.09:234][246]LogContentBrowser: Native class hierarchy updated for 'MovieSceneCapture' in 0.0166 seconds. Added 11 classes and 0 folders.
[2018.01.27-10.20.10:061][246]PIE: Play in editor start time for /Temp/UEDPIE_0_Untitled_1 4.437
[2018.01.27-12.07.26:785][337]LogAudio: Warning: Current Audio Device with ID {0.0.0.00000000}.{5d2525fe-3c15-462f-bb26-a78282bc30e6} was removed. Shutting down audio device.
[2018.01.27-12.07.26:786][337]LogInit: XAudio2 using 'Speakers (High Definition Audio Device)' : 2 channels at 44.1 kHz using 16 bits per sample (channel mask 0x3)
[2018.01.27-12.13.44:794][471]LogInit: XAudio2 using 'Speakers (High Definition Audio Device)' : 2 channels at 44.1 kHz using 16 bits per sample (channel mask 0x3)
[2018.01.27-12.13.46:457][476]LogInit: XAudio2 using 'Headphones (Razer Hammerhead BT Stereo)' : 2 channels at 44.1 kHz using 16 bits per sample (channel mask 0x3)
[2018.01.27-12.40.52:891][393]Cmd: QUIT_EDITOR
[2018.01.27-12.40.54:154][393]LogWindowsTextInputMethodSystem: Display: IME system now deactivated.
[2018.01.27-12.40.54:226][393]LogExit: Preparing to exit.
[2018.01.27-12.40.55:738][393]LogExit: Editor shut down
[2018.01.27-12.40.55:793][393]LogExit: Transaction tracking system shut down
[2018.01.27-12.40.56:223][393]LogDirectoryWatcher: A directory notification for '../../../Engine/Content/' was aborted.
[2018.01.27-12.40.56:223][393]LogDirectoryWatcher: A directory notification for 'C:/Users/kayle/Documents/GitHub/BearPressure/BearPressure/Content/' was aborted.
[2018.01.27-12.40.56:223][393]LogDirectoryWatcher: A directory notification for '../../../Engine/Plugins/2D/Paper2D/Content/' was aborted.
[2018.01.27-12.40.56:223][393]LogDirectoryWatcher: A directory notification for '../../../Engine/Plugins/Marketplace/LowEntryExtStdLib/Content/' was aborted.
[2018.01.27-12.40.56:223][393]LogDirectoryWatcher: A directory notification for '../../../Engine/Plugins/Media/MediaCompositing/Content/' was aborted.
[2018.01.27-12.40.56:223][393]LogDirectoryWatcher: A directory notification for '../../../Engine/Plugins/Runtime/AppleARKit/Content/' was aborted.
[2018.01.27-12.40.56:223][393]LogDirectoryWatcher: A directory notification for '../../../Engine/Plugins/Runtime/Oculus/OculusVR/Content/' was aborted.
[2018.01.27-12.40.56:223][393]LogDirectoryWatcher: A directory notification for '../../../Engine/Plugins/Runtime/Steam/SteamVR/Content/' was aborted.
[2018.01.27-12.40.57:380][393]LogExit: Object subsystem successfully closed.
[2018.01.27-12.40.57:611][393]LogD3D11RHI: Shutdown
[2018.01.27-12.40.57:623][393]LogD3D11RHI: CleanupD3DDevice
[2018.01.27-12.40.57:666][393]LogD3D11RHI: ~FD3D11DynamicRHI
[2018.01.27-12.40.58:442][393]LogModuleManager: Shutting down and abandoning module MovieSceneCapture (556)
[2018.01.27-12.40.58:442][393]LogModuleManager: Shutting down and abandoning module HierarchicalLODOutliner (554)
[2018.01.27-12.40.58:442][393]LogModuleManager: Shutting down and abandoning module SceneOutliner (552)
[2018.01.27-12.40.58:450][393]LogModuleManager: Shutting down and abandoning module AddContentDialog (550)
[2018.01.27-12.40.58:466][393]LogDirectoryWatcher: A directory notification for 'D:/Program Files (x86)/UE_4.18/FeaturePacks/' was aborted.
[2018.01.27-12.40.58:483][393]LogModuleManager: Shutting down and abandoning module WidgetCarousel (549)
[2018.01.27-12.40.58:483][393]LogModuleManager: Shutting down and abandoning module EditorWidgets (546)
[2018.01.27-12.40.58:483][393]LogModuleManager: Shutting down and abandoning module CollectionManager (544)
[2018.01.27-12.40.58:492][393]LogDirectoryWatcher: A directory notification for 'C:/Users/kayle/Documents/GitHub/BearPressure/BearPressure/Content/Collections/' was aborted.
[2018.01.27-12.40.58:493][393]LogDirectoryWatcher: A directory notification for 'C:/Users/kayle/Documents/GitHub/BearPressure/BearPressure/Content/Developers/kayle/Collections/' was aborted.
[2018.01.27-12.40.58:493][393]LogDirectoryWatcher: A directory notification for 'C:/Users/kayle/Documents/GitHub/BearPressure/BearPressure/Saved/Collections/' was aborted.
[2018.01.27-12.40.58:493][393]LogModuleManager: Shutting down and abandoning module HierarchicalLODUtilities (542)
[2018.01.27-12.40.58:501][393]LogModuleManager: Shutting down and abandoning module StatsViewer (540)
[2018.01.27-12.40.58:506][393]LogModuleManager: Shutting down and abandoning module FoliageEdit (538)
[2018.01.27-12.40.58:514][393]LogModuleManager: Shutting down and abandoning module LandscapeEditor (536)
[2018.01.27-12.40.58:536][393]LogModuleManager: Shutting down and abandoning module MeshPaintMode (534)
[2018.01.27-12.40.58:546][393]LogModuleManager: Shutting down and abandoning module SceneDepthPickerMode (532)
[2018.01.27-12.40.58:546][393]LogModuleManager: Shutting down and abandoning module ActorPickerMode (530)
[2018.01.27-12.40.58:546][393]LogModuleManager: Shutting down and abandoning module GeometryMode (528)
[2018.01.27-12.40.58:546][393]LogModuleManager: Shutting down and abandoning module TextureAlignMode (526)
[2018.01.27-12.40.58:546][393]LogModuleManager: Shutting down and abandoning module BspMode (524)
[2018.01.27-12.40.58:546][393]LogModuleManager: Shutting down and abandoning module PIEPreviewDeviceProfileSelector (522)
[2018.01.27-12.40.58:546][393]LogModuleManager: Shutting down and abandoning module HardwareSurvey (520)
[2018.01.27-12.40.58:546][393]LogModuleManager: Shutting down and abandoning module SequenceRecorderSections (518)
[2018.01.27-12.40.58:552][393]LogModuleManager: Shutting down and abandoning module AutomationWorker (516)
[2018.01.27-12.40.58:558][393]LogModuleManager: Shutting down and abandoning module MatineeToLevelSequence (514)
[2018.01.27-12.40.58:567][393]LogModuleManager: Shutting down and abandoning module LevelSequenceEditor (512)
[2018.01.27-12.40.58:597][393]LogModuleManager: Shutting down and abandoning module PlacementMode (511)
[2018.01.27-12.40.58:598][393]LogModuleManager: Shutting down and abandoning module WmfMediaFactory (508)
[2018.01.27-12.40.58:598][393]LogModuleManager: Shutting down and abandoning module WmfMediaEditor (506)
[2018.01.27-12.40.58:598][393]LogModuleManager: Shutting down and abandoning module OpenExrWrapper (504)
[2018.01.27-12.40.58:598][393]LogModuleManager: Shutting down and abandoning module ImgMediaFactory (502)
[2018.01.27-12.40.58:598][393]LogModuleManager: Shutting down and abandoning module ImgMediaEditor (500)
[2018.01.27-12.40.58:598][393]LogModuleManager: Shutting down and abandoning module AvfMediaFactory (498)
[2018.01.27-12.40.58:598][393]LogModuleManager: Shutting down and abandoning module AvfMediaEditor (496)
[2018.01.27-12.40.58:598][393]LogModuleManager: Shutting down and abandoning module AndroidMediaFactory (494)
[2018.01.27-12.40.58:598][393]LogModuleManager: Shutting down and abandoning module AndroidMediaEditor (492)
[2018.01.27-12.40.58:598][393]LogModuleManager: Shutting down and abandoning module CharacterAI (490)
[2018.01.27-12.40.58:598][393]LogModuleManager: Shutting down and abandoning module AudioCapture (488)
[2018.01.27-12.40.58:600][393]LogModuleManager: Shutting down and abandoning module SequenceRecorder (487)
[2018.01.27-12.40.58:608][393]LogModuleManager: Shutting down and abandoning module SmartSnapping (484)
[2018.01.27-12.40.58:609][393]LogModuleManager: Shutting down and abandoning module SessionServices (482)
[2018.01.27-12.40.58:609][393]LogModuleManager: Shutting down and abandoning module ViewportSnapping (480)
[2018.01.27-12.40.58:609][393]LogModuleManager: Shutting down and abandoning module ViewportInteraction (478)
[2018.01.27-12.40.58:609][393]LogModuleManager: Shutting down and abandoning module ClothPainter (476)
[2018.01.27-12.40.58:628][393]LogModuleManager: Shutting down and abandoning module SkeletalMeshEditor (475)
[2018.01.27-12.40.58:637][393]LogModuleManager: Shutting down and abandoning module LogVisualizer (472)
[2018.01.27-12.40.58:649][393]LogModuleManager: Shutting down and abandoning module IntroTutorials (470)
[2018.01.27-12.40.58:674][393]LogModuleManager: Shutting down and abandoning module GameProjectGeneration (469)
[2018.01.27-12.40.58:696][393]LogModuleManager: Shutting down and abandoning module IOSPlatformEditor (466)
[2018.01.27-12.40.58:710][393]LogModuleManager: Shutting down and abandoning module HTML5PlatformEditor (464)
[2018.01.27-12.40.58:710][393]LogModuleManager: Shutting down and abandoning module AndroidPlatformEditor (462)
[2018.01.27-12.40.58:710][393]LogModuleManager: Shutting down and abandoning module AndroidDeviceDetection (461)
[2018.01.27-12.40.59:164][393]LogModuleManager: Shutting down and abandoning module WindowsPlatformEditor (458)
[2018.01.27-12.40.59:164][393]LogModuleManager: Shutting down and abandoning module IOSRuntimeSettings (456)
[2018.01.27-12.40.59:164][393]LogModuleManager: Shutting down and abandoning module AndroidRuntimeSettings (454)
[2018.01.27-12.40.59:164][393]LogModuleManager: Shutting down and abandoning module InputBindingEditor (452)
[2018.01.27-12.40.59:203][393]LogModuleManager: Shutting down and abandoning module MergeActors (450)
[2018.01.27-12.40.59:203][393]LogModuleManager: Shutting down and abandoning module SizeMap (448)
[2018.01.27-12.40.59:204][393]LogModuleManager: Shutting down and abandoning module TreeMap (446)
[2018.01.27-12.40.59:211][393]LogModuleManager: Shutting down and abandoning module ReferenceViewer (444)
[2018.01.27-12.40.59:211][393]LogModuleManager: Shutting down and abandoning module LocalizationDashboard (442)
[2018.01.27-12.40.59:223][393]LogModuleManager: Shutting down and abandoning module LocalizationService (441)
[2018.01.27-12.40.59:230][393]LogModuleManager: Shutting down and abandoning module HardwareTargeting (438)
[2018.01.27-12.40.59:230][393]LogModuleManager: Shutting down and abandoning module DeviceProfileEditor (436)
[2018.01.27-12.40.59:230][393]LogModuleManager: Shutting down and abandoning module UndoHistory (434)
[2018.01.27-12.40.59:230][393]LogModuleManager: Shutting down and abandoning module XmlParser (432)
[2018.01.27-12.40.59:240][393]LogModuleManager: Shutting down and abandoning module Blutility (430)
[2018.01.27-12.40.59:240][393]LogModuleManager: Shutting down and abandoning module ProjectSettingsViewer (428)
[2018.01.27-12.40.59:240][393]LogModuleManager: Shutting down and abandoning module ProjectTargetPlatformEditor (427)
[2018.01.27-12.40.59:240][393]LogModuleManager: Shutting down and abandoning module EditorSettingsViewer (424)
[2018.01.27-12.40.59:240][393]LogModuleManager: Shutting down and abandoning module SettingsEditor (422)
[2018.01.27-12.40.59:245][393]LogModuleManager: Shutting down and abandoning module ProjectLauncher (420)
[2018.01.27-12.40.59:261][393]LogModuleManager: Shutting down and abandoning module SessionFrontend (418)
[2018.01.27-12.40.59:271][393]LogModuleManager: Shutting down and abandoning module ProfilerClient (416)
[2018.01.27-12.40.59:277][393]LogModuleManager: Shutting down and abandoning module DeviceManager (414)
[2018.01.27-12.40.59:288][393]LogModuleManager: Shutting down and abandoning module TargetDeviceServices (413)
[2018.01.27-12.40.59:345][393]LogModuleManager: Shutting down and abandoning module AutomationController (410)
[2018.01.27-12.40.59:362][393]LogModuleManager: Shutting down and abandoning module AutomationWindow (408)
[2018.01.27-12.40.59:374][393]LogModuleManager: Shutting down and abandoning module Layers (406)
[2018.01.27-12.40.59:388][393]LogModuleManager: Shutting down and abandoning module ComponentVisualizers (404)
[2018.01.27-12.40.59:388][393]LogModuleManager: Shutting down and abandoning module DetailCustomizations (402)
[2018.01.27-12.40.59:418][393]LogModuleManager: Shutting down and abandoning module PackagesDialog (400)
[2018.01.27-12.40.59:429][393]LogModuleManager: Shutting down and abandoning module Persona (398)
[2018.01.27-12.40.59:462][393]LogModuleManager: Shutting down and abandoning module AdvancedPreviewScene (397)
[2018.01.27-12.40.59:462][393]LogModuleManager: Shutting down and abandoning module AnimGraph (395)
[2018.01.27-12.40.59:463][393]LogModuleManager: Shutting down and abandoning module Kismet (392)
[2018.01.27-12.40.59:486][393]LogModuleManager: Shutting down and abandoning module ClassViewer (390)
[2018.01.27-12.40.59:487][393]LogModuleManager: Shutting down and abandoning module Toolbox (388)
[2018.01.27-12.40.59:487][393]LogModuleManager: Shutting down and abandoning module ModuleUI (386)
[2018.01.27-12.40.59:494][393]LogModuleManager: Shutting down and abandoning module MovieSceneTools (384)
[2018.01.27-12.40.59:509][393]LogModuleManager: Shutting down and abandoning module OutputLog (382)
[2018.01.27-12.40.59:517][393]LogModuleManager: Shutting down and abandoning module GammaUI (380)
[2018.01.27-12.40.59:529][393]LogModuleManager: Shutting down and abandoning module Documentation (378)
[2018.01.27-12.40.59:529][393]LogModuleManager: Shutting down and abandoning module MovieSceneTracks (376)
[2018.01.27-12.40.59:529][393]LogModuleManager: Shutting down and abandoning module MovieScene (374)
[2018.01.27-12.40.59:529][393]LogModuleManager: Shutting down and abandoning module StreamingPauseRendering (372)
[2018.01.27-12.40.59:529][393]LogModuleManager: Shutting down and abandoning module LauncherPlatform (370)
[2018.01.27-12.40.59:529][393]LogModuleManager: Shutting down and abandoning module AnalyticsET (368)
[2018.01.27-12.40.59:529][393]LogModuleManager: Shutting down and abandoning module PortalServices (366)
[2018.01.27-12.40.59:529][393]LogModuleManager: Shutting down and abandoning module PortalRpc (364)
[2018.01.27-12.40.59:529][393]LogModuleManager: Shutting down and abandoning module MessagingRpc (362)
[2018.01.27-12.40.59:529][393]LogModuleManager: Shutting down and abandoning module AIModule (360)
[2018.01.27-12.40.59:530][393]LogModuleManager: Shutting down and abandoning module GameplayDebugger (359)
[2018.01.27-12.40.59:530][393]LogModuleManager: Shutting down and abandoning module AITestSuite (357)
[2018.01.27-12.40.59:539][393]LogModuleManager: Shutting down and abandoning module DesktopPlatform (354)
[2018.01.27-12.40.59:539][393]LogModuleManager: Shutting down and abandoning module ProfilerService (352)
[2018.01.27-12.40.59:601][393]LogModuleManager: Shutting down and abandoning module TaskGraph (350)
[2018.01.27-12.40.59:614][393]LogModuleManager: Shutting down and abandoning module SteamVRController (348)
[2018.01.27-12.40.59:614][393]LogModuleManager: Shutting down and abandoning module ProceduralMeshComponentEditor (346)
[2018.01.27-12.40.59:614][393]LogModuleManager: Shutting down and abandoning module ProceduralMeshComponent (344)
[2018.01.27-12.40.59:625][393]LogModuleManager: Shutting down and abandoning module OculusInput (342)
[2018.01.27-12.40.59:634][393]LogModuleManager: Shutting down and abandoning module MobilePatchingUtils (340)
[2018.01.27-12.40.59:635][393]LogModuleManager: Shutting down and abandoning module CustomMeshComponent (338)
[2018.01.27-12.40.59:635][393]LogModuleManager: Shutting down and abandoning module CableComponent (336)
[2018.01.27-12.40.59:644][393]LogModuleManager: Shutting down and abandoning module ArchVisCharacter (334)
[2018.01.27-12.40.59:644][393]LogModuleManager: Shutting down and abandoning module AndroidPermission (332)
[2018.01.27-12.40.59:644][393]LogModuleManager: Shutting down and abandoning module ActorSequence (328)
[2018.01.27-12.40.59:644][393]LogModuleManager: Shutting down and abandoning module MediaPlayerEditor (326)
[2018.01.27-12.40.59:669][393]LogModuleManager: Shutting down and abandoning module MediaCompositingEditor (324)
[2018.01.27-12.40.59:669][393]LogModuleManager: Shutting down and abandoning module MediaCompositing (322)
[2018.01.27-12.40.59:669][393]LogModuleManager: Shutting down and abandoning module LowEntryExtendedStandardLibraryEditor (320)
[2018.01.27-12.40.59:669][393]LogModuleManager: Shutting down and abandoning module HTML5Networking (318)
[2018.01.27-12.40.59:669][393]LogModuleManager: Shutting down and abandoning module AlembicImporter (316)
[2018.01.27-12.40.59:677][393]LogModuleManager: Shutting down and abandoning module AlembicLibrary (315)
[2018.01.27-12.40.59:677][393]LogModuleManager: Shutting down and abandoning module GeometryCache (314)
[2018.01.27-12.40.59:684][393]LogModuleManager: Shutting down and abandoning module GeometryCacheEd (313)
[2018.01.27-12.40.59:684][393]LogModuleManager: Shutting down and abandoning module SpeedTreeImporter (308)
[2018.01.27-12.40.59:684][393]LogModuleManager: Shutting down and abandoning module PluginBrowser (306)
[2018.01.27-12.40.59:704][393]LogModuleManager: Shutting down and abandoning module MobileLauncherProfileWizard (304)
[2018.01.27-12.40.59:713][393]LogModuleManager: Shutting down and abandoning module VisualStudioSourceCodeAccess (302)
[2018.01.27-12.40.59:713][393]LogModuleManager: Shutting down and abandoning module VisualStudioCodeSourceCodeAccess (300)
[2018.01.27-12.40.59:713][393]LogModuleManager: Shutting down and abandoning module UObjectPlugin (298)
[2018.01.27-12.40.59:713][393]LogModuleManager: Shutting down and abandoning module SubversionSourceControl (296)
[2018.01.27-12.40.59:750][393]LogModuleManager: Shutting down and abandoning module PerforceSourceControl (294)
[2018.01.27-12.40.59:760][393]LogModuleManager: Shutting down and abandoning module GitSourceControl (292)
[2018.01.27-12.40.59:793][393]LogModuleManager: Shutting down and abandoning module SourceControl (291)
[2018.01.27-12.40.59:803][393]LogModuleManager: Shutting down and abandoning module LightPropagationVolumeEditor (288)
[2018.01.27-12.40.59:803][393]LogModuleManager: Shutting down and abandoning module PaperTiledImporter (286)
[2018.01.27-12.40.59:803][393]LogModuleManager: Shutting down and abandoning module PaperSpriteSheetImporter (284)
[2018.01.27-12.40.59:803][393]LogModuleManager: Shutting down and abandoning module Paper2DEditor (282)
[2018.01.27-12.40.59:821][393]LogModuleManager: Shutting down and abandoning module MeshPaint (281)
[2018.01.27-12.40.59:829][393]LogModuleManager: Shutting down and abandoning module LevelEditor (279)
[2018.01.27-12.40.59:835][393]LogModuleManager: Shutting down and abandoning module PixelInspectorModule (278)
[2018.01.27-12.40.59:843][393]LogModuleManager: Shutting down and abandoning module MainFrame (276)
[2018.01.27-12.40.59:852][393]LogModuleManager: Shutting down and abandoning module HotReload (275)
[2018.01.27-12.40.59:879][393]LogModuleManager: Shutting down and abandoning module RuntimePhysXCooking (270)
[2018.01.27-12.40.59:879][393]LogModuleManager: Shutting down and abandoning module PhysXVehiclesEditor (268)
[2018.01.27-12.40.59:879][393]LogModuleManager: Shutting down and abandoning module PhysXVehicles (266)
[2018.01.27-12.40.59:879][393]LogModuleManager: Shutting down and abandoning module OculusEditor (264)
[2018.01.27-12.40.59:879][393]LogModuleManager: Shutting down and abandoning module LocationServicesBPLibrary (262)
[2018.01.27-12.40.59:879][393]LogModuleManager: Shutting down and abandoning module ImmediatePhysicsEditor (260)
[2018.01.27-12.40.59:879][393]LogModuleManager: Shutting down and abandoning module ImmediatePhysics (258)
[2018.01.27-12.40.59:892][393]LogModuleManager: Shutting down and abandoning module UdpMessaging (256)
[2018.01.27-12.41.00:003][393]LogModuleManager: Shutting down and abandoning module TcpMessaging (254)
[2018.01.27-12.41.00:113][393]LogModuleManager: Shutting down and abandoning module LowEntryExtendedStandardLibrary (252)
[2018.01.27-12.41.00:113][393]LogModuleManager: Shutting down and abandoning module GameplayTagsEditor (250)
[2018.01.27-12.41.00:121][393]LogModuleManager: Shutting down and abandoning module FacialAnimationEditor (248)
[2018.01.27-12.41.00:121][393]LogModuleManager: Shutting down and abandoning module FacialAnimation (246)
[2018.01.27-12.41.00:121][393]LogModuleManager: Shutting down and abandoning module AssetManagerEditor (244)
[2018.01.27-12.41.00:139][393]LogModuleManager: Shutting down and abandoning module GraphEditor (243)
[2018.01.27-12.41.00:167][393]LogModuleManager: Shutting down and abandoning module ContentBrowser (241)
[2018.01.27-12.41.00:170][393]LogModuleManager: Shutting down and abandoning module LightPropagationVolumeRuntime (238)
[2018.01.27-12.41.00:170][393]LogModuleManager: Shutting down and abandoning module Paper2D (236)
[2018.01.27-12.41.00:170][393]LogModuleManager: Shutting down and abandoning module WindowsMoviePlayer (234)
[2018.01.27-12.41.00:178][393]LogModuleManager: Shutting down and abandoning module WmfMedia (232)
[2018.01.27-12.41.00:188][393]LogModuleManager: Shutting down and abandoning module ImgMedia (230)
[2018.01.27-12.41.00:188][393]LogModuleManager: Shutting down and abandoning module PacketHandler (228)
[2018.01.27-12.41.00:188][393]LogModuleManager: Shutting down and abandoning module ClothingSystemEditor (226)
[2018.01.27-12.41.00:189][393]LogModuleManager: Shutting down and abandoning module ClothingSystemRuntime (224)
[2018.01.27-12.41.00:194][393]LogModuleManager: Shutting down and abandoning module MediaAssets (222)
[2018.01.27-12.41.00:194][393]LogModuleManager: Shutting down and abandoning module Media (221)
[2018.01.27-12.41.00:200][393]LogModuleManager: Shutting down and abandoning module Overlay (218)
[2018.01.27-12.41.00:200][393]LogModuleManager: Shutting down and abandoning module OverlayEditor (217)
[2018.01.27-12.41.00:200][393]LogModuleManager: Shutting down and abandoning module VREditor (214)
[2018.01.27-12.41.00:219][393]LogModuleManager: Shutting down and abandoning module StringTableEditor (212)
[2018.01.27-12.41.00:228][393]LogModuleManager: Shutting down and abandoning module GameplayTasksEditor (210)
[2018.01.27-12.41.00:228][393]LogModuleManager: Shutting down and abandoning module BehaviorTreeEditor (208)
[2018.01.27-12.41.00:255][393]LogModuleManager: Shutting down and abandoning module FunctionalTesting (206)
[2018.01.27-12.41.00:260][393]LogModuleManager: Shutting down and abandoning module CollisionAnalyzer (204)
[2018.01.27-12.41.00:272][393]LogModuleManager: Shutting down and abandoning module WorkspaceMenuStructure (203)
[2018.01.27-12.41.00:272][393]LogModuleManager: Shutting down and abandoning module UMG (200)
[2018.01.27-12.41.00:281][393]LogModuleManager: Shutting down and abandoning module UMGEditor (199)
[2018.01.27-12.41.00:303][393]LogModuleManager: Shutting down and abandoning module Sequencer (198)
[2018.01.27-12.41.00:335][393]LogModuleManager: Shutting down and abandoning module MessageLog (195)
[2018.01.27-12.41.00:335][393]LogModuleManager: Shutting down and abandoning module SlateReflector (190)
[2018.01.27-12.41.00:359][393]LogModuleManager: Shutting down and abandoning module Slate (188)
[2018.01.27-12.41.00:359][393]LogModuleManager: Shutting down and abandoning module EditorStyle (186)
[2018.01.27-12.41.00:397][393]LogModuleManager: Shutting down and abandoning module MRMesh (184)
[2018.01.27-12.41.00:397][393]LogModuleManager: Shutting down and abandoning module SourceCodeAccess (182)
[2018.01.27-12.41.00:397][393]LogModuleManager: Shutting down and abandoning module HeadMountedDisplay (180)
[2018.01.27-12.41.00:397][393]LogModuleManager: Shutting down and abandoning module XAudio2 (178)
[2018.01.27-12.41.00:397][393]LogModuleManager: Shutting down and abandoning module Networking (176)
[2018.01.27-12.41.00:397][393]LogModuleManager: Shutting down and abandoning module Core (172)
[2018.01.27-12.41.00:397][393]LogModuleManager: Shutting down and abandoning module LevelSequence (168)
[2018.01.27-12.41.00:403][393]LogModuleManager: Shutting down and abandoning module DirectoryWatcher (166)
[2018.01.27-12.41.00:413][393]LogModuleManager: Shutting down and abandoning module KismetCompiler (164)
[2018.01.27-12.41.00:413][393]LogModuleManager: Shutting down and abandoning module MeshUtilities (162)
[2018.01.27-12.41.00:419][393]LogModuleManager: Shutting down and abandoning module MeshMergeUtilities (161)
[2018.01.27-12.41.00:424][393]LogModuleManager: Shutting down and abandoning module MeshReductionInterface (160)
[2018.01.27-12.41.00:425][393]LogModuleManager: Shutting down and abandoning module SimplygonSwarm (159)
[2018.01.27-12.41.00:429][393]LogModuleManager: Shutting down and abandoning module SimplygonMeshReduction (157)
[2018.01.27-12.41.00:430][393]LogModuleManager: Shutting down and abandoning module QuadricMeshReduction (155)
[2018.01.27-12.41.00:437][393]LogModuleManager: Shutting down and abandoning module MaterialBaking (151)
[2018.01.27-12.41.00:445][393]LogModuleManager: Shutting down and abandoning module DerivedDataCache (148)
[2018.01.27-12.41.00:497][393]LogDerivedDataCache: Shutdown
[2018.01.27-12.41.00:497][393]LogModuleManager: Shutting down and abandoning module TargetPlatform (146)
[2018.01.27-12.41.00:498][393]LogModuleManager: Shutting down and abandoning module VulkanShaderFormat (145)
[2018.01.27-12.41.00:507][393]LogModuleManager: Shutting down and abandoning module ShaderFormatVectorVM (143)
[2018.01.27-12.41.00:515][393]LogModuleManager: Shutting down and abandoning module ShaderFormatOpenGL (141)
[2018.01.27-12.41.00:520][393]LogModuleManager: Shutting down and abandoning module ShaderFormatD3D (139)
[2018.01.27-12.41.00:531][393]LogModuleManager: Shutting down and abandoning module MetalShaderFormat (137)
[2018.01.27-12.41.00:535][393]LogModuleManager: Shutting down and abandoning module TextureFormatUncompressed (135)
[2018.01.27-12.41.00:535][393]LogModuleManager: Shutting down and abandoning module TextureFormatPVR (133)
[2018.01.27-12.41.00:535][393]LogModuleManager: Shutting down and abandoning module TextureFormatDXT (131)
[2018.01.27-12.41.00:543][393]LogModuleManager: Shutting down and abandoning module TextureFormatIntelISPCTexComp (129)
[2018.01.27-12.41.00:544][393]LogModuleManager: Shutting down and abandoning module TextureFormatASTC (127)
[2018.01.27-12.41.00:544][393]LogModuleManager: Shutting down and abandoning module ImageWrapper (126)
[2018.01.27-12.41.00:544][393]LogModuleManager: Shutting down and abandoning module TextureFormatAndroid (123)
[2018.01.27-12.41.00:544][393]LogModuleManager: Shutting down and abandoning module AudioFormatOpus (121)
[2018.01.27-12.41.00:545][393]LogModuleManager: Shutting down and abandoning module AudioFormatOgg (119)
[2018.01.27-12.41.00:545][393]LogModuleManager: Shutting down and abandoning module AudioFormatADPCM (117)
[2018.01.27-12.41.00:545][393]LogModuleManager: Shutting down and abandoning module LinuxTargetPlatform (115)
[2018.01.27-12.41.00:545][393]LogModuleManager: Shutting down and abandoning module LinuxServerTargetPlatform (113)
[2018.01.27-12.41.00:545][393]LogModuleManager: Shutting down and abandoning module LinuxNoEditorTargetPlatform (111)
[2018.01.27-12.41.00:545][393]LogModuleManager: Shutting down and abandoning module LinuxClientTargetPlatform (109)
[2018.01.27-12.41.00:545][393]LogModuleManager: Shutting down and abandoning module TVOSTargetPlatform (107)
[2018.01.27-12.41.00:546][393]LogModuleManager: Shutting down and abandoning module Messaging (105)
[2018.01.27-12.41.00:546][393]LogModuleManager: Shutting down and abandoning module IOSTargetPlatform (103)
[2018.01.27-12.41.00:546][393]LogModuleManager: Shutting down and abandoning module HTML5TargetPlatform (101)
[2018.01.27-12.41.00:546][393]LogModuleManager: Shutting down and abandoning module AndroidTargetPlatform (99)
[2018.01.27-12.41.00:547][393]LogModuleManager: Shutting down and abandoning module Android_PVRTCTargetPlatform (97)
[2018.01.27-12.41.00:547][393]LogModuleManager: Shutting down and abandoning module Android_MultiTargetPlatform (95)
[2018.01.27-12.41.00:547][393]LogModuleManager: Shutting down and abandoning module Android_ETC2TargetPlatform (93)
[2018.01.27-12.41.00:547][393]LogModuleManager: Shutting down and abandoning module Android_ETC1TargetPlatform (91)
[2018.01.27-12.41.00:547][393]LogModuleManager: Shutting down and abandoning module Android_DXTTargetPlatform (89)
[2018.01.27-12.41.00:547][393]LogModuleManager: Shutting down and abandoning module Android_ATCTargetPlatform (87)
[2018.01.27-12.41.00:547][393]LogModuleManager: Shutting down and abandoning module Android_ASTCTargetPlatform (85)
[2018.01.27-12.41.00:547][393]LogModuleManager: Shutting down and abandoning module WindowsTargetPlatform (83)
[2018.01.27-12.41.00:547][393]LogModuleManager: Shutting down and abandoning module WindowsServerTargetPlatform (81)
[2018.01.27-12.41.00:547][393]LogModuleManager: Shutting down and abandoning module WindowsNoEditorTargetPlatform (79)
[2018.01.27-12.41.00:547][393]LogModuleManager: Shutting down and abandoning module WindowsClientTargetPlatform (77)
[2018.01.27-12.41.00:547][393]LogModuleManager: Shutting down and abandoning module MacTargetPlatform (75)
[2018.01.27-12.41.00:548][393]LogModuleManager: Shutting down and abandoning module MacServerTargetPlatform (73)
[2018.01.27-12.41.00:548][393]LogModuleManager: Shutting down and abandoning module MacNoEditorTargetPlatform (71)
[2018.01.27-12.41.00:548][393]LogModuleManager: Shutting down and abandoning module MacClientTargetPlatform (69)
[2018.01.27-12.41.00:548][393]LogModuleManager: Shutting down and abandoning module AllDesktopTargetPlatform (67)
[2018.01.27-12.41.00:548][393]LogModuleManager: Shutting down and abandoning module InputCore (64)
[2018.01.27-12.41.00:548][393]LogModuleManager: Shutting down and abandoning module Settings (62)
[2018.01.27-12.41.00:548][393]LogModuleManager: Shutting down and abandoning module PhysXCooking (60)
[2018.01.27-12.41.00:548][393]LogModuleManager: Shutting down and abandoning module SteamVR (58)
[2018.01.27-12.41.00:548][393]LogModuleManager: Shutting down and abandoning module OculusHMD (56)
[2018.01.27-12.41.00:560][393]LogModuleManager: Shutting down and abandoning module ExampleDeviceProfileSelector (54)
[2018.01.27-12.41.00:561][393]LogModuleManager: Shutting down and abandoning module AppleARKit (52)
[2018.01.27-12.41.00:561][393]LogModuleManager: Shutting down and abandoning module AugmentedReality (51)
[2018.01.27-12.41.00:561][393]LogModuleManager: Shutting down and abandoning module OnlineBlueprintSupport (48)
[2018.01.27-12.41.00:561][393]LogModuleManager: Shutting down and abandoning module OnlineSubsystem (44)
[2018.01.27-12.41.00:602][393]LogModuleManager: Shutting down and abandoning module XMPP (43)
[2018.01.27-12.41.00:614][393]LogModuleManager: Shutting down and abandoning module HTTP (41)
[2018.01.27-12.41.00:614][393]LogHttp: Display: Http module shutting down, but needs to wait on 1 outstanding Http requests:
[2018.01.27-12.41.00:640][393]LogHttp: Display: 	verb=[POST] url=[https://datarouter.ol.epicgames.com/datarouter/api/v1/public/data?SessionID=%7B675762E8-41FC-DA41-1B26-74A794BFF975%7D&AppID=UEEditor.Rocket.Release&AppVersion=4.18.1-3754814%2B%2B%2BUE4%2BRelease-4.18&UserID=ea33bbea4b84d0d738b19da739e5f470%7Cbc0c0699a57745b2a47ce903e479ce3e%7C8a86383b-0e7c-48cb-9bae-b3046d4f9d0c&AppEnvironment=datacollector-binary&UploadType=eteventstream] status=Processing
[2018.01.27-12.41.00:655][393]LogModuleManager: Shutting down and abandoning module SSL (40)
[2018.01.27-12.41.00:685][393]LogModuleManager: Shutting down and abandoning module AnimationModifiers (36)
[2018.01.27-12.41.00:694][393]LogModuleManager: Shutting down and abandoning module PropertyEditor (35)
[2018.01.27-12.41.00:695][393]LogModuleManager: Shutting down and abandoning module AudioEditor (32)
[2018.01.27-12.41.00:705][393]LogModuleManager: Shutting down and abandoning module TextureCompressor (30)
[2018.01.27-12.41.00:717][393]LogModuleManager: Shutting down and abandoning module ShaderCore (28)
[2018.01.27-12.41.00:717][393]LogModuleManager: Shutting down and abandoning module Landscape (26)
[2018.01.27-12.41.00:717][393]LogModuleManager: Shutting down and abandoning module SlateRHIRenderer (24)
[2018.01.27-12.41.00:736][393]LogModuleManager: Shutting down and abandoning module OpenGLDrv (22)
[2018.01.27-12.41.00:747][393]LogModuleManager: Shutting down and abandoning module D3D11RHI (20)
[2018.01.27-12.41.00:747][393]LogModuleManager: Shutting down and abandoning module AnimGraphRuntime (18)
[2018.01.27-12.41.00:756][393]LogModuleManager: Shutting down and abandoning module Renderer (16)
[2018.01.27-12.41.00:756][393]LogModuleManager: Shutting down and abandoning module Engine (14)
[2018.01.27-12.41.00:773][393]LogModuleManager: Shutting down and abandoning module CoreUObject (12)
[2018.01.27-12.41.00:773][393]LogModuleManager: Shutting down and abandoning module NetworkFile (10)
[2018.01.27-12.41.00:784][393]LogModuleManager: Shutting down and abandoning module CookedIterativeFile (8)
[2018.01.27-12.41.00:784][393]LogModuleManager: Shutting down and abandoning module StreamingFile (6)
[2018.01.27-12.41.00:792][393]LogModuleManager: Shutting down and abandoning module SandboxFile (4)
[2018.01.27-12.41.00:800][393]LogModuleManager: Shutting down and abandoning module PakFile (2)
[2018.01.27-12.41.00:819][393]LogExit: Exiting.
[2018.01.27-12.41.00:857][393]Log file closed, 01/27/18 13:41:00
